#
# There is insufficient memory for the Java Runtime Environment to continue.
# Native memory allocation (malloc) failed to allocate 892256 bytes for Chunk::new
# Possible reasons:
#   The system is out of physical RAM or swap space
#   In 32 bit mode, the process size limit was hit
# Possible solutions:
#   Reduce memory load on the system
#   Increase physical memory or swap space
#   Check if swap backing store is full
#   Use 64 bit Java on a 64 bit OS
#   Decrease Java heap size (-Xmx/-Xms)
#   Decrease number of Java threads
#   Decrease Java thread stack sizes (-Xss)
#   Set larger code cache with -XX:ReservedCodeCacheSize=
# This output file may be truncated or incomplete.
#
#  Out of Memory Error (allocation.cpp:388), pid=69240, tid=68616
#
# JRE version: Java(TM) SE Runtime Environment (8.0_05-b13) (build 1.8.0_05-b13)
# Java VM: Java HotSpot(TM) 64-Bit Server VM (25.5-b02 mixed mode windows-amd64 compressed oops)
# Failed to write core dump. Minidumps are not enabled by default on client versions of Windows
#

---------------  T H R E A D  ---------------

Current thread (0x00000000199a1800):  JavaThread "C2 CompilerThread2" daemon [_thread_in_native, id=68616, stack(0x000000001a170000,0x000000001a270000)]

Stack: [0x000000001a170000,0x000000001a270000]
Native frames: (J=compiled Java code, j=interpreted, Vv=VM code, C=native code)
V  [jvm.dll+0x308dea]
V  [jvm.dll+0x25def1]
V  [jvm.dll+0x25eb0f]
V  [jvm.dll+0x2564e5]
V  [jvm.dll+0xbcfc5]
V  [jvm.dll+0xbd45c]
V  [jvm.dll+0x44d422]
V  [jvm.dll+0x48e13f]
V  [jvm.dll+0x442464]
V  [jvm.dll+0x44366b]
V  [jvm.dll+0x427532]
V  [jvm.dll+0x96702]
V  [jvm.dll+0x96ef3]
V  [jvm.dll+0x2232c4]
V  [jvm.dll+0x27baca]
C  [msvcr100.dll+0x21d9f]
C  [msvcr100.dll+0x21e3b]
C  [KERNEL32.DLL+0x16ad]
C  [ntdll.dll+0x6e954]


Current CompileTask:
C2:    419  452       4       sun.java2d.pipe.DrawImage::scaleImage (68 bytes)


---------------  P R O C E S S  ---------------

Java Threads: ( => current thread )
  0x0000000002920800 JavaThread "DestroyJavaVM" [_thread_blocked, id=69036, stack(0x0000000002760000,0x0000000002860000)]
  0x000000001c2db800 JavaThread "Thread-2" [_thread_blocked, id=67648, stack(0x000000001cc40000,0x000000001cd40000)]
  0x000000001c2d8800 JavaThread "D3D Screen Updater" daemon [_thread_blocked, id=69112, stack(0x000000001cb40000,0x000000001cc40000)]
  0x000000001c2b8000 JavaThread "AWT-EventQueue-0" [_thread_in_native, id=69124, stack(0x000000001d330000,0x000000001d430000)]
  0x000000001c261000 JavaThread "Image Fetcher 0" daemon [_thread_blocked, id=69196, stack(0x000000001d230000,0x000000001d330000)]
  0x0000000019d5c800 JavaThread "AWT-Windows" daemon [_thread_in_native, id=68052, stack(0x000000001aa60000,0x000000001ab60000)]
  0x0000000019d57800 JavaThread "AWT-Shutdown" [_thread_blocked, id=47192, stack(0x000000001a960000,0x000000001aa60000)]
  0x0000000019d56000 JavaThread "Java2D Disposer" daemon [_thread_blocked, id=68224, stack(0x000000001a860000,0x000000001a960000)]
  0x0000000019a38800 JavaThread "Service Thread" daemon [_thread_blocked, id=68816, stack(0x000000001a370000,0x000000001a470000)]
  0x00000000199a6800 JavaThread "C1 CompilerThread3" daemon [_thread_blocked, id=67596, stack(0x000000001a270000,0x000000001a370000)]
=>0x00000000199a1800 JavaThread "C2 CompilerThread2" daemon [_thread_in_native, id=68616, stack(0x000000001a170000,0x000000001a270000)]
  0x000000001999e000 JavaThread "C2 CompilerThread1" daemon [_thread_in_native, id=63720, stack(0x000000001a070000,0x000000001a170000)]
  0x0000000019995000 JavaThread "C2 CompilerThread0" daemon [_thread_in_native, id=68612, stack(0x0000000019f70000,0x000000001a070000)]
  0x0000000019993800 JavaThread "Attach Listener" daemon [_thread_blocked, id=63064, stack(0x0000000019e70000,0x0000000019f70000)]
  0x00000000179ae800 JavaThread "Signal Dispatcher" daemon [_thread_blocked, id=69524, stack(0x0000000019d70000,0x0000000019e70000)]
  0x0000000002a19800 JavaThread "Finalizer" daemon [_thread_blocked, id=68636, stack(0x0000000019870000,0x0000000019970000)]
  0x0000000002a10000 JavaThread "Reference Handler" daemon [_thread_blocked, id=68688, stack(0x0000000019770000,0x0000000019870000)]

Other Threads:
  0x0000000017998800 VMThread [stack: 0x0000000019670000,0x0000000019770000] [id=68448]
  0x0000000019a3b000 WatcherThread [stack: 0x000000001a470000,0x000000001a570000] [id=68700]

VM state:not at safepoint (normal execution)

VM Mutex/Monitor currently owned by a thread: None

Heap:
 PSYoungGen      total 2560K, used 1925K [0x00000000d5f00000, 0x00000000d6200000, 0x0000000100000000)
  eden space 2048K, 69% used [0x00000000d5f00000,0x00000000d6061788,0x00000000d6100000)
  from space 512K, 100% used [0x00000000d6180000,0x00000000d6200000,0x00000000d6200000)
  to   space 512K, 0% used [0x00000000d6100000,0x00000000d6100000,0x00000000d6180000)
 ParOldGen       total 129536K, used 1064K [0x0000000081c00000, 0x0000000089a80000, 0x00000000d5f00000)
  object space 129536K, 0% used [0x0000000081c00000,0x0000000081d0a050,0x0000000089a80000)
 Metaspace       used 9296K, capacity 9402K, committed 9728K, reserved 1058816K
  class space    used 1114K, capacity 1177K, committed 1280K, reserved 1048576K

Card table byte_map: [0x0000000011de0000,0x00000000121e0000] byte_map_base: 0x00000000119d2000

Marking Bits: (ParMarkBitMap*) 0x00000000755b13b0
 Begin Bits: [0x0000000012c90000, 0x0000000014c20000)
 End Bits:   [0x0000000014c20000, 0x0000000016bb0000)

Polling page: 0x0000000000e40000

CodeCache: size=245760Kb used=2073Kb max_used=2082Kb free=243686Kb
 bounds [0x0000000002a20000, 0x0000000002c90000, 0x0000000011a20000]
 total_blobs=930 nmethods=465 adapters=379
 compilation: enabled

Compilation events (10 events):
Event: 0.385 Thread 0x00000000199a6800 nmethod 459 0x0000000002c23890 code [0x0000000002c239e0, 0x0000000002c23b10]
Event: 0.388 Thread 0x00000000199a6800  460       1       java.awt.Component::getWidth (5 bytes)
Event: 0.388 Thread 0x00000000199a6800 nmethod 460 0x0000000002c25b10 code [0x0000000002c25c60, 0x0000000002c25d70]
Event: 0.388 Thread 0x00000000199a6800  462       3       java.awt.Component::getParent (5 bytes)
Event: 0.388 Thread 0x00000000199a6800 nmethod 462 0x0000000002c25750 code [0x0000000002c258a0, 0x0000000002c25a90]
Event: 0.388 Thread 0x00000000199a6800  461       1       java.awt.Component::getHeight (5 bytes)
Event: 0.388 Thread 0x00000000199a6800 nmethod 461 0x0000000002c25490 code [0x0000000002c255e0, 0x0000000002c256f0]
Event: 0.389 Thread 0x0000000019995000  463   !   4       sun.awt.image.SurfaceManager::getManager (47 bytes)
Event: 0.391 Thread 0x0000000019995000 nmethod 463 0x0000000002c28010 code [0x0000000002c28180, 0x0000000002c28338]
Event: 0.391 Thread 0x0000000019995000  465  s    4       sun.awt.image.ToolkitImage::getHeight (48 bytes)

GC Heap History (8 events):
Event: 0.078 GC heap before
{Heap before GC invocations=1 (full 0):
 PSYoungGen      total 1024K, used 510K [0x00000000d5f00000, 0x00000000d6080000, 0x0000000100000000)
  eden space 512K, 99% used [0x00000000d5f00000,0x00000000d5f7faf0,0x00000000d5f80000)
  from space 512K, 0% used [0x00000000d6000000,0x00000000d6000000,0x00000000d6080000)
  to   space 512K, 0% used [0x00000000d5f80000,0x00000000d5f80000,0x00000000d6000000)
 ParOldGen       total 129536K, used 0K [0x0000000081c00000, 0x0000000089a80000, 0x00000000d5f00000)
  object space 129536K, 0% used [0x0000000081c00000,0x0000000081c00000,0x0000000089a80000)
 Metaspace       used 3087K, capacity 4594K, committed 4864K, reserved 1056768K
  class space    used 334K, capacity 418K, committed 512K, reserved 1048576K
Event: 0.079 GC heap after
Heap after GC invocations=1 (full 0):
 PSYoungGen      total 1024K, used 496K [0x00000000d5f00000, 0x00000000d6100000, 0x0000000100000000)
  eden space 512K, 0% used [0x00000000d5f00000,0x00000000d5f00000,0x00000000d5f80000)
  from space 512K, 96% used [0x00000000d5f80000,0x00000000d5ffc010,0x00000000d6000000)
  to   space 512K, 0% used [0x00000000d6080000,0x00000000d6080000,0x00000000d6100000)
 ParOldGen       total 129536K, used 8K [0x0000000081c00000, 0x0000000089a80000, 0x00000000d5f00000)
  object space 129536K, 0% used [0x0000000081c00000,0x0000000081c02000,0x0000000089a80000)
 Metaspace       used 3087K, capacity 4594K, committed 4864K, reserved 1056768K
  class space    used 334K, capacity 418K, committed 512K, reserved 1048576K
}
Event: 0.132 GC heap before
{Heap before GC invocations=2 (full 0):
 PSYoungGen      total 1024K, used 1008K [0x00000000d5f00000, 0x00000000d6100000, 0x0000000100000000)
  eden space 512K, 100% used [0x00000000d5f00000,0x00000000d5f80000,0x00000000d5f80000)
  from space 512K, 96% used [0x00000000d5f80000,0x00000000d5ffc010,0x00000000d6000000)
  to   space 512K, 0% used [0x00000000d6080000,0x00000000d6080000,0x00000000d6100000)
 ParOldGen       total 129536K, used 8K [0x0000000081c00000, 0x0000000089a80000, 0x00000000d5f00000)
  object space 129536K, 0% used [0x0000000081c00000,0x0000000081c02000,0x0000000089a80000)
 Metaspace       used 4780K, capacity 4888K, committed 4992K, reserved 1056768K
  class space    used 529K, capacity 563K, committed 640K, reserved 1048576K
Event: 0.133 GC heap after
Heap after GC invocations=2 (full 0):
 PSYoungGen      total 1536K, used 496K [0x00000000d5f00000, 0x00000000d6100000, 0x0000000100000000)
  eden space 1024K, 0% used [0x00000000d5f00000,0x00000000d5f00000,0x00000000d6000000)
  from space 512K, 96% used [0x00000000d6080000,0x00000000d60fc010,0x00000000d6100000)
  to   space 512K, 0% used [0x00000000d6000000,0x00000000d6000000,0x00000000d6080000)
 ParOldGen       total 129536K, used 88K [0x0000000081c00000, 0x0000000089a80000, 0x00000000d5f00000)
  object space 129536K, 0% used [0x0000000081c00000,0x0000000081c16000,0x0000000089a80000)
 Metaspace       used 4780K, capacity 4888K, committed 4992K, reserved 1056768K
  class space    used 529K, capacity 563K, committed 640K, reserved 1048576K
}
Event: 0.208 GC heap before
{Heap before GC invocations=3 (full 0):
 PSYoungGen      total 1536K, used 1520K [0x00000000d5f00000, 0x00000000d6100000, 0x0000000100000000)
  eden space 1024K, 100% used [0x00000000d5f00000,0x00000000d6000000,0x00000000d6000000)
  from space 512K, 96% used [0x00000000d6080000,0x00000000d60fc010,0x00000000d6100000)
  to   space 512K, 0% used [0x00000000d6000000,0x00000000d6000000,0x00000000d6080000)
 ParOldGen       total 129536K, used 88K [0x0000000081c00000, 0x0000000089a80000, 0x00000000d5f00000)
  object space 129536K, 0% used [0x0000000081c00000,0x0000000081c16000,0x0000000089a80000)
 Metaspace       used 6050K, capacity 6178K, committed 6400K, reserved 1056768K
  class space    used 685K, capacity 724K, committed 768K, reserved 1048576K
Event: 0.209 GC heap after
Heap after GC invocations=3 (full 0):
 PSYoungGen      total 1536K, used 512K [0x00000000d5f00000, 0x00000000d6200000, 0x0000000100000000)
  eden space 1024K, 0% used [0x00000000d5f00000,0x00000000d5f00000,0x00000000d6000000)
  from space 512K, 100% used [0x00000000d6000000,0x00000000d6080000,0x00000000d6080000)
  to   space 512K, 0% used [0x00000000d6180000,0x00000000d6180000,0x00000000d6200000)
 ParOldGen       total 129536K, used 464K [0x0000000081c00000, 0x0000000089a80000, 0x00000000d5f00000)
  object space 129536K, 0% used [0x0000000081c00000,0x0000000081c74010,0x0000000089a80000)
 Metaspace       used 6050K, capacity 6178K, committed 6400K, reserved 1056768K
  class space    used 685K, capacity 724K, committed 768K, reserved 1048576K
}
Event: 0.314 GC heap before
{Heap before GC invocations=4 (full 0):
 PSYoungGen      total 1536K, used 1536K [0x00000000d5f00000, 0x00000000d6200000, 0x0000000100000000)
  eden space 1024K, 100% used [0x00000000d5f00000,0x00000000d6000000,0x00000000d6000000)
  from space 512K, 100% used [0x00000000d6000000,0x00000000d6080000,0x00000000d6080000)
  to   space 512K, 0% used [0x00000000d6180000,0x00000000d6180000,0x00000000d6200000)
 ParOldGen       total 129536K, used 464K [0x0000000081c00000, 0x0000000089a80000, 0x00000000d5f00000)
  object space 129536K, 0% used [0x0000000081c00000,0x0000000081c74010,0x0000000089a80000)
 Metaspace       used 8979K, capacity 9114K, committed 9344K, reserved 1056768K
  class space    used 1084K, capacity 1145K, committed 1152K, reserved 1048576K
Event: 0.316 GC heap after
Heap after GC invocations=4 (full 0):
 PSYoungGen      total 2560K, used 512K [0x00000000d5f00000, 0x00000000d6200000, 0x0000000100000000)
  eden space 2048K, 0% used [0x00000000d5f00000,0x00000000d5f00000,0x00000000d6100000)
  from space 512K, 100% used [0x00000000d6180000,0x00000000d6200000,0x00000000d6200000)
  to   space 512K, 0% used [0x00000000d6100000,0x00000000d6100000,0x00000000d6180000)
 ParOldGen       total 129536K, used 1064K [0x0000000081c00000, 0x0000000089a80000, 0x00000000d5f00000)
  object space 129536K, 0% used [0x0000000081c00000,0x0000000081d0a050,0x0000000089a80000)
 Metaspace       used 8979K, capacity 9114K, committed 9344K, reserved 1056768K
  class space    used 1084K, capacity 1145K, committed 1152K, reserved 1048576K
}

Deoptimization events (0 events):
No events

Internal exceptions (10 events):
Event: 0.204 Thread 0x0000000002920800 Exception <a 'java/security/PrivilegedActionException'> (0x00000000d5fe6510) thrown at [D:\re\workspace\8-2-build-windows-amd64-cygwin\jdk8u5\2488\hotspot\src\share\vm\prims\jvm.cpp, line 1248]
Event: 0.204 Thread 0x0000000002920800 Exception <a 'java/security/PrivilegedActionException'> (0x00000000d5fe7698) thrown at [D:\re\workspace\8-2-build-windows-amd64-cygwin\jdk8u5\2488\hotspot\src\share\vm\prims\jvm.cpp, line 1248]
Event: 0.224 Thread 0x0000000002920800 Exception <a 'java/security/PrivilegedActionException'> (0x00000000d5f379a8) thrown at [D:\re\workspace\8-2-build-windows-amd64-cygwin\jdk8u5\2488\hotspot\src\share\vm\prims\jvm.cpp, line 1248]
Event: 0.235 Thread 0x0000000002920800 Exception <a 'java/security/PrivilegedActionException'> (0x00000000d5f4c128) thrown at [D:\re\workspace\8-2-build-windows-amd64-cygwin\jdk8u5\2488\hotspot\src\share\vm\prims\jvm.cpp, line 1248]
Event: 0.248 Thread 0x0000000002920800 Exception <a 'java/security/PrivilegedActionException'> (0x00000000d5f7e158) thrown at [D:\re\workspace\8-2-build-windows-amd64-cygwin\jdk8u5\2488\hotspot\src\share\vm\prims\jvm.cpp, line 1248]
Event: 0.248 Thread 0x0000000002920800 Exception <a 'java/security/PrivilegedActionException'> (0x00000000d5f7f488) thrown at [D:\re\workspace\8-2-build-windows-amd64-cygwin\jdk8u5\2488\hotspot\src\share\vm\prims\jvm.cpp, line 1248]
Event: 0.249 Thread 0x0000000002920800 Exception <a 'java/security/PrivilegedActionException'> (0x00000000d5f827e8) thrown at [D:\re\workspace\8-2-build-windows-amd64-cygwin\jdk8u5\2488\hotspot\src\share\vm\prims\jvm.cpp, line 1248]
Event: 0.296 Thread 0x0000000002920800 Exception <a 'java/security/PrivilegedActionException'> (0x00000000d5fe8e18) thrown at [D:\re\workspace\8-2-build-windows-amd64-cygwin\jdk8u5\2488\hotspot\src\share\vm\prims\jvm.cpp, line 1248]
Event: 0.314 Thread 0x000000001c2b8000 Exception <a 'java/security/PrivilegedActionException'> (0x00000000d5ffd5c0) thrown at [D:\re\workspace\8-2-build-windows-amd64-cygwin\jdk8u5\2488\hotspot\src\share\vm\prims\jvm.cpp, line 1248]
Event: 0.317 Thread 0x000000001c2b8000 Exception <a 'java/security/PrivilegedActionException'> (0x00000000d5f2e530) thrown at [D:\re\workspace\8-2-build-windows-amd64-cygwin\jdk8u5\2488\hotspot\src\share\vm\prims\jvm.cpp, line 1248]

Events (10 events):
Event: 0.341 loading class sun/awt/im/CompositionAreaHandler
Event: 0.341 loading class sun/awt/im/CompositionAreaHandler done
Event: 0.341 loading class java/text/AttributedString
Event: 0.342 loading class java/text/AttributedString done
Event: 0.342 loading class java/text/AttributedString$AttributedStringIterator
Event: 0.342 loading class java/text/AttributedCharacterIterator
Event: 0.342 loading class java/text/CharacterIterator
Event: 0.342 loading class java/text/CharacterIterator done
Event: 0.342 loading class java/text/AttributedCharacterIterator done
Event: 0.342 loading class java/text/AttributedString$AttributedStringIterator done


Dynamic libraries:
0x00007ff78f610000 - 0x00007ff78f644000 	C:\Program Files\Java\jdk1.8.0_05\bin\java.exe
0x00007ff885990000 - 0x00007ff885b3c000 	C:\Windows\SYSTEM32\ntdll.dll
0x00007ff884f60000 - 0x00007ff88509a000 	C:\Windows\system32\KERNEL32.DLL
0x00007ff882ed0000 - 0x00007ff882fdf000 	C:\Windows\system32\KERNELBASE.dll
0x00007ff881370000 - 0x00007ff8813f8000 	C:\Windows\system32\apphelp.dll
0x00007ff876c20000 - 0x00007ff876c6f000 	C:\Windows\AppPatch\AppPatch64\AcGenral.DLL
0x00007ff885170000 - 0x00007ff885217000 	C:\Windows\system32\msvcrt.dll
0x00007ff8829b0000 - 0x00007ff8829db000 	C:\Windows\SYSTEM32\SspiCli.dll
0x00007ff8852f0000 - 0x00007ff885341000 	C:\Windows\system32\SHLWAPI.dll
0x00007ff885350000 - 0x00007ff8854c1000 	C:\Windows\system32\USER32.dll
0x00007ff885620000 - 0x00007ff885798000 	C:\Windows\system32\ole32.dll
0x00007ff8833e0000 - 0x00007ff8848f8000 	C:\Windows\system32\SHELL32.dll
0x00007ff882000000 - 0x00007ff88201e000 	C:\Windows\SYSTEM32\USERENV.dll
0x00007ff884ae0000 - 0x00007ff884b85000 	C:\Windows\system32\ADVAPI32.dll
0x00007ff873dc0000 - 0x00007ff873ddb000 	C:\Windows\SYSTEM32\MPR.dll
0x00007ff8832a0000 - 0x00007ff8833d7000 	C:\Windows\system32\RPCRT4.dll
0x00007ff884f00000 - 0x00007ff884f57000 	C:\Windows\SYSTEM32\sechost.dll
0x00007ff884900000 - 0x00007ff884ad6000 	C:\Windows\SYSTEM32\combase.dll
0x00007ff8854d0000 - 0x00007ff885614000 	C:\Windows\system32\GDI32.dll
0x00007ff882bd0000 - 0x00007ff882be4000 	C:\Windows\SYSTEM32\profapi.dll
0x00007ff882260000 - 0x00007ff882312000 	C:\Windows\SYSTEM32\SHCORE.dll
0x00007ff8850a0000 - 0x00007ff8850d4000 	C:\Windows\system32\IMM32.DLL
0x00007ff884da0000 - 0x00007ff884ef1000 	C:\Windows\system32\MSCTF.dll
0x00007ff882650000 - 0x00007ff8828aa000 	C:\Windows\WinSxS\amd64_microsoft.windows.common-controls_6595b64144ccf1df_6.0.9600.17031_none_6242a4b3ecbb55a1\COMCTL32.dll
0x00000000759a0000 - 0x0000000075a72000 	C:\Program Files\Java\jdk1.8.0_05\jre\bin\msvcr100.dll
0x0000000074e00000 - 0x000000007562a000 	C:\Program Files\Java\jdk1.8.0_05\jre\bin\server\jvm.dll
0x00007ff878290000 - 0x00007ff878299000 	C:\Windows\SYSTEM32\WSOCK32.dll
0x00007ff87ed60000 - 0x00007ff87ed7f000 	C:\Windows\SYSTEM32\WINMM.dll
0x00007ff8830e0000 - 0x00007ff8830e7000 	C:\Windows\system32\PSAPI.DLL
0x00007ff8850e0000 - 0x00007ff885138000 	C:\Windows\system32\WS2_32.dll
0x00007ff87eb10000 - 0x00007ff87eb3a000 	C:\Windows\SYSTEM32\WINMMBASE.dll
0x00007ff884bf0000 - 0x00007ff884bf9000 	C:\Windows\system32\NSI.dll
0x00007ff882ca0000 - 0x00007ff882cea000 	C:\Windows\SYSTEM32\cfgmgr32.dll
0x00007ff8815d0000 - 0x00007ff8815f6000 	C:\Windows\SYSTEM32\DEVOBJ.dll
0x0000000075950000 - 0x000000007595f000 	C:\Program Files\Java\jdk1.8.0_05\jre\bin\verify.dll
0x0000000075920000 - 0x0000000075948000 	C:\Program Files\Java\jdk1.8.0_05\jre\bin\java.dll
0x0000000075900000 - 0x0000000075916000 	C:\Program Files\Java\jdk1.8.0_05\jre\bin\zip.dll
0x0000000075720000 - 0x00000000758b6000 	C:\Program Files\Java\jdk1.8.0_05\jre\bin\awt.dll
0x00007ff885220000 - 0x00007ff8852e1000 	C:\Windows\system32\OLEAUT32.dll
0x00007ff880c10000 - 0x00007ff880c30000 	C:\Windows\system32\DWMAPI.DLL
0x00007ff881440000 - 0x00007ff881561000 	C:\Windows\system32\uxtheme.dll
0x00007ff87cbf0000 - 0x00007ff87cd63000 	C:\Program Files (x86)\Stardock\Start8\Start8_64.dll
0x00007ff881570000 - 0x00007ff88157a000 	C:\Windows\SYSTEM32\kernel.appcore.dll
0x00007ff882a40000 - 0x00007ff882a4a000 	C:\Windows\SYSTEM32\CRYPTBASE.dll
0x00007ff8829e0000 - 0x00007ff882a40000 	C:\Windows\SYSTEM32\bcryptPrimitives.dll
0x00007ff86b580000 - 0x00007ff86b788000 	C:\Windows\system32\d3d9.dll
0x00007ff880a50000 - 0x00007ff880a5a000 	C:\Windows\SYSTEM32\VERSION.dll
0x00007ff880550000 - 0x00007ff880642000 	C:\Windows\SYSTEM32\nvumdshimx.dll
0x00007ff8857b0000 - 0x00007ff885984000 	C:\Windows\system32\SETUPAPI.dll
0x00007ff8804e0000 - 0x00007ff880511000 	C:\Windows\system32\nvinitx.dll
0x00007ff868920000 - 0x00007ff869a07000 	C:\Windows\system32\nvd3dumx.dll
0x00007ff882b70000 - 0x00007ff882bb5000 	C:\Windows\system32\powrprof.dll
0x00007ff87e920000 - 0x00007ff87ea88000 	C:\Program Files (x86)\NVIDIA Corporation\3D Vision\nvSCPAPI64.dll
0x00000000758e0000 - 0x00000000758fa000 	C:\Program Files\Java\jdk1.8.0_05\jre\bin\net.dll
0x00007ff881ef0000 - 0x00007ff881f48000 	C:\Windows\system32\mswsock.dll
0x00000000758c0000 - 0x00000000758d1000 	C:\Program Files\Java\jdk1.8.0_05\jre\bin\nio.dll
0x00000000756d0000 - 0x0000000075717000 	C:\Program Files\Java\jdk1.8.0_05\jre\bin\fontmanager.dll
0x0000000075680000 - 0x00000000756c1000 	C:\Program Files\Java\jdk1.8.0_05\jre\bin\t2k.dll
0x00007ff879420000 - 0x00007ff8795a8000 	C:\Windows\SYSTEM32\dbghelp.dll

VM Arguments:
jvm_args: -Dfile.encoding=UTF-8 
java_command: City.City
java_class_path (initial): C:\Users\The Venator\Documents\NetBeansProjects\liife\build\classes
Launcher Type: SUN_STANDARD

Environment Variables:
PATH=C:\Windows\system32;C:\Windows;C:\Windows\System32\Wbem;C:\Windows\System32\WindowsPowerShell\v1.0\;C:\Program Files (x86)\GNU\GnuPG\pub;C:\Program Files\TortoiseSVN\bin;.;
USERNAME=The Venator
OS=Windows_NT
PROCESSOR_IDENTIFIER=Intel64 Family 6 Model 42 Stepping 7, GenuineIntel



---------------  S Y S T E M  ---------------

OS: Windows 8.1 , 64 bit Build 9600 

CPU:total 8 (4 cores per cpu, 2 threads per core) family 6 model 42 stepping 7, cmov, cx8, fxsr, mmx, sse, sse2, sse3, ssse3, sse4.1, sse4.2, popcnt, avx, aes, clmul, ht, tsc, tscinvbit

Memory: 4k page, physical 8270304k(1335704k free), swap 10521476k(5116k free)

vm_info: Java HotSpot(TM) 64-Bit Server VM (25.5-b02) for windows-amd64 JRE (1.8.0_05-b13), built on Mar 18 2014 01:08:39 by "java_re" with MS VC++ 10.0 (VS2010)

time: Fri Mar 27 16:26:42 2015
elapsed time: 0 seconds

