#
# A fatal error has been detected by the Java Runtime Environment:
#
#  EXCEPTION_STACK_OVERFLOW (0xc00000fd) at pc=0x0000000075862357, pid=26576, tid=27112
#
# JRE version: Java(TM) SE Runtime Environment (8.0_05-b13) (build 1.8.0_05-b13)
# Java VM: Java HotSpot(TM) 64-Bit Server VM (25.5-b02 mixed mode windows-amd64 compressed oops)
# Problematic frame:
# V  [jvm.dll+0x1f2357]
#
# Failed to write core dump. Minidumps are not enabled by default on client versions of Windows
#
# If you would like to submit a bug report, please visit:
#   http://bugreport.sun.com/bugreport/crash.jsp
#

---------------  T H R E A D  ---------------

Current thread (0x000000001a94b000):  JavaThread "Image Fetcher 1" daemon [_thread_in_vm, id=27112, stack(0x000000001c2f0000,0x000000001c3f0000)]

siginfo: ExceptionCode=0xc00000fd, ExceptionInformation=0x0000000000000001 0x000000001c3ed3b0 

Registers:
RAX=0x000000001c3ed3b0, RBX=0x0000000000000003, RCX=0x0000000000002000, RDX=0x0000000000000006
RSP=0x000000001c3ef3b0, RBP=0x0000000000000000, RSI=0x000000001c3ef3b0, RDI=0x0000000000000003
R8 =0x0000000000000006, R9 =0x000000001a87ad00, R10=0x0000000016e50330, R11=0x000000001c2fa1b0
R12=0x000000001a87ad00, R13=0x000000001a94b000, R14=0x000000001c3ef478, R15=0x0000000016e50330
RIP=0x0000000075862357, EFLAGS=0x0000000000010202

Top of Stack: (sp=0x000000001c3ef3b0)
0x000000001c3ef3b0:   00000000192866e0 00000000755e4e7e
0x000000001c3ef3c0:   000000001a94b000 000000001a87ad00
0x000000001c3ef3d0:   00000000ffffffff 0000000075863287
0x000000001c3ef3e0:   000000001c3ef4e0 0000000016e50330
0x000000001c3ef3f0:   000000001a94b000 000000007571ffd3
0x000000001c3ef400:   000000001c3ef440 000000001a94b000
0x000000001c3ef410:   000000001c3ef4d0 000000001a94b000
0x000000001c3ef420:   0000000016e50330 000000001a94b000
0x000000001c3ef430:   0000000002300780 000000001a94b000
0x000000001c3ef440:   0000000016e50330 000000001a94b000
0x000000001c3ef450:   00000000168abe48 000000001a94b000
0x000000001c3ef460:   0000000000000001 0000000016e50330
0x000000001c3ef470:   000000001a94b000 0000000019627e80
0x000000001c3ef480:   000000001a94b000 00000000757214bd
0x000000001c3ef490:   000000001c3ef798 0000000100006448
0x000000001c3ef4a0:   00000001000cf578 0000000000000000 

Instructions: (pc=0x0000000075862357)
0x0000000075862337:   48 89 6c 24 30 33 ed 66 90 e8 fb 4d 08 00 ff c3
0x0000000075862347:   48 63 c8 48 8b c6 48 0f af cf 48 ff c7 48 2b c1
0x0000000075862357:   89 28 48 63 c3 48 3b 05 9d 68 55 00 7e db 48 8b
0x0000000075862367:   6c 24 30 48 8b 5c 24 38 48 8b 74 24 40 48 83 c4 


Register to memory mapping:

RAX=0x000000001c3ed3b0 is pointing into the stack for thread: 0x000000001a94b000
RBX=0x0000000000000003 is an unknown value
RCX=0x0000000000002000 is an unknown value
RDX=0x0000000000000006 is an unknown value
RSP=0x000000001c3ef3b0 is pointing into the stack for thread: 0x000000001a94b000
RBP=0x0000000000000000 is an unknown value
RSI=0x000000001c3ef3b0 is pointing into the stack for thread: 0x000000001a94b000
RDI=0x0000000000000003 is an unknown value
R8 =0x0000000000000006 is an unknown value
R9 =0x000000001a87ad00 is an unknown value
R10=0x0000000016e50330 is an unknown value
R11=0x000000001c2fa1b0 is pointing into the stack for thread: 0x000000001a94b000
R12=0x000000001a87ad00 is an unknown value
R13=0x000000001a94b000 is a thread
R14=0x000000001c3ef478 is pointing into the stack for thread: 0x000000001a94b000
R15=0x0000000016e50330 is an unknown value


Stack: [0x000000001c2f0000,0x000000001c3f0000],  sp=0x000000001c3ef3b0,  free space=1020k
