#
# There is insufficient memory for the Java Runtime Environment to continue.
# Native memory allocation (malloc) failed to allocate 262160 bytes for Chunk::new
# Possible reasons:
#   The system is out of physical RAM or swap space
#   In 32 bit mode, the process size limit was hit
# Possible solutions:
#   Reduce memory load on the system
#   Increase physical memory or swap space
#   Check if swap backing store is full
#   Use 64 bit Java on a 64 bit OS
#   Decrease Java heap size (-Xmx/-Xms)
#   Decrease number of Java threads
#   Decrease Java thread stack sizes (-Xss)
#   Set larger code cache with -XX:ReservedCodeCacheSize=
# This output file may be truncated or incomplete.
#
#  Out of Memory Error (allocation.cpp:388), pid=31632, tid=22380
#
# JRE version: Java(TM) SE Runtime Environment (8.0_05-b13) (build 1.8.0_05-b13)
# Java VM: Java HotSpot(TM) 64-Bit Server VM (25.5-b02 mixed mode windows-amd64 compressed oops)
# Failed to write core dump. Minidumps are not enabled by default on client versions of Windows
#

---------------  T H R E A D  ---------------

Current thread (0x0000000019cfb000):  JavaThread "C2 CompilerThread1" daemon [_thread_in_native, id=22380, stack(0x000000001a3d0000,0x000000001a4d0000)]

Stack: [0x000000001a3d0000,0x000000001a4d0000]
Native frames: (J=compiled Java code, j=interpreted, Vv=VM code, C=native code)
V  [jvm.dll+0x308dea]
V  [jvm.dll+0x25def1]
V  [jvm.dll+0x25eb0f]
V  [jvm.dll+0x2564e5]
V  [jvm.dll+0xbcfc5]
V  [jvm.dll+0xbd45c]
V  [jvm.dll+0x4d4cfd]
V  [jvm.dll+0x4d546e]
V  [jvm.dll+0x4d76c6]
V  [jvm.dll+0x4d6fed]
V  [jvm.dll+0x48e824]
V  [jvm.dll+0x44293e]
V  [jvm.dll+0x44366b]
V  [jvm.dll+0x427532]
V  [jvm.dll+0x96702]
V  [jvm.dll+0x96ef3]
V  [jvm.dll+0x2232c4]
V  [jvm.dll+0x27baca]
C  [msvcr100.dll+0x21d9f]
C  [msvcr100.dll+0x21e3b]
C  [KERNEL32.DLL+0x16ad]
C  [ntdll.dll+0x6e954]


Current CompileTask:
C2:  43207 1151 %     4       City.Brain::social @ 623 (2293 bytes)


---------------  P R O C E S S  ---------------

Java Threads: ( => current thread )
  0x0000000002c80800 JavaThread "DestroyJavaVM" [_thread_blocked, id=32432, stack(0x0000000002a80000,0x0000000002b80000)]
  0x000000001ab21800 JavaThread "Thread-2" [_thread_blocked, id=29796, stack(0x000000001d810000,0x000000001d910000)]
  0x000000001ab1f000 JavaThread "D3D Screen Updater" daemon [_thread_blocked, id=13488, stack(0x000000001d710000,0x000000001d810000)]
  0x000000001ab05800 JavaThread "AWT-EventQueue-0" [_thread_in_Java, id=17872, stack(0x000000001d4e0000,0x000000001d5e0000)]
  0x000000001aa8e000 JavaThread "AWT-Windows" daemon [_thread_in_native, id=4400, stack(0x000000001b470000,0x000000001b570000)]
  0x000000001aa8b000 JavaThread "AWT-Shutdown" [_thread_blocked, id=32480, stack(0x000000001b370000,0x000000001b470000)]
  0x000000001aa88800 JavaThread "Java2D Disposer" daemon [_thread_blocked, id=10220, stack(0x000000001b270000,0x000000001b370000)]
  0x0000000019d9e800 JavaThread "Service Thread" daemon [_thread_blocked, id=17288, stack(0x000000001a6d0000,0x000000001a7d0000)]
  0x0000000019d04000 JavaThread "C1 CompilerThread3" daemon [_thread_blocked, id=22760, stack(0x000000001a5d0000,0x000000001a6d0000)]
  0x0000000019d01000 JavaThread "C2 CompilerThread2" daemon [_thread_blocked, id=31856, stack(0x000000001a4d0000,0x000000001a5d0000)]
=>0x0000000019cfb000 JavaThread "C2 CompilerThread1" daemon [_thread_in_native, id=22380, stack(0x000000001a3d0000,0x000000001a4d0000)]
  0x0000000019cf5000 JavaThread "C2 CompilerThread0" daemon [_thread_blocked, id=32324, stack(0x000000001a2d0000,0x000000001a3d0000)]
  0x0000000019cf3000 JavaThread "Attach Listener" daemon [_thread_blocked, id=20420, stack(0x000000001a1d0000,0x000000001a2d0000)]
  0x0000000019cf2800 JavaThread "Signal Dispatcher" daemon [_thread_blocked, id=8584, stack(0x000000001a0d0000,0x000000001a1d0000)]
  0x0000000002d77000 JavaThread "Finalizer" daemon [_thread_blocked, id=16644, stack(0x0000000019bd0000,0x0000000019cd0000)]
  0x0000000002d6e000 JavaThread "Reference Handler" daemon [_thread_blocked, id=22004, stack(0x0000000019ad0000,0x0000000019bd0000)]

Other Threads:
  0x0000000017cf9000 VMThread [stack: 0x00000000199d0000,0x0000000019ad0000] [id=18348]
  0x0000000019da0000 WatcherThread [stack: 0x000000001a7d0000,0x000000001a8d0000] [id=26780]

VM state:not at safepoint (normal execution)

VM Mutex/Monitor currently owned by a thread: None

Heap:
 PSYoungGen      total 29696K, used 1419K [0x00000000d5f00000, 0x00000000d8380000, 0x0000000100000000)
  eden space 26112K, 5% used [0x00000000d5f00000,0x00000000d6062df8,0x00000000d7880000)
  from space 3584K, 0% used [0x00000000d7880000,0x00000000d7880000,0x00000000d7c00000)
  to   space 3584K, 0% used [0x00000000d8000000,0x00000000d8000000,0x00000000d8380000)
 ParOldGen       total 83968K, used 60063K [0x0000000081c00000, 0x0000000086e00000, 0x00000000d5f00000)
  object space 83968K, 71% used [0x0000000081c00000,0x00000000856a7f08,0x0000000086e00000)
 Metaspace       used 9728K, capacity 9910K, committed 10240K, reserved 1058816K
  class space    used 1125K, capacity 1169K, committed 1280K, reserved 1048576K

Card table byte_map: [0x0000000012140000,0x0000000012540000] byte_map_base: 0x0000000011d32000

Marking Bits: (ParMarkBitMap*) 0x00000000755b13b0
 Begin Bits: [0x0000000012ff0000, 0x0000000014f80000)
 End Bits:   [0x0000000014f80000, 0x0000000016f10000)

Polling page: 0x0000000001150000

CodeCache: size=245760Kb used=4909Kb max_used=4921Kb free=240850Kb
 bounds [0x0000000002d80000, 0x0000000003260000, 0x0000000011d80000]
 total_blobs=1615 nmethods=1149 adapters=380
 compilation: enabled

Compilation events (10 events):
Event: 43.058 Thread 0x0000000019d04000 nmethod 1146 0x00000000032206d0 code [0x00000000032209c0, 0x00000000032220f8]
Event: 43.070 Thread 0x0000000019d04000 1147       3       City.Route::walk (330 bytes)
Event: 43.072 Thread 0x0000000019d04000 nmethod 1147 0x0000000003222a10 code [0x0000000003222f20, 0x0000000003225fb8]
Event: 43.075 Thread 0x0000000019d04000 1148       3       City.Brain::vision (3956 bytes)
Event: 43.085 Thread 0x0000000019d04000 nmethod 1148 0x0000000003227610 code [0x0000000003229240, 0x000000000323f548]
Event: 43.085 Thread 0x0000000019d04000 1149       3       java.util.ArrayList::set (20 bytes)
Event: 43.086 Thread 0x0000000019d04000 nmethod 1149 0x000000000324dcd0 code [0x000000000324de60, 0x000000000324e2b8]
Event: 43.110 Thread 0x0000000019cf5000 1150       4       java.util.Arrays::copyOf (46 bytes)
Event: 43.112 Thread 0x0000000019cf5000 nmethod 1150 0x0000000003251490 code [0x00000000032515e0, 0x0000000003251918]
Event: 43.115 Thread 0x0000000019cfb000 1151 %     4       City.Brain::social @ 623 (2293 bytes)

GC Heap History (10 events):
Event: 41.411 GC heap before
{Heap before GC invocations=24 (full 5):
 PSYoungGen      total 26624K, used 772K [0x00000000d5f00000, 0x00000000d7d80000, 0x0000000100000000)
  eden space 23040K, 3% used [0x00000000d5f00000,0x00000000d5fc10d0,0x00000000d7580000)
  from space 3584K, 0% used [0x00000000d7a00000,0x00000000d7a00000,0x00000000d7d80000)
  to   space 4096K, 0% used [0x00000000d7580000,0x00000000d7580000,0x00000000d7980000)
 ParOldGen       total 78336K, used 60064K [0x0000000081c00000, 0x0000000086880000, 0x00000000d5f00000)
  object space 78336K, 76% used [0x0000000081c00000,0x00000000856a80b8,0x0000000086880000)
 Metaspace       used 9718K, capacity 9910K, committed 10240K, reserved 1058816K
  class space    used 1125K, capacity 1169K, committed 1280K, reserved 1048576K
Event: 41.427 GC heap after
Heap after GC invocations=24 (full 5):
 PSYoungGen      total 27136K, used 160K [0x00000000d5f00000, 0x00000000d8000000, 0x0000000100000000)
  eden space 23040K, 0% used [0x00000000d5f00000,0x00000000d5f00000,0x00000000d7580000)
  from space 4096K, 3% used [0x00000000d7580000,0x00000000d75a8000,0x00000000d7980000)
  to   space 4096K, 0% used [0x00000000d7c00000,0x00000000d7c00000,0x00000000d8000000)
 ParOldGen       total 78336K, used 60064K [0x0000000081c00000, 0x0000000086880000, 0x00000000d5f00000)
  object space 78336K, 76% used [0x0000000081c00000,0x00000000856a80b8,0x0000000086880000)
 Metaspace       used 9718K, capacity 9910K, committed 10240K, reserved 1058816K
  class space    used 1125K, capacity 1169K, committed 1280K, reserved 1048576K
}
Event: 41.427 GC heap before
{Heap before GC invocations=25 (full 5):
 PSYoungGen      total 27136K, used 160K [0x00000000d5f00000, 0x00000000d8000000, 0x0000000100000000)
  eden space 23040K, 0% used [0x00000000d5f00000,0x00000000d5f00000,0x00000000d7580000)
  from space 4096K, 3% used [0x00000000d7580000,0x00000000d75a8000,0x00000000d7980000)
  to   space 4096K, 0% used [0x00000000d7c00000,0x00000000d7c00000,0x00000000d8000000)
 ParOldGen       total 78336K, used 60064K [0x0000000081c00000, 0x0000000086880000, 0x00000000d5f00000)
  object space 78336K, 76% used [0x0000000081c00000,0x00000000856a80b8,0x0000000086880000)
 Metaspace       used 9718K, capacity 9910K, committed 10240K, reserved 1058816K
  class space    used 1125K, capacity 1169K, committed 1280K, reserved 1048576K
Event: 41.442 GC heap after
Heap after GC invocations=25 (full 5):
 PSYoungGen      total 30208K, used 128K [0x00000000d5f00000, 0x00000000d8080000, 0x0000000100000000)
  eden space 26112K, 0% used [0x00000000d5f00000,0x00000000d5f00000,0x00000000d7880000)
  from space 4096K, 3% used [0x00000000d7c00000,0x00000000d7c20000,0x00000000d8000000)
  to   space 3584K, 0% used [0x00000000d7880000,0x00000000d7880000,0x00000000d7c00000)
 ParOldGen       total 78336K, used 60064K [0x0000000081c00000, 0x0000000086880000, 0x00000000d5f00000)
  object space 78336K, 76% used [0x0000000081c00000,0x00000000856a80b8,0x0000000086880000)
 Metaspace       used 9718K, capacity 9910K, committed 10240K, reserved 1058816K
  class space    used 1125K, capacity 1169K, committed 1280K, reserved 1048576K
}
Event: 41.442 GC heap before
{Heap before GC invocations=26 (full 6):
 PSYoungGen      total 30208K, used 128K [0x00000000d5f00000, 0x00000000d8080000, 0x0000000100000000)
  eden space 26112K, 0% used [0x00000000d5f00000,0x00000000d5f00000,0x00000000d7880000)
  from space 4096K, 3% used [0x00000000d7c00000,0x00000000d7c20000,0x00000000d8000000)
  to   space 3584K, 0% used [0x00000000d7880000,0x00000000d7880000,0x00000000d7c00000)
 ParOldGen       total 78336K, used 60064K [0x0000000081c00000, 0x0000000086880000, 0x00000000d5f00000)
  object space 78336K, 76% used [0x0000000081c00000,0x00000000856a80b8,0x0000000086880000)
 Metaspace       used 9718K, capacity 9910K, committed 10240K, reserved 1058816K
  class space    used 1125K, capacity 1169K, committed 1280K, reserved 1048576K
Event: 41.583 GC heap after
Heap after GC invocations=26 (full 6):
 PSYoungGen      total 30208K, used 0K [0x00000000d5f00000, 0x00000000d8080000, 0x0000000100000000)
  eden space 26112K, 0% used [0x00000000d5f00000,0x00000000d5f00000,0x00000000d7880000)
  from space 4096K, 0% used [0x00000000d7c00000,0x00000000d7c00000,0x00000000d8000000)
  to   space 3584K, 0% used [0x00000000d7880000,0x00000000d7880000,0x00000000d7c00000)
 ParOldGen       total 81408K, used 60063K [0x0000000081c00000, 0x0000000086b80000, 0x00000000d5f00000)
  object space 81408K, 73% used [0x0000000081c00000,0x00000000856a7f08,0x0000000086b80000)
 Metaspace       used 9718K, capacity 9910K, committed 10240K, reserved 1058816K
  class space    used 1125K, capacity 1169K, committed 1280K, reserved 1048576K
}
Event: 41.583 GC heap before
{Heap before GC invocations=27 (full 6):
 PSYoungGen      total 30208K, used 0K [0x00000000d5f00000, 0x00000000d8080000, 0x0000000100000000)
  eden space 26112K, 0% used [0x00000000d5f00000,0x00000000d5f00000,0x00000000d7880000)
  from space 4096K, 0% used [0x00000000d7c00000,0x00000000d7c00000,0x00000000d8000000)
  to   space 3584K, 0% used [0x00000000d7880000,0x00000000d7880000,0x00000000d7c00000)
 ParOldGen       total 81408K, used 60063K [0x0000000081c00000, 0x0000000086b80000, 0x00000000d5f00000)
  object space 81408K, 73% used [0x0000000081c00000,0x00000000856a7f08,0x0000000086b80000)
 Metaspace       used 9718K, capacity 9910K, committed 10240K, reserved 1058816K
  class space    used 1125K, capacity 1169K, committed 1280K, reserved 1048576K
Event: 41.584 GC heap after
Heap after GC invocations=27 (full 6):
 PSYoungGen      total 29696K, used 0K [0x00000000d5f00000, 0x00000000d8380000, 0x0000000100000000)
  eden space 26112K, 0% used [0x00000000d5f00000,0x00000000d5f00000,0x00000000d7880000)
  from space 3584K, 0% used [0x00000000d7880000,0x00000000d7880000,0x00000000d7c00000)
  to   space 3584K, 0% used [0x00000000d8000000,0x00000000d8000000,0x00000000d8380000)
 ParOldGen       total 81408K, used 60063K [0x0000000081c00000, 0x0000000086b80000, 0x00000000d5f00000)
  object space 81408K, 73% used [0x0000000081c00000,0x00000000856a7f08,0x0000000086b80000)
 Metaspace       used 9718K, capacity 9910K, committed 10240K, reserved 1058816K
  class space    used 1125K, capacity 1169K, committed 1280K, reserved 1048576K
}
Event: 41.584 GC heap before
{Heap before GC invocations=28 (full 7):
 PSYoungGen      total 29696K, used 0K [0x00000000d5f00000, 0x00000000d8380000, 0x0000000100000000)
  eden space 26112K, 0% used [0x00000000d5f00000,0x00000000d5f00000,0x00000000d7880000)
  from space 3584K, 0% used [0x00000000d7880000,0x00000000d7880000,0x00000000d7c00000)
  to   space 3584K, 0% used [0x00000000d8000000,0x00000000d8000000,0x00000000d8380000)
 ParOldGen       total 81408K, used 60063K [0x0000000081c00000, 0x0000000086b80000, 0x00000000d5f00000)
  object space 81408K, 73% used [0x0000000081c00000,0x00000000856a7f08,0x0000000086b80000)
 Metaspace       used 9718K, capacity 9910K, committed 10240K, reserved 1058816K
  class space    used 1125K, capacity 1169K, committed 1280K, reserved 1048576K
Event: 41.752 GC heap after
Heap after GC invocations=28 (full 7):
 PSYoungGen      total 29696K, used 0K [0x00000000d5f00000, 0x00000000d8380000, 0x0000000100000000)
  eden space 26112K, 0% used [0x00000000d5f00000,0x00000000d5f00000,0x00000000d7880000)
  from space 3584K, 0% used [0x00000000d7880000,0x00000000d7880000,0x00000000d7c00000)
  to   space 3584K, 0% used [0x00000000d8000000,0x00000000d8000000,0x00000000d8380000)
 ParOldGen       total 83968K, used 60063K [0x0000000081c00000, 0x0000000086e00000, 0x00000000d5f00000)
  object space 83968K, 71% used [0x0000000081c00000,0x00000000856a7f08,0x0000000086e00000)
 Metaspace       used 9718K, capacity 9910K, committed 10240K, reserved 1058816K
  class space    used 1125K, capacity 1169K, committed 1280K, reserved 1048576K
}

Deoptimization events (6 events):
Event: 3.631 Thread 0x000000001ab05800 Uncommon trap: reason=class_check action=maybe_recompile pc=0x0000000003112e10 method=java.awt.Font.getFont2D()Lsun/font/Font2D; @ 5
Event: 3.631 Thread 0x000000001ab05800 Uncommon trap: reason=class_check action=maybe_recompile pc=0x0000000003112e10 method=java.awt.Font.getFont2D()Lsun/font/Font2D; @ 5
Event: 3.631 Thread 0x000000001ab05800 Uncommon trap: reason=class_check action=maybe_recompile pc=0x0000000003112e10 method=java.awt.Font.getFont2D()Lsun/font/Font2D; @ 5
Event: 3.631 Thread 0x000000001ab05800 Uncommon trap: reason=class_check action=maybe_recompile pc=0x0000000003112e10 method=java.awt.Font.getFont2D()Lsun/font/Font2D; @ 5
Event: 3.947 Thread 0x000000001ab05800 Uncommon trap: reason=null_assert action=make_not_entrant pc=0x00000000031233f4 method=City.Map.draw(Ljava/awt/Graphics;)V @ 774
Event: 3.977 Thread 0x000000001ab05800 Uncommon trap: reason=null_assert action=make_not_entrant pc=0x0000000003117118 method=City.Map.draw(Ljava/awt/Graphics;)V @ 774

Internal exceptions (10 events):
Event: 19.630 Thread 0x000000001ab05800 Exception <a 'java/lang/ClassCastException'> (0x00000000d5f9fa88) thrown at [D:\re\workspace\8-2-build-windows-amd64-cygwin\jdk8u5\2488\hotspot\src\share\vm\prims\jvm.cpp, line 1252]
Event: 35.770 Thread 0x000000001ab05800 Exception <a 'java/lang/OutOfMemoryError'> (0x0000000081cfba98) thrown at [D:\re\workspace\8-2-build-windows-amd64-cygwin\jdk8u5\2488\hotspot\src\share\vm\gc_interface/collectedHeap.inline.hpp, line 157]
Event: 35.770 Thread 0x000000001ab05800 Exception <a 'java/lang/OutOfMemoryError'> (0x0000000081cfba98) thrown at [D:\re\workspace\8-2-build-windows-amd64-cygwin\jdk8u5\2488\hotspot\src\share\vm\prims\jvm.cpp, line 1252]
Event: 35.770 Thread 0x000000001ab05800 Exception <a 'java/lang/OutOfMemoryError'> (0x0000000081cfba98) thrown at [D:\re\workspace\8-2-build-windows-amd64-cygwin\jdk8u5\2488\hotspot\src\share\vm\prims\jvm.cpp, line 1252]
Event: 40.100 Thread 0x000000001ab05800 Exception <a 'java/lang/OutOfMemoryError'> (0x0000000081cfb8e8) thrown at [D:\re\workspace\8-2-build-windows-amd64-cygwin\jdk8u5\2488\hotspot\src\share\vm\gc_interface/collectedHeap.inline.hpp, line 157]
Event: 40.100 Thread 0x000000001ab05800 Exception <a 'java/lang/OutOfMemoryError'> (0x0000000081cfb8e8) thrown at [D:\re\workspace\8-2-build-windows-amd64-cygwin\jdk8u5\2488\hotspot\src\share\vm\prims\jvm.cpp, line 1252]
Event: 40.100 Thread 0x000000001ab05800 Exception <a 'java/lang/OutOfMemoryError'> (0x0000000081cfb8e8) thrown at [D:\re\workspace\8-2-build-windows-amd64-cygwin\jdk8u5\2488\hotspot\src\share\vm\prims\jvm.cpp, line 1252]
Event: 41.753 Thread 0x000000001ab05800 Exception <a 'java/lang/OutOfMemoryError'> (0x0000000081cee578) thrown at [D:\re\workspace\8-2-build-windows-amd64-cygwin\jdk8u5\2488\hotspot\src\share\vm\gc_interface/collectedHeap.inline.hpp, line 157]
Event: 41.753 Thread 0x000000001ab05800 Exception <a 'java/lang/OutOfMemoryError'> (0x0000000081cee578) thrown at [D:\re\workspace\8-2-build-windows-amd64-cygwin\jdk8u5\2488\hotspot\src\share\vm\prims\jvm.cpp, line 1252]
Event: 41.753 Thread 0x000000001ab05800 Exception <a 'java/lang/OutOfMemoryError'> (0x0000000081cee578) thrown at [D:\re\workspace\8-2-build-windows-amd64-cygwin\jdk8u5\2488\hotspot\src\share\vm\prims\jvm.cpp, line 1252]

Events (10 events):
Event: 31.774 Executing VM operation: ParallelGCFailedAllocation
Event: 31.930 Executing VM operation: ParallelGCFailedAllocation done
Event: 31.998 Executing VM operation: ParallelGCFailedAllocation
Event: 35.770 Executing VM operation: ParallelGCFailedAllocation done
Event: 36.959 Thread 0x000000001ab05800 DEOPT PACKING pc=0x00000000031bf407 sp=0x000000001d5dc2a0
Event: 36.959 Thread 0x000000001ab05800 DEOPT UNPACKING pc=0x0000000002dc7604 sp=0x000000001d5dbfc0 mode 0
Event: 37.120 Executing VM operation: ParallelGCFailedAllocation
Event: 40.100 Executing VM operation: ParallelGCFailedAllocation done
Event: 41.410 Executing VM operation: ParallelGCFailedAllocation
Event: 41.753 Executing VM operation: ParallelGCFailedAllocation done


Dynamic libraries:
0x00007ff6002f0000 - 0x00007ff600324000 	C:\Program Files\Java\jdk1.8.0_05\bin\java.exe
0x00007ff885990000 - 0x00007ff885b3c000 	C:\Windows\SYSTEM32\ntdll.dll
0x00007ff884f60000 - 0x00007ff88509a000 	C:\Windows\system32\KERNEL32.DLL
0x00007ff882ed0000 - 0x00007ff882fdf000 	C:\Windows\system32\KERNELBASE.dll
0x00007ff881370000 - 0x00007ff8813f8000 	C:\Windows\system32\apphelp.dll
0x00007ff862800000 - 0x00007ff86284f000 	C:\Windows\AppPatch\AppPatch64\AcGenral.DLL
0x00007ff885170000 - 0x00007ff885217000 	C:\Windows\system32\msvcrt.dll
0x00007ff8829b0000 - 0x00007ff8829db000 	C:\Windows\SYSTEM32\SspiCli.dll
0x00007ff8852f0000 - 0x00007ff885341000 	C:\Windows\system32\SHLWAPI.dll
0x00007ff885350000 - 0x00007ff8854c1000 	C:\Windows\system32\USER32.dll
0x00007ff885620000 - 0x00007ff885798000 	C:\Windows\system32\ole32.dll
0x00007ff8833e0000 - 0x00007ff8848f8000 	C:\Windows\system32\SHELL32.dll
0x00007ff882000000 - 0x00007ff88201e000 	C:\Windows\SYSTEM32\USERENV.dll
0x00007ff884ae0000 - 0x00007ff884b85000 	C:\Windows\system32\ADVAPI32.dll
0x00007ff873dc0000 - 0x00007ff873ddb000 	C:\Windows\SYSTEM32\MPR.dll
0x00007ff8832a0000 - 0x00007ff8833d7000 	C:\Windows\system32\RPCRT4.dll
0x00007ff884f00000 - 0x00007ff884f57000 	C:\Windows\SYSTEM32\sechost.dll
0x00007ff884900000 - 0x00007ff884ad6000 	C:\Windows\SYSTEM32\combase.dll
0x00007ff8854d0000 - 0x00007ff885614000 	C:\Windows\system32\GDI32.dll
0x00007ff882bd0000 - 0x00007ff882be4000 	C:\Windows\SYSTEM32\profapi.dll
0x00007ff882260000 - 0x00007ff882312000 	C:\Windows\SYSTEM32\SHCORE.dll
0x00007ff8850a0000 - 0x00007ff8850d4000 	C:\Windows\system32\IMM32.DLL
0x00007ff884da0000 - 0x00007ff884ef1000 	C:\Windows\system32\MSCTF.dll
0x00007ff882650000 - 0x00007ff8828aa000 	C:\Windows\WinSxS\amd64_microsoft.windows.common-controls_6595b64144ccf1df_6.0.9600.17031_none_6242a4b3ecbb55a1\COMCTL32.dll
0x00000000759a0000 - 0x0000000075a72000 	C:\Program Files\Java\jdk1.8.0_05\jre\bin\msvcr100.dll
0x0000000074e00000 - 0x000000007562a000 	C:\Program Files\Java\jdk1.8.0_05\jre\bin\server\jvm.dll
0x00007ff878290000 - 0x00007ff878299000 	C:\Windows\SYSTEM32\WSOCK32.dll
0x00007ff87ed60000 - 0x00007ff87ed7f000 	C:\Windows\SYSTEM32\WINMM.dll
0x00007ff8830e0000 - 0x00007ff8830e7000 	C:\Windows\system32\PSAPI.DLL
0x00007ff8850e0000 - 0x00007ff885138000 	C:\Windows\system32\WS2_32.dll
0x00007ff87eb10000 - 0x00007ff87eb3a000 	C:\Windows\SYSTEM32\WINMMBASE.dll
0x00007ff884bf0000 - 0x00007ff884bf9000 	C:\Windows\system32\NSI.dll
0x00007ff882ca0000 - 0x00007ff882cea000 	C:\Windows\SYSTEM32\cfgmgr32.dll
0x00007ff8815d0000 - 0x00007ff8815f6000 	C:\Windows\SYSTEM32\DEVOBJ.dll
0x0000000075950000 - 0x000000007595f000 	C:\Program Files\Java\jdk1.8.0_05\jre\bin\verify.dll
0x0000000075920000 - 0x0000000075948000 	C:\Program Files\Java\jdk1.8.0_05\jre\bin\java.dll
0x0000000075900000 - 0x0000000075916000 	C:\Program Files\Java\jdk1.8.0_05\jre\bin\zip.dll
0x0000000075720000 - 0x00000000758b6000 	C:\Program Files\Java\jdk1.8.0_05\jre\bin\awt.dll
0x00007ff885220000 - 0x00007ff8852e1000 	C:\Windows\system32\OLEAUT32.dll
0x00007ff880c10000 - 0x00007ff880c30000 	C:\Windows\system32\DWMAPI.DLL
0x00007ff881440000 - 0x00007ff881561000 	C:\Windows\system32\uxtheme.dll
0x00007ff87cbf0000 - 0x00007ff87cd63000 	C:\Program Files (x86)\Stardock\Start8\Start8_64.dll
0x00007ff881570000 - 0x00007ff88157a000 	C:\Windows\SYSTEM32\kernel.appcore.dll
0x00007ff882a40000 - 0x00007ff882a4a000 	C:\Windows\SYSTEM32\CRYPTBASE.dll
0x00007ff8829e0000 - 0x00007ff882a40000 	C:\Windows\SYSTEM32\bcryptPrimitives.dll
0x00007ff85b070000 - 0x00007ff85b278000 	C:\Windows\system32\d3d9.dll
0x00007ff880a50000 - 0x00007ff880a5a000 	C:\Windows\SYSTEM32\VERSION.dll
0x00007ff880550000 - 0x00007ff880642000 	C:\Windows\SYSTEM32\nvumdshimx.dll
0x00007ff8857b0000 - 0x00007ff885984000 	C:\Windows\system32\SETUPAPI.dll
0x00007ff8804e0000 - 0x00007ff880511000 	C:\Windows\system32\nvinitx.dll
0x00007ff869480000 - 0x00007ff86a567000 	C:\Windows\system32\nvd3dumx.dll
0x00007ff882b70000 - 0x00007ff882bb5000 	C:\Windows\system32\powrprof.dll
0x00007ff87e920000 - 0x00007ff87ea88000 	C:\Program Files (x86)\NVIDIA Corporation\3D Vision\nvSCPAPI64.dll
0x00000000758e0000 - 0x00000000758fa000 	C:\Program Files\Java\jdk1.8.0_05\jre\bin\net.dll
0x00007ff881ef0000 - 0x00007ff881f48000 	C:\Windows\system32\mswsock.dll
0x00000000758c0000 - 0x00000000758d1000 	C:\Program Files\Java\jdk1.8.0_05\jre\bin\nio.dll
0x00000000756d0000 - 0x0000000075717000 	C:\Program Files\Java\jdk1.8.0_05\jre\bin\fontmanager.dll
0x00007ff877fe0000 - 0x00007ff877fe8000 	C:\Windows\System32\OskSupport.dll
0x00007ff87c020000 - 0x00007ff87c13b000 	C:\Windows\System32\UIAutomationCore.DLL
0x00007ff87e6b0000 - 0x00007ff87e713000 	C:\Windows\System32\OLEACC.dll
0x0000000075680000 - 0x00000000756c1000 	C:\Program Files\Java\jdk1.8.0_05\jre\bin\t2k.dll
0x00007ff879420000 - 0x00007ff8795a8000 	C:\Windows\SYSTEM32\dbghelp.dll

VM Arguments:
jvm_args: -Dfile.encoding=UTF-8 
java_command: City.City
java_class_path (initial): C:\Users\The Venator\Documents\NetBeansProjects\liife\build\classes
Launcher Type: SUN_STANDARD

Environment Variables:
PATH=C:\Windows\system32;C:\Windows;C:\Windows\System32\Wbem;C:\Windows\System32\WindowsPowerShell\v1.0\;C:\Program Files (x86)\GNU\GnuPG\pub;C:\Program Files\TortoiseSVN\bin;.;
USERNAME=The Venator
OS=Windows_NT
PROCESSOR_IDENTIFIER=Intel64 Family 6 Model 42 Stepping 7, GenuineIntel



---------------  S Y S T E M  ---------------

OS: Windows 8.1 , 64 bit Build 9600 

CPU:total 8 (4 cores per cpu, 2 threads per core) family 6 model 42 stepping 7, cmov, cx8, fxsr, mmx, sse, sse2, sse3, ssse3, sse4.1, sse4.2, popcnt, avx, aes, clmul, ht, tsc, tscinvbit

Memory: 4k page, physical 8270304k(1555416k free), swap 10911048k(5120k free)

vm_info: Java HotSpot(TM) 64-Bit Server VM (25.5-b02) for windows-amd64 JRE (1.8.0_05-b13), built on Mar 18 2014 01:08:39 by "java_re" with MS VC++ 10.0 (VS2010)

time: Wed Mar 25 02:54:45 2015
elapsed time: 43 seconds

