#
# There is insufficient memory for the Java Runtime Environment to continue.
# Native memory allocation (malloc) failed to allocate 32744 bytes for ChunkPool::allocate
# Possible reasons:
#   The system is out of physical RAM or swap space
#   In 32 bit mode, the process size limit was hit
# Possible solutions:
#   Reduce memory load on the system
#   Increase physical memory or swap space
#   Check if swap backing store is full
#   Use 64 bit Java on a 64 bit OS
#   Decrease Java heap size (-Xmx/-Xms)
#   Decrease number of Java threads
#   Decrease Java thread stack sizes (-Xss)
#   Set larger code cache with -XX:ReservedCodeCacheSize=
# This output file may be truncated or incomplete.
#
#  Out of Memory Error (allocation.cpp:271), pid=47188, tid=67596
#
# JRE version: Java(TM) SE Runtime Environment (8.0_05-b13) (build 1.8.0_05-b13)
# Java VM: Java HotSpot(TM) 64-Bit Server VM (25.5-b02 mixed mode windows-amd64 compressed oops)
# Failed to write core dump. Minidumps are not enabled by default on client versions of Windows
#

---------------  T H R E A D  ---------------

Current thread (0x00000000195c1800):  JavaThread "C2 CompilerThread2" daemon [_thread_in_native, id=67596, stack(0x0000000019d90000,0x0000000019e90000)]

Stack: [0x0000000019d90000,0x0000000019e90000]
Native frames: (J=compiled Java code, j=interpreted, Vv=VM code, C=native code)
V  [jvm.dll+0x308dea]


Current CompileTask:
C2:    380  401       4       sun.java2d.pipe.DrawImage::scaleImage (68 bytes)


---------------  P R O C E S S  ---------------

Java Threads: ( => current thread )
  0x0000000002540800 JavaThread "DestroyJavaVM" [_thread_blocked, id=69036, stack(0x0000000002440000,0x0000000002540000)]
  0x000000001be27000 JavaThread "Thread-2" [_thread_blocked, id=69132, stack(0x000000001d190000,0x000000001d290000)]
  0x000000001be26000 JavaThread "D3D Screen Updater" daemon [_thread_blocked, id=69128, stack(0x000000001d090000,0x000000001d190000)]
  0x000000001be17800 JavaThread "AWT-EventQueue-0" [_thread_in_native, id=69140, stack(0x000000001ce90000,0x000000001cf90000)]
  0x000000001bdbb800 JavaThread "Image Fetcher 0" daemon [_thread_blocked, id=14804, stack(0x000000001cd90000,0x000000001ce90000)]
  0x0000000019977800 JavaThread "AWT-Windows" daemon [_thread_in_native, id=69196, stack(0x000000001a5c0000,0x000000001a6c0000)]
  0x0000000019975000 JavaThread "AWT-Shutdown" [_thread_blocked, id=68724, stack(0x000000001a4c0000,0x000000001a5c0000)]
  0x0000000019974000 JavaThread "Java2D Disposer" daemon [_thread_blocked, id=68052, stack(0x000000001a3c0000,0x000000001a4c0000)]
  0x000000001964f800 JavaThread "Service Thread" daemon [_thread_blocked, id=68700, stack(0x0000000019f90000,0x000000001a090000)]
  0x00000000195c8800 JavaThread "C1 CompilerThread3" daemon [_thread_blocked, id=68816, stack(0x0000000019e90000,0x0000000019f90000)]
=>0x00000000195c1800 JavaThread "C2 CompilerThread2" daemon [_thread_in_native, id=67596, stack(0x0000000019d90000,0x0000000019e90000)]
  0x00000000195bb800 JavaThread "C2 CompilerThread1" daemon [_thread_blocked, id=63720, stack(0x0000000019c90000,0x0000000019d90000)]
  0x00000000195b5000 JavaThread "C2 CompilerThread0" daemon [_thread_in_native, id=68612, stack(0x0000000019b90000,0x0000000019c90000)]
  0x00000000195b3800 JavaThread "Attach Listener" daemon [_thread_blocked, id=63064, stack(0x0000000019a90000,0x0000000019b90000)]
  0x00000000175ce800 JavaThread "Signal Dispatcher" daemon [_thread_blocked, id=69524, stack(0x0000000019990000,0x0000000019a90000)]
  0x0000000002638000 JavaThread "Finalizer" daemon [_thread_blocked, id=68636, stack(0x0000000019490000,0x0000000019590000)]
  0x000000000262f000 JavaThread "Reference Handler" daemon [_thread_blocked, id=68688, stack(0x0000000019390000,0x0000000019490000)]

Other Threads:
  0x00000000175b9000 VMThread [stack: 0x0000000019290000,0x0000000019390000] [id=68448]
  0x0000000019653000 WatcherThread [stack: 0x000000001a090000,0x000000001a190000] [id=68224]

VM state:not at safepoint (normal execution)

VM Mutex/Monitor currently owned by a thread: None

Heap:
 PSYoungGen      total 2560K, used 1962K [0x00000000d5f00000, 0x00000000d6200000, 0x0000000100000000)
  eden space 2048K, 70% used [0x00000000d5f00000,0x00000000d606aa10,0x00000000d6100000)
  from space 512K, 100% used [0x00000000d6180000,0x00000000d6200000,0x00000000d6200000)
  to   space 512K, 0% used [0x00000000d6100000,0x00000000d6100000,0x00000000d6180000)
 ParOldGen       total 129536K, used 3942K [0x0000000081c00000, 0x0000000089a80000, 0x00000000d5f00000)
  object space 129536K, 3% used [0x0000000081c00000,0x0000000081fd9a10,0x0000000089a80000)
 Metaspace       used 9242K, capacity 9366K, committed 9600K, reserved 1058816K
  class space    used 1110K, capacity 1145K, committed 1152K, reserved 1048576K

Card table byte_map: [0x0000000011a00000,0x0000000011e00000] byte_map_base: 0x00000000115f2000

Marking Bits: (ParMarkBitMap*) 0x00000000755b13b0
 Begin Bits: [0x00000000128b0000, 0x0000000014840000)
 End Bits:   [0x0000000014840000, 0x00000000167d0000)

Polling page: 0x0000000000c10000

CodeCache: size=245760Kb used=1934Kb max_used=1945Kb free=243825Kb
 bounds [0x0000000002640000, 0x00000000028b0000, 0x0000000011640000]
 total_blobs=862 nmethods=399 adapters=377
 compilation: enabled

Compilation events (10 events):
Event: 0.366 Thread 0x00000000195c1800 nmethod 395 0x0000000002822850 code [0x00000000028229e0, 0x0000000002822ca8]
Event: 0.369 Thread 0x00000000195c8800  397       1       java.util.concurrent.locks.AbstractQueuedSynchronizer::getState (5 bytes)
Event: 0.369 Thread 0x00000000195c8800 nmethod 397 0x0000000002822590 code [0x00000000028226e0, 0x00000000028227f0]
Event: 0.371 Thread 0x00000000195c8800  398       1       java.awt.Component::getPeer (5 bytes)
Event: 0.371 Thread 0x00000000195c8800 nmethod 398 0x00000000028222d0 code [0x0000000002822420, 0x0000000002822530]
Event: 0.374 Thread 0x00000000195bb800  400       4       java.awt.image.BufferedImage::getWidth (8 bytes)
Event: 0.374 Thread 0x00000000195c1800  401       4       sun.java2d.pipe.DrawImage::scaleImage (68 bytes)
Event: 0.375 Thread 0x00000000195bb800 nmethod 400 0x0000000002814b10 code [0x0000000002814c40, 0x0000000002814cb8]
Event: 0.375 Thread 0x00000000195bb800  402       4       java.awt.image.BufferedImage::getHeight (8 bytes)
Event: 0.375 Thread 0x00000000195bb800 nmethod 402 0x0000000002822050 code [0x0000000002822180, 0x00000000028221f8]

GC Heap History (8 events):
Event: 0.071 GC heap before
{Heap before GC invocations=1 (full 0):
 PSYoungGen      total 1024K, used 501K [0x00000000d5f00000, 0x00000000d6080000, 0x0000000100000000)
  eden space 512K, 97% used [0x00000000d5f00000,0x00000000d5f7d578,0x00000000d5f80000)
  from space 512K, 0% used [0x00000000d6000000,0x00000000d6000000,0x00000000d6080000)
  to   space 512K, 0% used [0x00000000d5f80000,0x00000000d5f80000,0x00000000d6000000)
 ParOldGen       total 129536K, used 0K [0x0000000081c00000, 0x0000000089a80000, 0x00000000d5f00000)
  object space 129536K, 0% used [0x0000000081c00000,0x0000000081c00000,0x0000000089a80000)
 Metaspace       used 3087K, capacity 4594K, committed 4864K, reserved 1056768K
  class space    used 334K, capacity 418K, committed 512K, reserved 1048576K
Event: 0.072 GC heap after
Heap after GC invocations=1 (full 0):
 PSYoungGen      total 1024K, used 416K [0x00000000d5f00000, 0x00000000d6100000, 0x0000000100000000)
  eden space 512K, 0% used [0x00000000d5f00000,0x00000000d5f00000,0x00000000d5f80000)
  from space 512K, 81% used [0x00000000d5f80000,0x00000000d5fe8020,0x00000000d6000000)
  to   space 512K, 0% used [0x00000000d6080000,0x00000000d6080000,0x00000000d6100000)
 ParOldGen       total 129536K, used 8K [0x0000000081c00000, 0x0000000089a80000, 0x00000000d5f00000)
  object space 129536K, 0% used [0x0000000081c00000,0x0000000081c02000,0x0000000089a80000)
 Metaspace       used 3087K, capacity 4594K, committed 4864K, reserved 1056768K
  class space    used 334K, capacity 418K, committed 512K, reserved 1048576K
}
Event: 0.116 GC heap before
{Heap before GC invocations=2 (full 0):
 PSYoungGen      total 1024K, used 928K [0x00000000d5f00000, 0x00000000d6100000, 0x0000000100000000)
  eden space 512K, 100% used [0x00000000d5f00000,0x00000000d5f80000,0x00000000d5f80000)
  from space 512K, 81% used [0x00000000d5f80000,0x00000000d5fe8020,0x00000000d6000000)
  to   space 512K, 0% used [0x00000000d6080000,0x00000000d6080000,0x00000000d6100000)
 ParOldGen       total 129536K, used 8K [0x0000000081c00000, 0x0000000089a80000, 0x00000000d5f00000)
  object space 129536K, 0% used [0x0000000081c00000,0x0000000081c02000,0x0000000089a80000)
 Metaspace       used 4773K, capacity 4884K, committed 4992K, reserved 1056768K
  class space    used 529K, capacity 563K, committed 640K, reserved 1048576K
Event: 0.118 GC heap after
Heap after GC invocations=2 (full 0):
 PSYoungGen      total 1536K, used 496K [0x00000000d5f00000, 0x00000000d6100000, 0x0000000100000000)
  eden space 1024K, 0% used [0x00000000d5f00000,0x00000000d5f00000,0x00000000d6000000)
  from space 512K, 96% used [0x00000000d6080000,0x00000000d60fc010,0x00000000d6100000)
  to   space 512K, 0% used [0x00000000d6000000,0x00000000d6000000,0x00000000d6080000)
 ParOldGen       total 129536K, used 104K [0x0000000081c00000, 0x0000000089a80000, 0x00000000d5f00000)
  object space 129536K, 0% used [0x0000000081c00000,0x0000000081c1a000,0x0000000089a80000)
 Metaspace       used 4773K, capacity 4884K, committed 4992K, reserved 1056768K
  class space    used 529K, capacity 563K, committed 640K, reserved 1048576K
}
Event: 0.198 GC heap before
{Heap before GC invocations=3 (full 0):
 PSYoungGen      total 1536K, used 1520K [0x00000000d5f00000, 0x00000000d6100000, 0x0000000100000000)
  eden space 1024K, 100% used [0x00000000d5f00000,0x00000000d6000000,0x00000000d6000000)
  from space 512K, 96% used [0x00000000d6080000,0x00000000d60fc010,0x00000000d6100000)
  to   space 512K, 0% used [0x00000000d6000000,0x00000000d6000000,0x00000000d6080000)
 ParOldGen       total 129536K, used 104K [0x0000000081c00000, 0x0000000089a80000, 0x00000000d5f00000)
  object space 129536K, 0% used [0x0000000081c00000,0x0000000081c1a000,0x0000000089a80000)
 Metaspace       used 6040K, capacity 6174K, committed 6400K, reserved 1056768K
  class space    used 685K, capacity 724K, committed 768K, reserved 1048576K
Event: 0.199 GC heap after
Heap after GC invocations=3 (full 0):
 PSYoungGen      total 1536K, used 496K [0x00000000d5f00000, 0x00000000d6200000, 0x0000000100000000)
  eden space 1024K, 0% used [0x00000000d5f00000,0x00000000d5f00000,0x00000000d6000000)
  from space 512K, 96% used [0x00000000d6000000,0x00000000d607c010,0x00000000d6080000)
  to   space 512K, 0% used [0x00000000d6180000,0x00000000d6180000,0x00000000d6200000)
 ParOldGen       total 129536K, used 480K [0x0000000081c00000, 0x0000000089a80000, 0x00000000d5f00000)
  object space 129536K, 0% used [0x0000000081c00000,0x0000000081c78010,0x0000000089a80000)
 Metaspace       used 6040K, capacity 6174K, committed 6400K, reserved 1056768K
  class space    used 685K, capacity 724K, committed 768K, reserved 1048576K
}
Event: 0.309 GC heap before
{Heap before GC invocations=4 (full 0):
 PSYoungGen      total 1536K, used 1520K [0x00000000d5f00000, 0x00000000d6200000, 0x0000000100000000)
  eden space 1024K, 100% used [0x00000000d5f00000,0x00000000d6000000,0x00000000d6000000)
  from space 512K, 96% used [0x00000000d6000000,0x00000000d607c010,0x00000000d6080000)
  to   space 512K, 0% used [0x00000000d6180000,0x00000000d6180000,0x00000000d6200000)
 ParOldGen       total 129536K, used 3350K [0x0000000081c00000, 0x0000000089a80000, 0x00000000d5f00000)
  object space 129536K, 2% used [0x0000000081c00000,0x0000000081f459e0,0x0000000089a80000)
 Metaspace       used 8862K, capacity 9014K, committed 9088K, reserved 1056768K
  class space    used 1068K, capacity 1113K, committed 1152K, reserved 1048576K
Event: 0.312 GC heap after
Heap after GC invocations=4 (full 0):
 PSYoungGen      total 2560K, used 512K [0x00000000d5f00000, 0x00000000d6200000, 0x0000000100000000)
  eden space 2048K, 0% used [0x00000000d5f00000,0x00000000d5f00000,0x00000000d6100000)
  from space 512K, 100% used [0x00000000d6180000,0x00000000d6200000,0x00000000d6200000)
  to   space 512K, 0% used [0x00000000d6100000,0x00000000d6100000,0x00000000d6180000)
 ParOldGen       total 129536K, used 3942K [0x0000000081c00000, 0x0000000089a80000, 0x00000000d5f00000)
  object space 129536K, 3% used [0x0000000081c00000,0x0000000081fd9a10,0x0000000089a80000)
 Metaspace       used 8862K, capacity 9014K, committed 9088K, reserved 1056768K
  class space    used 1068K, capacity 1113K, committed 1152K, reserved 1048576K
}

Deoptimization events (0 events):
No events

Internal exceptions (10 events):
Event: 0.194 Thread 0x0000000002540800 Exception <a 'java/security/PrivilegedActionException'> (0x00000000d5fe8480) thrown at [D:\re\workspace\8-2-build-windows-amd64-cygwin\jdk8u5\2488\hotspot\src\share\vm\prims\jvm.cpp, line 1248]
Event: 0.194 Thread 0x0000000002540800 Exception <a 'java/security/PrivilegedActionException'> (0x00000000d5fe9608) thrown at [D:\re\workspace\8-2-build-windows-amd64-cygwin\jdk8u5\2488\hotspot\src\share\vm\prims\jvm.cpp, line 1248]
Event: 0.210 Thread 0x0000000002540800 Exception <a 'java/security/PrivilegedActionException'> (0x00000000d5f399e0) thrown at [D:\re\workspace\8-2-build-windows-amd64-cygwin\jdk8u5\2488\hotspot\src\share\vm\prims\jvm.cpp, line 1248]
Event: 0.220 Thread 0x0000000002540800 Exception <a 'java/security/PrivilegedActionException'> (0x00000000d5f4e170) thrown at [D:\re\workspace\8-2-build-windows-amd64-cygwin\jdk8u5\2488\hotspot\src\share\vm\prims\jvm.cpp, line 1248]
Event: 0.233 Thread 0x0000000002540800 Exception <a 'java/security/PrivilegedActionException'> (0x00000000d5f80a90) thrown at [D:\re\workspace\8-2-build-windows-amd64-cygwin\jdk8u5\2488\hotspot\src\share\vm\prims\jvm.cpp, line 1248]
Event: 0.233 Thread 0x0000000002540800 Exception <a 'java/security/PrivilegedActionException'> (0x00000000d5f81dc0) thrown at [D:\re\workspace\8-2-build-windows-amd64-cygwin\jdk8u5\2488\hotspot\src\share\vm\prims\jvm.cpp, line 1248]
Event: 0.234 Thread 0x0000000002540800 Exception <a 'java/security/PrivilegedActionException'> (0x00000000d5f850a8) thrown at [D:\re\workspace\8-2-build-windows-amd64-cygwin\jdk8u5\2488\hotspot\src\share\vm\prims\jvm.cpp, line 1248]
Event: 0.280 Thread 0x0000000002540800 Exception <a 'java/security/PrivilegedActionException'> (0x00000000d5fea780) thrown at [D:\re\workspace\8-2-build-windows-amd64-cygwin\jdk8u5\2488\hotspot\src\share\vm\prims\jvm.cpp, line 1248]
Event: 0.312 Thread 0x000000001be17800 Exception <a 'java/security/PrivilegedActionException'> (0x00000000d5f00890) thrown at [D:\re\workspace\8-2-build-windows-amd64-cygwin\jdk8u5\2488\hotspot\src\share\vm\prims\jvm.cpp, line 1248]
Event: 0.314 Thread 0x000000001be17800 Exception <a 'java/security/PrivilegedActionException'> (0x00000000d5f36a28) thrown at [D:\re\workspace\8-2-build-windows-amd64-cygwin\jdk8u5\2488\hotspot\src\share\vm\prims\jvm.cpp, line 1248]

Events (10 events):
Event: 0.346 loading class sun/awt/im/CompositionAreaHandler
Event: 0.346 loading class sun/awt/im/CompositionAreaHandler done
Event: 0.346 loading class java/text/AttributedString
Event: 0.346 loading class java/text/AttributedString done
Event: 0.346 loading class java/text/AttributedString$AttributedStringIterator
Event: 0.346 loading class java/text/AttributedCharacterIterator
Event: 0.346 loading class java/text/CharacterIterator
Event: 0.346 loading class java/text/CharacterIterator done
Event: 0.346 loading class java/text/AttributedCharacterIterator done
Event: 0.346 loading class java/text/AttributedString$AttributedStringIterator done


Dynamic libraries:
0x00007ff78f610000 - 0x00007ff78f644000 	C:\Program Files\Java\jdk1.8.0_05\bin\java.exe
0x00007ff885990000 - 0x00007ff885b3c000 	C:\Windows\SYSTEM32\ntdll.dll
0x00007ff884f60000 - 0x00007ff88509a000 	C:\Windows\system32\KERNEL32.DLL
0x00007ff882ed0000 - 0x00007ff882fdf000 	C:\Windows\system32\KERNELBASE.dll
0x00007ff881370000 - 0x00007ff8813f8000 	C:\Windows\system32\apphelp.dll
0x00007ff876c20000 - 0x00007ff876c6f000 	C:\Windows\AppPatch\AppPatch64\AcGenral.DLL
0x00007ff885170000 - 0x00007ff885217000 	C:\Windows\system32\msvcrt.dll
0x00007ff8829b0000 - 0x00007ff8829db000 	C:\Windows\SYSTEM32\SspiCli.dll
0x00007ff8852f0000 - 0x00007ff885341000 	C:\Windows\system32\SHLWAPI.dll
0x00007ff885350000 - 0x00007ff8854c1000 	C:\Windows\system32\USER32.dll
0x00007ff885620000 - 0x00007ff885798000 	C:\Windows\system32\ole32.dll
0x00007ff8833e0000 - 0x00007ff8848f8000 	C:\Windows\system32\SHELL32.dll
0x00007ff882000000 - 0x00007ff88201e000 	C:\Windows\SYSTEM32\USERENV.dll
0x00007ff884ae0000 - 0x00007ff884b85000 	C:\Windows\system32\ADVAPI32.dll
0x00007ff873dc0000 - 0x00007ff873ddb000 	C:\Windows\SYSTEM32\MPR.dll
0x00007ff8832a0000 - 0x00007ff8833d7000 	C:\Windows\system32\RPCRT4.dll
0x00007ff884f00000 - 0x00007ff884f57000 	C:\Windows\SYSTEM32\sechost.dll
0x00007ff884900000 - 0x00007ff884ad6000 	C:\Windows\SYSTEM32\combase.dll
0x00007ff8854d0000 - 0x00007ff885614000 	C:\Windows\system32\GDI32.dll
0x00007ff882bd0000 - 0x00007ff882be4000 	C:\Windows\SYSTEM32\profapi.dll
0x00007ff882260000 - 0x00007ff882312000 	C:\Windows\SYSTEM32\SHCORE.dll
0x00007ff8850a0000 - 0x00007ff8850d4000 	C:\Windows\system32\IMM32.DLL
0x00007ff884da0000 - 0x00007ff884ef1000 	C:\Windows\system32\MSCTF.dll
0x00007ff882650000 - 0x00007ff8828aa000 	C:\Windows\WinSxS\amd64_microsoft.windows.common-controls_6595b64144ccf1df_6.0.9600.17031_none_6242a4b3ecbb55a1\COMCTL32.dll
0x00000000759a0000 - 0x0000000075a72000 	C:\Program Files\Java\jdk1.8.0_05\jre\bin\msvcr100.dll
0x0000000074e00000 - 0x000000007562a000 	C:\Program Files\Java\jdk1.8.0_05\jre\bin\server\jvm.dll
0x00007ff878290000 - 0x00007ff878299000 	C:\Windows\SYSTEM32\WSOCK32.dll
0x00007ff87ed60000 - 0x00007ff87ed7f000 	C:\Windows\SYSTEM32\WINMM.dll
0x00007ff8830e0000 - 0x00007ff8830e7000 	C:\Windows\system32\PSAPI.DLL
0x00007ff8850e0000 - 0x00007ff885138000 	C:\Windows\system32\WS2_32.dll
0x00007ff87eb10000 - 0x00007ff87eb3a000 	C:\Windows\SYSTEM32\WINMMBASE.dll
0x00007ff884bf0000 - 0x00007ff884bf9000 	C:\Windows\system32\NSI.dll
0x00007ff882ca0000 - 0x00007ff882cea000 	C:\Windows\SYSTEM32\cfgmgr32.dll
0x00007ff8815d0000 - 0x00007ff8815f6000 	C:\Windows\SYSTEM32\DEVOBJ.dll
0x0000000075950000 - 0x000000007595f000 	C:\Program Files\Java\jdk1.8.0_05\jre\bin\verify.dll
0x0000000075920000 - 0x0000000075948000 	C:\Program Files\Java\jdk1.8.0_05\jre\bin\java.dll
0x0000000075900000 - 0x0000000075916000 	C:\Program Files\Java\jdk1.8.0_05\jre\bin\zip.dll
0x0000000075720000 - 0x00000000758b6000 	C:\Program Files\Java\jdk1.8.0_05\jre\bin\awt.dll
0x00007ff885220000 - 0x00007ff8852e1000 	C:\Windows\system32\OLEAUT32.dll
0x00007ff880c10000 - 0x00007ff880c30000 	C:\Windows\system32\DWMAPI.DLL
0x00007ff881440000 - 0x00007ff881561000 	C:\Windows\system32\uxtheme.dll
0x00007ff87cbf0000 - 0x00007ff87cd63000 	C:\Program Files (x86)\Stardock\Start8\Start8_64.dll
0x00007ff881570000 - 0x00007ff88157a000 	C:\Windows\SYSTEM32\kernel.appcore.dll
0x00007ff882a40000 - 0x00007ff882a4a000 	C:\Windows\SYSTEM32\CRYPTBASE.dll
0x00007ff8829e0000 - 0x00007ff882a40000 	C:\Windows\SYSTEM32\bcryptPrimitives.dll
0x00007ff86b2e0000 - 0x00007ff86b4e8000 	C:\Windows\system32\d3d9.dll
0x00007ff880a50000 - 0x00007ff880a5a000 	C:\Windows\SYSTEM32\VERSION.dll
0x00007ff880550000 - 0x00007ff880642000 	C:\Windows\SYSTEM32\nvumdshimx.dll
0x00007ff8857b0000 - 0x00007ff885984000 	C:\Windows\system32\SETUPAPI.dll
0x00007ff8804e0000 - 0x00007ff880511000 	C:\Windows\system32\nvinitx.dll
0x00007ff868920000 - 0x00007ff869a07000 	C:\Windows\system32\nvd3dumx.dll
0x00007ff882b70000 - 0x00007ff882bb5000 	C:\Windows\system32\powrprof.dll
0x00007ff87e920000 - 0x00007ff87ea88000 	C:\Program Files (x86)\NVIDIA Corporation\3D Vision\nvSCPAPI64.dll
0x00000000758e0000 - 0x00000000758fa000 	C:\Program Files\Java\jdk1.8.0_05\jre\bin\net.dll
0x00007ff881ef0000 - 0x00007ff881f48000 	C:\Windows\system32\mswsock.dll
0x00000000758c0000 - 0x00000000758d1000 	C:\Program Files\Java\jdk1.8.0_05\jre\bin\nio.dll
0x00000000756d0000 - 0x0000000075717000 	C:\Program Files\Java\jdk1.8.0_05\jre\bin\fontmanager.dll
0x0000000075680000 - 0x00000000756c1000 	C:\Program Files\Java\jdk1.8.0_05\jre\bin\t2k.dll

VM Arguments:
jvm_args: -Dfile.encoding=UTF-8 
java_command: City.City
java_class_path (initial): C:\Users\The Venator\Documents\NetBeansProjects\liife\build\classes
Launcher Type: SUN_STANDARD

Environment Variables:
PATH=C:\Windows\system32;C:\Windows;C:\Windows\System32\Wbem;C:\Windows\System32\WindowsPowerShell\v1.0\;C:\Program Files (x86)\GNU\GnuPG\pub;C:\Program Files\TortoiseSVN\bin;.;
USERNAME=The Venator
OS=Windows_NT
PROCESSOR_IDENTIFIER=Intel64 Family 6 Model 42 Stepping 7, GenuineIntel



---------------  S Y S T E M  ---------------

OS: Windows 8.1 , 64 bit Build 9600 

CPU:total 8 (4 cores per cpu, 2 threads per core) family 6 model 42 stepping 7, cmov, cx8, fxsr, mmx, sse, sse2, sse3, ssse3, sse4.1, sse4.2, popcnt, avx, aes, clmul, ht, tsc, tscinvbit

Memory: 4k page, physical 8270304k(1326600k free), swap 10521476k(5136k free)

vm_info: Java HotSpot(TM) 64-Bit Server VM (25.5-b02) for windows-amd64 JRE (1.8.0_05-b13), built on Mar 18 2014 01:08:39 by "java_re" with MS VC++ 10.0 (VS2010)

time: Fri Mar 27 16:27:02 2015
elapsed time: 0 seconds

