#
# There is insufficient memory for the Java Runtime Environment to continue.
# Native memory allocation (malloc) failed to allocate 1048576 bytes for AllocateHeap
# Possible reasons:
#   The system is out of physical RAM or swap space
#   In 32 bit mode, the process size limit was hit
# Possible solutions:
#   Reduce memory load on the system
#   Increase physical memory or swap space
#   Check if swap backing store is full
#   Use 64 bit Java on a 64 bit OS
#   Decrease Java heap size (-Xmx/-Xms)
#   Decrease number of Java threads
#   Decrease Java thread stack sizes (-Xss)
#   Set larger code cache with -XX:ReservedCodeCacheSize=
# This output file may be truncated or incomplete.
#
#  Out of Memory Error (memory/allocation.inline.hpp:62), pid=31916, tid=5648
#
# JRE version:  (8.0_05-b13) (build )
# Java VM: Java HotSpot(TM) 64-Bit Server VM (25.5-b02 mixed mode windows-amd64 compressed oops)
# Failed to write core dump. Minidumps are not enabled by default on client versions of Windows
#

---------------  T H R E A D  ---------------

Current thread (0x0000000002ad0800):  JavaThread "Unknown thread" [_thread_in_vm, id=5648, stack(0x0000000002920000,0x0000000002a20000)]

Stack: [0x0000000002920000,0x0000000002a20000]
Native frames: (J=compiled Java code, j=interpreted, Vv=VM code, C=native code)
V  [jvm.dll+0x308dea]


---------------  P R O C E S S  ---------------

Java Threads: ( => current thread )

Other Threads:

=>0x0000000002ad0800 (exited) JavaThread "Unknown thread" [_thread_in_vm, id=5648, stack(0x0000000002920000,0x0000000002a20000)]

VM state:not at safepoint (normal execution)

VM Mutex/Monitor currently owned by a thread: None

Heap:
 PSYoungGen      total 1024K, used 20K [0x00000000d5f00000, 0x00000000d6080000, 0x0000000100000000)
  eden space 512K, 4% used [0x00000000d5f00000,0x00000000d5f05288,0x00000000d5f80000)
  from space 512K, 0% used [0x00000000d6000000,0x00000000d6000000,0x00000000d6080000)
  to   space 512K, 0% used [0x00000000d5f80000,0x00000000d5f80000,0x00000000d6000000)
 ParOldGen       total 129536K, used 0K [0x0000000081c00000, 0x0000000089a80000, 0x00000000d5f00000)
  object space 129536K, 0% used [0x0000000081c00000,0x0000000081c00000,0x0000000089a80000)
 Metaspace       used 673K, capacity 4480K, committed 4480K, reserved 1056768K
  class space    used 66K, capacity 384K, committed 384K, reserved 1048576K

Card table byte_map: [0x0000000011f90000,0x0000000012390000] byte_map_base: 0x0000000011b82000

Marking Bits: (ParMarkBitMap*) 0x00000000755b13b0
 Begin Bits: [0x0000000012e40000, 0x0000000014dd0000)
 End Bits:   [0x0000000014dd0000, 0x0000000016d60000)

Polling page: 0x00000000011a0000

CodeCache: size=245760Kb used=327Kb max_used=327Kb free=245432Kb
 bounds [0x0000000002bd0000, 0x0000000002e40000, 0x0000000011bd0000]
 total_blobs=56 nmethods=0 adapters=37
 compilation: enabled

Compilation events (0 events):
No events

GC Heap History (0 events):
No events

Deoptimization events (0 events):
No events

Internal exceptions (0 events):
No events

Events (10 events):
Event: 0.017 loading class java/lang/Short
Event: 0.017 loading class java/lang/Short done
Event: 0.017 loading class java/lang/Integer
Event: 0.017 loading class java/lang/Integer done
Event: 0.017 loading class java/lang/Long
Event: 0.017 loading class java/lang/Long done
Event: 0.018 loading class java/lang/NullPointerException
Event: 0.018 loading class java/lang/NullPointerException done
Event: 0.018 loading class java/lang/ArithmeticException
Event: 0.018 loading class java/lang/ArithmeticException done


Dynamic libraries:
0x00007ff6002f0000 - 0x00007ff600324000 	C:\Program Files\Java\jdk1.8.0_05\bin\java.exe
0x00007ff885990000 - 0x00007ff885b3c000 	C:\Windows\SYSTEM32\ntdll.dll
0x00007ff884f60000 - 0x00007ff88509a000 	C:\Windows\system32\KERNEL32.DLL
0x00007ff882ed0000 - 0x00007ff882fdf000 	C:\Windows\system32\KERNELBASE.dll
0x00007ff881370000 - 0x00007ff8813f8000 	C:\Windows\system32\apphelp.dll
0x00007ff862800000 - 0x00007ff86284f000 	C:\Windows\AppPatch\AppPatch64\AcGenral.DLL
0x00007ff885170000 - 0x00007ff885217000 	C:\Windows\system32\msvcrt.dll
0x00007ff8829b0000 - 0x00007ff8829db000 	C:\Windows\SYSTEM32\SspiCli.dll
0x00007ff8852f0000 - 0x00007ff885341000 	C:\Windows\system32\SHLWAPI.dll
0x00007ff885350000 - 0x00007ff8854c1000 	C:\Windows\system32\USER32.dll
0x00007ff885620000 - 0x00007ff885798000 	C:\Windows\system32\ole32.dll
0x00007ff8833e0000 - 0x00007ff8848f8000 	C:\Windows\system32\SHELL32.dll
0x00007ff882000000 - 0x00007ff88201e000 	C:\Windows\SYSTEM32\USERENV.dll
0x00007ff884ae0000 - 0x00007ff884b85000 	C:\Windows\system32\ADVAPI32.dll
0x00007ff873dc0000 - 0x00007ff873ddb000 	C:\Windows\SYSTEM32\MPR.dll
0x00007ff8832a0000 - 0x00007ff8833d7000 	C:\Windows\system32\RPCRT4.dll
0x00007ff884f00000 - 0x00007ff884f57000 	C:\Windows\SYSTEM32\sechost.dll
0x00007ff884900000 - 0x00007ff884ad6000 	C:\Windows\SYSTEM32\combase.dll
0x00007ff8854d0000 - 0x00007ff885614000 	C:\Windows\system32\GDI32.dll
0x00007ff882bd0000 - 0x00007ff882be4000 	C:\Windows\SYSTEM32\profapi.dll
0x00007ff882260000 - 0x00007ff882312000 	C:\Windows\SYSTEM32\SHCORE.dll
0x00007ff8850a0000 - 0x00007ff8850d4000 	C:\Windows\system32\IMM32.DLL
0x00007ff884da0000 - 0x00007ff884ef1000 	C:\Windows\system32\MSCTF.dll
0x00007ff882650000 - 0x00007ff8828aa000 	C:\Windows\WinSxS\amd64_microsoft.windows.common-controls_6595b64144ccf1df_6.0.9600.17031_none_6242a4b3ecbb55a1\COMCTL32.dll
0x00000000759a0000 - 0x0000000075a72000 	C:\Program Files\Java\jdk1.8.0_05\jre\bin\msvcr100.dll
0x0000000074e00000 - 0x000000007562a000 	C:\Program Files\Java\jdk1.8.0_05\jre\bin\server\jvm.dll
0x00007ff878290000 - 0x00007ff878299000 	C:\Windows\SYSTEM32\WSOCK32.dll
0x00007ff87ed60000 - 0x00007ff87ed7f000 	C:\Windows\SYSTEM32\WINMM.dll
0x00007ff8830e0000 - 0x00007ff8830e7000 	C:\Windows\system32\PSAPI.DLL
0x00007ff8850e0000 - 0x00007ff885138000 	C:\Windows\system32\WS2_32.dll
0x00007ff87eb10000 - 0x00007ff87eb3a000 	C:\Windows\SYSTEM32\WINMMBASE.dll
0x00007ff884bf0000 - 0x00007ff884bf9000 	C:\Windows\system32\NSI.dll
0x00007ff882ca0000 - 0x00007ff882cea000 	C:\Windows\SYSTEM32\cfgmgr32.dll
0x00007ff8815d0000 - 0x00007ff8815f6000 	C:\Windows\SYSTEM32\DEVOBJ.dll
0x0000000075950000 - 0x000000007595f000 	C:\Program Files\Java\jdk1.8.0_05\jre\bin\verify.dll
0x0000000075920000 - 0x0000000075948000 	C:\Program Files\Java\jdk1.8.0_05\jre\bin\java.dll
0x0000000075900000 - 0x0000000075916000 	C:\Program Files\Java\jdk1.8.0_05\jre\bin\zip.dll
0x00007ff879420000 - 0x00007ff8795a8000 	C:\Windows\SYSTEM32\dbghelp.dll

VM Arguments:
jvm_args: -Dfile.encoding=UTF-8 
java_command: City.City
java_class_path (initial): C:\Users\The Venator\Documents\NetBeansProjects\liife\build\classes
Launcher Type: SUN_STANDARD

Environment Variables:
PATH=C:\Windows\system32;C:\Windows;C:\Windows\System32\Wbem;C:\Windows\System32\WindowsPowerShell\v1.0\;C:\Program Files (x86)\GNU\GnuPG\pub;C:\Program Files\TortoiseSVN\bin
USERNAME=The Venator
OS=Windows_NT
PROCESSOR_IDENTIFIER=Intel64 Family 6 Model 42 Stepping 7, GenuineIntel



---------------  S Y S T E M  ---------------

OS: Windows 8.1 , 64 bit Build 9600 

CPU:total 8 (4 cores per cpu, 2 threads per core) family 6 model 42 stepping 7, cmov, cx8, fxsr, mmx, sse, sse2, sse3, ssse3, sse4.1, sse4.2, popcnt, avx, aes, clmul, ht, tsc, tscinvbit

Memory: 4k page, physical 8270304k(1668916k free), swap 10911048k(5124k free)

vm_info: Java HotSpot(TM) 64-Bit Server VM (25.5-b02) for windows-amd64 JRE (1.8.0_05-b13), built on Mar 18 2014 01:08:39 by "java_re" with MS VC++ 10.0 (VS2010)

time: Wed Mar 25 02:55:28 2015
elapsed time: 0 seconds

