#
# There is insufficient memory for the Java Runtime Environment to continue.
# Native memory allocation (malloc) failed to allocate 32744 bytes for ChunkPool::allocate
# Possible reasons:
#   The system is out of physical RAM or swap space
#   In 32 bit mode, the process size limit was hit
# Possible solutions:
#   Reduce memory load on the system
#   Increase physical memory or swap space
#   Check if swap backing store is full
#   Use 64 bit Java on a 64 bit OS
#   Decrease Java heap size (-Xmx/-Xms)
#   Decrease number of Java threads
#   Decrease Java thread stack sizes (-Xss)
#   Set larger code cache with -XX:ReservedCodeCacheSize=
# This output file may be truncated or incomplete.
#
#  Out of Memory Error (allocation.cpp:271), pid=87536, tid=88576
#
# JRE version: Java(TM) SE Runtime Environment (8.0_05-b13) (build 1.8.0_05-b13)
# Java VM: Java HotSpot(TM) 64-Bit Server VM (25.5-b02 mixed mode windows-amd64 compressed oops)
# Failed to write core dump. Minidumps are not enabled by default on client versions of Windows
#

---------------  T H R E A D  ---------------

Current thread (0x0000000019968800):  JavaThread "C2 CompilerThread1" daemon [_thread_in_native, id=88576, stack(0x000000001a040000,0x000000001a140000)]

Stack: [0x000000001a040000,0x000000001a140000]
Native frames: (J=compiled Java code, j=interpreted, Vv=VM code, C=native code)
V  [jvm.dll+0x308dea]
V  [jvm.dll+0x25def1]
V  [jvm.dll+0x25eb0f]
V  [jvm.dll+0x2564e5]
V  [jvm.dll+0xbcd21]
V  [jvm.dll+0xbd45c]
V  [jvm.dll+0x43f701]
V  [jvm.dll+0x443011]
V  [jvm.dll+0x427532]
V  [jvm.dll+0x96702]
V  [jvm.dll+0x96ef3]
V  [jvm.dll+0x2232c4]
V  [jvm.dll+0x27baca]
C  [msvcr100.dll+0x21d9f]
C  [msvcr100.dll+0x21e3b]
C  [KERNEL32.DLL+0x16ad]
C  [ntdll.dll+0x6eb64]


Current CompileTask:
C2:    337  327       4       java.util.concurrent.ConcurrentHashMap::get (162 bytes)


---------------  P R O C E S S  ---------------

Java Threads: ( => current thread )
  0x00000000028a0800 JavaThread "DestroyJavaVM" [_thread_blocked, id=88912, stack(0x00000000027a0000,0x00000000028a0000)]
  0x000000001a8c2800 JavaThread "Thread-2" [_thread_blocked, id=88164, stack(0x000000001d440000,0x000000001d540000)]
  0x000000001a8ab000 JavaThread "AWT-EventQueue-0" [_thread_in_Java, id=89448, stack(0x000000001d240000,0x000000001d340000)]
  0x000000001a89b800 JavaThread "Image Fetcher 0" daemon [_thread_blocked, id=89976, stack(0x000000001d140000,0x000000001d240000)]
  0x000000001a834000 JavaThread "AWT-Windows" daemon [_thread_in_native, id=88716, stack(0x000000001b210000,0x000000001b310000)]
  0x000000001a831800 JavaThread "AWT-Shutdown" [_thread_blocked, id=88356, stack(0x000000001b110000,0x000000001b210000)]
  0x000000001a830800 JavaThread "Java2D Disposer" daemon [_thread_blocked, id=88188, stack(0x000000001b010000,0x000000001b110000)]
  0x0000000019a0c000 JavaThread "Service Thread" daemon [_thread_blocked, id=10612, stack(0x000000001a340000,0x000000001a440000)]
  0x000000001997b000 JavaThread "C1 CompilerThread3" daemon [_thread_in_native, id=89396, stack(0x000000001a240000,0x000000001a340000)]
  0x000000001996a000 JavaThread "C2 CompilerThread2" daemon [_thread_blocked, id=89216, stack(0x000000001a140000,0x000000001a240000)]
=>0x0000000019968800 JavaThread "C2 CompilerThread1" daemon [_thread_in_native, id=88576, stack(0x000000001a040000,0x000000001a140000)]
  0x0000000019971000 JavaThread "C2 CompilerThread0" daemon [_thread_in_native, id=85852, stack(0x0000000019f40000,0x000000001a040000)]
  0x000000001996f000 JavaThread "Attach Listener" daemon [_thread_blocked, id=89444, stack(0x0000000019e40000,0x0000000019f40000)]
  0x000000001996d800 JavaThread "Signal Dispatcher" daemon [_thread_blocked, id=86232, stack(0x0000000019d40000,0x0000000019e40000)]
  0x0000000002997000 JavaThread "Finalizer" daemon [_thread_blocked, id=89236, stack(0x0000000019840000,0x0000000019940000)]
  0x000000000298e000 JavaThread "Reference Handler" daemon [_thread_blocked, id=89436, stack(0x0000000019740000,0x0000000019840000)]

Other Threads:
  0x0000000017949000 VMThread [stack: 0x0000000019640000,0x0000000019740000] [id=90012]
  0x0000000019a0e000 WatcherThread [stack: 0x000000001a440000,0x000000001a540000] [id=55704]

VM state:not at safepoint (normal execution)

VM Mutex/Monitor currently owned by a thread: None

Heap:
 PSYoungGen      total 2560K, used 1858K [0x00000000d5f00000, 0x00000000d6200000, 0x0000000100000000)
  eden space 2048K, 65% used [0x00000000d5f00000,0x00000000d60508f0,0x00000000d6100000)
  from space 512K, 100% used [0x00000000d6180000,0x00000000d6200000,0x00000000d6200000)
  to   space 512K, 0% used [0x00000000d6100000,0x00000000d6100000,0x00000000d6180000)
 ParOldGen       total 129536K, used 7835K [0x0000000081c00000, 0x0000000089a80000, 0x00000000d5f00000)
  object space 129536K, 6% used [0x0000000081c00000,0x00000000823a6d70,0x0000000089a80000)
 Metaspace       used 9019K, capacity 9168K, committed 9344K, reserved 1056768K
  class space    used 1090K, capacity 1136K, committed 1152K, reserved 1048576K

Card table byte_map: [0x0000000011d60000,0x0000000012160000] byte_map_base: 0x0000000011952000

Marking Bits: (ParMarkBitMap*) 0x0000000059d613b0
 Begin Bits: [0x0000000012c10000, 0x0000000014ba0000)
 End Bits:   [0x0000000014ba0000, 0x0000000016b30000)

Polling page: 0x0000000000f50000

CodeCache: size=245760Kb used=1770Kb max_used=1781Kb free=243989Kb
 bounds [0x00000000029a0000, 0x0000000002c10000, 0x00000000119a0000]
 total_blobs=773 nmethods=318 adapters=369
 compilation: enabled

Compilation events (10 events):
Event: 0.313 Thread 0x000000001997b000 nmethod 313 0x0000000002b58610 code [0x0000000002b58760, 0x0000000002b58870]
Event: 0.313 Thread 0x000000001997b000  315       3       java.util.regex.Matcher::reset (83 bytes)
Event: 0.313 Thread 0x000000001997b000 nmethod 315 0x0000000002b588d0 code [0x0000000002b58a60, 0x0000000002b58ee8]
Event: 0.316 Thread 0x000000001997b000  316       3       java.text.DecimalFormat::applyPattern (1591 bytes)
Event: 0.316 Thread 0x0000000019968800 nmethod 314 0x0000000002b5be90 code [0x0000000002b5bfe0, 0x0000000002b5c1d8]
Event: 0.318 Thread 0x0000000019971000  322       4       java.lang.String::getChars (62 bytes)
Event: 0.319 Thread 0x000000001996a000  323       4       java.lang.AbstractStringBuilder::append (50 bytes)
Event: 0.320 Thread 0x0000000019971000 nmethod 322 0x0000000002b5c310 code [0x0000000002b5c460, 0x0000000002b5c598]
Event: 0.320 Thread 0x0000000019968800  327       4       java.util.concurrent.ConcurrentHashMap::get (162 bytes)
Event: 0.320 Thread 0x0000000019971000  328       4       java.lang.StringBuilder::append (8 bytes)

GC Heap History (10 events):
Event: 0.071 GC heap before
{Heap before GC invocations=1 (full 0):
 PSYoungGen      total 1024K, used 511K [0x00000000d5f00000, 0x00000000d6080000, 0x0000000100000000)
  eden space 512K, 99% used [0x00000000d5f00000,0x00000000d5f7fd30,0x00000000d5f80000)
  from space 512K, 0% used [0x00000000d6000000,0x00000000d6000000,0x00000000d6080000)
  to   space 512K, 0% used [0x00000000d5f80000,0x00000000d5f80000,0x00000000d6000000)
 ParOldGen       total 129536K, used 0K [0x0000000081c00000, 0x0000000089a80000, 0x00000000d5f00000)
  object space 129536K, 0% used [0x0000000081c00000,0x0000000081c00000,0x0000000089a80000)
 Metaspace       used 2814K, capacity 4490K, committed 4864K, reserved 1056768K
  class space    used 317K, capacity 386K, committed 512K, reserved 1048576K
Event: 0.072 GC heap after
Heap after GC invocations=1 (full 0):
 PSYoungGen      total 1024K, used 512K [0x00000000d5f00000, 0x00000000d6100000, 0x0000000100000000)
  eden space 512K, 0% used [0x00000000d5f00000,0x00000000d5f00000,0x00000000d5f80000)
  from space 512K, 100% used [0x00000000d5f80000,0x00000000d6000000,0x00000000d6000000)
  to   space 512K, 0% used [0x00000000d6080000,0x00000000d6080000,0x00000000d6100000)
 ParOldGen       total 129536K, used 16K [0x0000000081c00000, 0x0000000089a80000, 0x00000000d5f00000)
  object space 129536K, 0% used [0x0000000081c00000,0x0000000081c04000,0x0000000089a80000)
 Metaspace       used 2814K, capacity 4490K, committed 4864K, reserved 1056768K
  class space    used 317K, capacity 386K, committed 512K, reserved 1048576K
}
Event: 0.131 GC heap before
{Heap before GC invocations=2 (full 0):
 PSYoungGen      total 1024K, used 1024K [0x00000000d5f00000, 0x00000000d6100000, 0x0000000100000000)
  eden space 512K, 100% used [0x00000000d5f00000,0x00000000d5f80000,0x00000000d5f80000)
  from space 512K, 100% used [0x00000000d5f80000,0x00000000d6000000,0x00000000d6000000)
  to   space 512K, 0% used [0x00000000d6080000,0x00000000d6080000,0x00000000d6100000)
 ParOldGen       total 129536K, used 16K [0x0000000081c00000, 0x0000000089a80000, 0x00000000d5f00000)
  object space 129536K, 0% used [0x0000000081c00000,0x0000000081c04000,0x0000000089a80000)
 Metaspace       used 5261K, capacity 5412K, committed 5632K, reserved 1056768K
  class space    used 588K, capacity 643K, committed 768K, reserved 1048576K
Event: 0.132 GC heap after
Heap after GC invocations=2 (full 0):
 PSYoungGen      total 1536K, used 512K [0x00000000d5f00000, 0x00000000d6100000, 0x0000000100000000)
  eden space 1024K, 0% used [0x00000000d5f00000,0x00000000d5f00000,0x00000000d6000000)
  from space 512K, 100% used [0x00000000d6080000,0x00000000d6100000,0x00000000d6100000)
  to   space 512K, 0% used [0x00000000d6000000,0x00000000d6000000,0x00000000d6080000)
 ParOldGen       total 129536K, used 176K [0x0000000081c00000, 0x0000000089a80000, 0x00000000d5f00000)
  object space 129536K, 0% used [0x0000000081c00000,0x0000000081c2c000,0x0000000089a80000)
 Metaspace       used 5261K, capacity 5412K, committed 5632K, reserved 1056768K
  class space    used 588K, capacity 643K, committed 768K, reserved 1048576K
}
Event: 0.206 GC heap before
{Heap before GC invocations=3 (full 0):
 PSYoungGen      total 1536K, used 1536K [0x00000000d5f00000, 0x00000000d6100000, 0x0000000100000000)
  eden space 1024K, 100% used [0x00000000d5f00000,0x00000000d6000000,0x00000000d6000000)
  from space 512K, 100% used [0x00000000d6080000,0x00000000d6100000,0x00000000d6100000)
  to   space 512K, 0% used [0x00000000d6000000,0x00000000d6000000,0x00000000d6080000)
 ParOldGen       total 129536K, used 176K [0x0000000081c00000, 0x0000000089a80000, 0x00000000d5f00000)
  object space 129536K, 0% used [0x0000000081c00000,0x0000000081c2c000,0x0000000089a80000)
 Metaspace       used 6407K, capacity 6558K, committed 6784K, reserved 1056768K
  class space    used 735K, capacity 780K, committed 896K, reserved 1048576K
Event: 0.207 GC heap after
Heap after GC invocations=3 (full 0):
 PSYoungGen      total 1536K, used 496K [0x00000000d5f00000, 0x00000000d6200000, 0x0000000100000000)
  eden space 1024K, 0% used [0x00000000d5f00000,0x00000000d5f00000,0x00000000d6000000)
  from space 512K, 96% used [0x00000000d6000000,0x00000000d607c010,0x00000000d6080000)
  to   space 512K, 0% used [0x00000000d6180000,0x00000000d6180000,0x00000000d6200000)
 ParOldGen       total 129536K, used 488K [0x0000000081c00000, 0x0000000089a80000, 0x00000000d5f00000)
  object space 129536K, 0% used [0x0000000081c00000,0x0000000081c7a010,0x0000000089a80000)
 Metaspace       used 6407K, capacity 6558K, committed 6784K, reserved 1056768K
  class space    used 735K, capacity 780K, committed 896K, reserved 1048576K
}
Event: 0.305 GC heap before
{Heap before GC invocations=4 (full 0):
 PSYoungGen      total 1536K, used 1517K [0x00000000d5f00000, 0x00000000d6200000, 0x0000000100000000)
  eden space 1024K, 99% used [0x00000000d5f00000,0x00000000d5fff780,0x00000000d6000000)
  from space 512K, 96% used [0x00000000d6000000,0x00000000d607c010,0x00000000d6080000)
  to   space 512K, 0% used [0x00000000d6180000,0x00000000d6180000,0x00000000d6200000)
 ParOldGen       total 129536K, used 3358K [0x0000000081c00000, 0x0000000089a80000, 0x00000000d5f00000)
  object space 129536K, 2% used [0x0000000081c00000,0x0000000081f479e0,0x0000000089a80000)
 Metaspace       used 8928K, capacity 9104K, committed 9344K, reserved 1056768K
  class space    used 1081K, capacity 1136K, committed 1152K, reserved 1048576K
Event: 0.307 GC heap after
Heap after GC invocations=4 (full 0):
 PSYoungGen      total 2560K, used 512K [0x00000000d5f00000, 0x00000000d6200000, 0x0000000100000000)
  eden space 2048K, 0% used [0x00000000d5f00000,0x00000000d5f00000,0x00000000d6100000)
  from space 512K, 100% used [0x00000000d6180000,0x00000000d6200000,0x00000000d6200000)
  to   space 512K, 0% used [0x00000000d6100000,0x00000000d6100000,0x00000000d6180000)
 ParOldGen       total 129536K, used 3974K [0x0000000081c00000, 0x0000000089a80000, 0x00000000d5f00000)
  object space 129536K, 3% used [0x0000000081c00000,0x0000000081fe1a20,0x0000000089a80000)
 Metaspace       used 8928K, capacity 9104K, committed 9344K, reserved 1056768K
  class space    used 1081K, capacity 1136K, committed 1152K, reserved 1048576K
}
Event: 0.313 GC heap before
{Heap before GC invocations=5 (full 0):
 PSYoungGen      total 2560K, used 2560K [0x00000000d5f00000, 0x00000000d6200000, 0x0000000100000000)
  eden space 2048K, 100% used [0x00000000d5f00000,0x00000000d6100000,0x00000000d6100000)
  from space 512K, 100% used [0x00000000d6180000,0x00000000d6200000,0x00000000d6200000)
  to   space 512K, 0% used [0x00000000d6100000,0x00000000d6100000,0x00000000d6180000)
 ParOldGen       total 129536K, used 3974K [0x0000000081c00000, 0x0000000089a80000, 0x00000000d5f00000)
  object space 129536K, 3% used [0x0000000081c00000,0x0000000081fe1a20,0x0000000089a80000)
 Metaspace       used 8938K, capacity 9104K, committed 9344K, reserved 1056768K
  class space    used 1081K, capacity 1136K, committed 1152K, reserved 1048576K
Event: 0.316 GC heap after
Heap after GC invocations=5 (full 0):
 PSYoungGen      total 2560K, used 512K [0x00000000d5f00000, 0x00000000d6200000, 0x0000000100000000)
  eden space 2048K, 0% used [0x00000000d5f00000,0x00000000d5f00000,0x00000000d6100000)
  from space 512K, 100% used [0x00000000d6100000,0x00000000d6180000,0x00000000d6180000)
  to   space 512K, 0% used [0x00000000d6180000,0x00000000d6180000,0x00000000d6200000)
 ParOldGen       total 129536K, used 5880K [0x0000000081c00000, 0x0000000089a80000, 0x00000000d5f00000)
  object space 129536K, 4% used [0x0000000081c00000,0x00000000821be3d0,0x0000000089a80000)
 Metaspace       used 8938K, capacity 9104K, committed 9344K, reserved 1056768K
  class space    used 1081K, capacity 1136K, committed 1152K, reserved 1048576K
}

Deoptimization events (0 events):
No events

Internal exceptions (10 events):
Event: 0.144 Thread 0x00000000028a0800 Exception <a 'java/lang/NoSuchFieldError': method resolution failed> (0x00000000d5f674b8) thrown at [D:\re\workspace\8-2-build-windows-amd64-cygwin\jdk8u5\2488\hotspot\src\share\vm\prims\methodHandles.cpp, line 1159]
Event: 0.209 Thread 0x00000000028a0800 Exception <a 'java/security/PrivilegedActionException'> (0x00000000d5f028b0) thrown at [D:\re\workspace\8-2-build-windows-amd64-cygwin\jdk8u5\2488\hotspot\src\share\vm\prims\jvm.cpp, line 1248]
Event: 0.209 Thread 0x00000000028a0800 Exception <a 'java/security/PrivilegedActionException'> (0x00000000d5f03a38) thrown at [D:\re\workspace\8-2-build-windows-amd64-cygwin\jdk8u5\2488\hotspot\src\share\vm\prims\jvm.cpp, line 1248]
Event: 0.210 Thread 0x00000000028a0800 Exception <a 'java/security/PrivilegedActionException'> (0x00000000d5f081c8) thrown at [D:\re\workspace\8-2-build-windows-amd64-cygwin\jdk8u5\2488\hotspot\src\share\vm\prims\jvm.cpp, line 1248]
Event: 0.210 Thread 0x00000000028a0800 Exception <a 'java/security/PrivilegedActionException'> (0x00000000d5f09390) thrown at [D:\re\workspace\8-2-build-windows-amd64-cygwin\jdk8u5\2488\hotspot\src\share\vm\prims\jvm.cpp, line 1248]
Event: 0.223 Thread 0x00000000028a0800 Exception <a 'java/security/PrivilegedActionException'> (0x00000000d5f5a2c8) thrown at [D:\re\workspace\8-2-build-windows-amd64-cygwin\jdk8u5\2488\hotspot\src\share\vm\prims\jvm.cpp, line 1248]
Event: 0.233 Thread 0x00000000028a0800 Exception <a 'java/security/PrivilegedActionException'> (0x00000000d5f66df8) thrown at [D:\re\workspace\8-2-build-windows-amd64-cygwin\jdk8u5\2488\hotspot\src\share\vm\prims\jvm.cpp, line 1248]
Event: 0.237 Thread 0x00000000028a0800 Exception <a 'java/security/PrivilegedActionException'> (0x00000000d5f76af0) thrown at [D:\re\workspace\8-2-build-windows-amd64-cygwin\jdk8u5\2488\hotspot\src\share\vm\prims\jvm.cpp, line 1248]
Event: 0.282 Thread 0x00000000028a0800 Exception <a 'java/security/PrivilegedActionException'> (0x00000000d5fddac0) thrown at [D:\re\workspace\8-2-build-windows-amd64-cygwin\jdk8u5\2488\hotspot\src\share\vm\prims\jvm.cpp, line 1248]
Event: 0.304 Thread 0x000000001a8ab000 Exception <a 'java/security/PrivilegedActionException'> (0x00000000d5ff8ad0) thrown at [D:\re\workspace\8-2-build-windows-amd64-cygwin\jdk8u5\2488\hotspot\src\share\vm\prims\jvm.cpp, line 1248]

Events (10 events):
Event: 0.301 loading class java/awt/AWTEvent$2
Event: 0.301 loading class java/awt/AWTEvent$2 done
Event: 0.301 loading class sun/reflect/UnsafeBooleanFieldAccessorImpl
Event: 0.301 loading class sun/reflect/UnsafeBooleanFieldAccessorImpl done
Event: 0.304 loading class City/Block
Event: 0.304 loading class City/Block done
Event: 0.305 Executing VM operation: ParallelGCFailedAllocation
Event: 0.307 Executing VM operation: ParallelGCFailedAllocation done
Event: 0.313 Executing VM operation: ParallelGCFailedAllocation
Event: 0.316 Executing VM operation: ParallelGCFailedAllocation done


Dynamic libraries:
0x00007ff651de0000 - 0x00007ff651e14000 	C:\Program Files\Java\jdk1.8.0_05\bin\java.exe
0x00007ff9f4f30000 - 0x00007ff9f50dc000 	C:\Windows\SYSTEM32\ntdll.dll
0x00007ff9f2860000 - 0x00007ff9f299a000 	C:\Windows\system32\KERNEL32.DLL
0x00007ff9f2370000 - 0x00007ff9f247f000 	C:\Windows\system32\KERNELBASE.dll
0x00007ff9f0eb0000 - 0x00007ff9f0f38000 	C:\Windows\system32\apphelp.dll
0x00007ff9edae0000 - 0x00007ff9edb2f000 	C:\Windows\AppPatch\AppPatch64\AcGenral.DLL
0x00007ff9f3f20000 - 0x00007ff9f3fc7000 	C:\Windows\system32\msvcrt.dll
0x00007ff9f2080000 - 0x00007ff9f20ab000 	C:\Windows\SYSTEM32\SspiCli.dll
0x00007ff9f3ec0000 - 0x00007ff9f3f11000 	C:\Windows\system32\SHLWAPI.dll
0x00007ff9f46a0000 - 0x00007ff9f4811000 	C:\Windows\system32\USER32.dll
0x00007ff9f4ba0000 - 0x00007ff9f4d18000 	C:\Windows\system32\ole32.dll
0x00007ff9f2ab0000 - 0x00007ff9f3ebf000 	C:\Windows\system32\SHELL32.dll
0x00007ff9f1890000 - 0x00007ff9f18ae000 	C:\Windows\SYSTEM32\USERENV.dll
0x00007ff9f27b0000 - 0x00007ff9f2855000 	C:\Windows\system32\ADVAPI32.dll
0x00007ff9e4cb0000 - 0x00007ff9e4ccb000 	C:\Windows\SYSTEM32\MPR.dll
0x00007ff9f4820000 - 0x00007ff9f4957000 	C:\Windows\system32\RPCRT4.dll
0x00007ff9f44d0000 - 0x00007ff9f4527000 	C:\Windows\SYSTEM32\sechost.dll
0x00007ff9f4980000 - 0x00007ff9f4b56000 	C:\Windows\SYSTEM32\combase.dll
0x00007ff9f4530000 - 0x00007ff9f4674000 	C:\Windows\system32\GDI32.dll
0x00007ff9f22a0000 - 0x00007ff9f22b4000 	C:\Windows\SYSTEM32\profapi.dll
0x00007ff9f08a0000 - 0x00007ff9f093f000 	C:\Windows\SYSTEM32\SHCORE.dll
0x00007ff9f4b60000 - 0x00007ff9f4b94000 	C:\Windows\system32\IMM32.DLL
0x00007ff9f41b0000 - 0x00007ff9f42e9000 	C:\Windows\system32\MSCTF.dll
0x00007ff9f0020000 - 0x00007ff9f027a000 	C:\Windows\WinSxS\amd64_microsoft.windows.common-controls_6595b64144ccf1df_6.0.9600.17031_none_6242a4b3ecbb55a1\COMCTL32.dll
0x000000005a0d0000 - 0x000000005a1a2000 	C:\Program Files\Java\jdk1.8.0_05\jre\bin\msvcr100.dll
0x00000000595b0000 - 0x0000000059dda000 	C:\Program Files\Java\jdk1.8.0_05\jre\bin\server\jvm.dll
0x00007ff9e74e0000 - 0x00007ff9e74e9000 	C:\Windows\SYSTEM32\WSOCK32.dll
0x00007ff9ee720000 - 0x00007ff9ee73f000 	C:\Windows\SYSTEM32\WINMM.dll
0x00007ff9f4f20000 - 0x00007ff9f4f27000 	C:\Windows\system32\PSAPI.DLL
0x00007ff9f3fd0000 - 0x00007ff9f4028000 	C:\Windows\system32\WS2_32.dll
0x00007ff9ee410000 - 0x00007ff9ee43a000 	C:\Windows\SYSTEM32\WINMMBASE.dll
0x00007ff9f4960000 - 0x00007ff9f4969000 	C:\Windows\system32\NSI.dll
0x00007ff9f24d0000 - 0x00007ff9f251a000 	C:\Windows\SYSTEM32\cfgmgr32.dll
0x00007ff9f1110000 - 0x00007ff9f1136000 	C:\Windows\SYSTEM32\DEVOBJ.dll
0x000000005a200000 - 0x000000005a20f000 	C:\Program Files\Java\jdk1.8.0_05\jre\bin\verify.dll
0x000000005a1d0000 - 0x000000005a1f8000 	C:\Program Files\Java\jdk1.8.0_05\jre\bin\java.dll
0x000000005a1b0000 - 0x000000005a1c6000 	C:\Program Files\Java\jdk1.8.0_05\jre\bin\zip.dll
0x0000000059410000 - 0x00000000595a6000 	C:\Program Files\Java\jdk1.8.0_05\jre\bin\awt.dll
0x00007ff9f40e0000 - 0x00007ff9f41a1000 	C:\Windows\system32\OLEAUT32.dll
0x00007ff9f06d0000 - 0x00007ff9f06f0000 	C:\Windows\system32\DWMAPI.DLL
0x00007ff9f0fd0000 - 0x00007ff9f10f1000 	C:\Windows\system32\uxtheme.dll
0x00007ff9ec310000 - 0x00007ff9ec483000 	C:\Program Files (x86)\Stardock\Start8\Start8_64.dll
0x00007ff9f1100000 - 0x00007ff9f110a000 	C:\Windows\SYSTEM32\kernel.appcore.dll
0x00007ff9f2110000 - 0x00007ff9f211a000 	C:\Windows\SYSTEM32\CRYPTBASE.dll
0x00007ff9f20b0000 - 0x00007ff9f2110000 	C:\Windows\SYSTEM32\bcryptPrimitives.dll
0x00007ff9d3770000 - 0x00007ff9d3978000 	C:\Windows\system32\d3d9.dll
0x00007ff9ee740000 - 0x00007ff9ee74a000 	C:\Windows\SYSTEM32\VERSION.dll
0x00007ff9eff20000 - 0x00007ff9f0012000 	C:\Windows\SYSTEM32\nvumdshimx.dll
0x00007ff9f42f0000 - 0x00007ff9f44c4000 	C:\Windows\system32\SETUPAPI.dll
0x00007ff9efe30000 - 0x00007ff9efe61000 	C:\Windows\system32\nvinitx.dll
0x00007ff9be0e0000 - 0x00007ff9bf1c7000 	C:\Windows\system32\nvd3dumx.dll
0x00007ff9f2240000 - 0x00007ff9f2285000 	C:\Windows\system32\powrprof.dll
0x00007ff9ee440000 - 0x00007ff9ee5a8000 	C:\Program Files (x86)\NVIDIA Corporation\3D Vision\nvSCPAPI64.dll
0x0000000059e70000 - 0x0000000059e8a000 	C:\Program Files\Java\jdk1.8.0_05\jre\bin\net.dll
0x00007ff9f1ae0000 - 0x00007ff9f1b38000 	C:\Windows\system32\mswsock.dll
0x0000000059e50000 - 0x0000000059e61000 	C:\Program Files\Java\jdk1.8.0_05\jre\bin\nio.dll
0x00000000593c0000 - 0x0000000059407000 	C:\Program Files\Java\jdk1.8.0_05\jre\bin\fontmanager.dll
0x00007ff9e97d0000 - 0x00007ff9e9958000 	C:\Windows\SYSTEM32\dbghelp.dll

VM Arguments:
jvm_args: -Dfile.encoding=UTF-8 
java_command: City.City
java_class_path (initial): C:\Users\The Venator\Documents\NetBeansProjects\liife\build\classes
Launcher Type: SUN_STANDARD

Environment Variables:
PATH=C:\Windows\system32;C:\Windows;C:\Windows\System32\Wbem;C:\Windows\System32\WindowsPowerShell\v1.0\;C:\Program Files (x86)\GNU\GnuPG\pub;.;
USERNAME=The Venator
OS=Windows_NT
PROCESSOR_IDENTIFIER=Intel64 Family 6 Model 42 Stepping 7, GenuineIntel



---------------  S Y S T E M  ---------------

OS: Windows 8.1 , 64 bit Build 9600 

CPU:total 8 (4 cores per cpu, 2 threads per core) family 6 model 42 stepping 7, cmov, cx8, fxsr, mmx, sse, sse2, sse3, ssse3, sse4.1, sse4.2, popcnt, avx, aes, clmul, ht, tsc, tscinvbit

Memory: 4k page, physical 8267404k(967164k free), swap 12563804k(5116k free)

vm_info: Java HotSpot(TM) 64-Bit Server VM (25.5-b02) for windows-amd64 JRE (1.8.0_05-b13), built on Mar 18 2014 01:08:39 by "java_re" with MS VC++ 10.0 (VS2010)

time: Sat Feb 28 21:44:29 2015
elapsed time: 0 seconds

