#
# There is insufficient memory for the Java Runtime Environment to continue.
# Native memory allocation (malloc) failed to allocate 934976 bytes for Chunk::new
# Possible reasons:
#   The system is out of physical RAM or swap space
#   In 32 bit mode, the process size limit was hit
# Possible solutions:
#   Reduce memory load on the system
#   Increase physical memory or swap space
#   Check if swap backing store is full
#   Use 64 bit Java on a 64 bit OS
#   Decrease Java heap size (-Xmx/-Xms)
#   Decrease number of Java threads
#   Decrease Java thread stack sizes (-Xss)
#   Set larger code cache with -XX:ReservedCodeCacheSize=
# This output file may be truncated or incomplete.
#
#  Out of Memory Error (allocation.cpp:388), pid=62384, tid=54648
#
# JRE version: Java(TM) SE Runtime Environment (8.0_05-b13) (build 1.8.0_05-b13)
# Java VM: Java HotSpot(TM) 64-Bit Server VM (25.5-b02 mixed mode windows-amd64 compressed oops)
# Failed to write core dump. Minidumps are not enabled by default on client versions of Windows
#

---------------  T H R E A D  ---------------

Current thread (0x0000000019915000):  JavaThread "C2 CompilerThread0" daemon [_thread_in_native, id=54648, stack(0x0000000019ef0000,0x0000000019ff0000)]

Stack: [0x0000000019ef0000,0x0000000019ff0000]
Native frames: (J=compiled Java code, j=interpreted, Vv=VM code, C=native code)
V  [jvm.dll+0x308dea]
V  [jvm.dll+0x25def1]
V  [jvm.dll+0x25eb0f]
V  [jvm.dll+0x2564e5]
V  [jvm.dll+0xbcfc5]
V  [jvm.dll+0xbd45c]
V  [jvm.dll+0x44d422]
V  [jvm.dll+0x48e13f]
V  [jvm.dll+0x44293e]
V  [jvm.dll+0x44366b]
V  [jvm.dll+0x427532]
V  [jvm.dll+0x96702]
V  [jvm.dll+0x96ef3]
V  [jvm.dll+0x2232c4]
V  [jvm.dll+0x27baca]
C  [msvcr100.dll+0x21d9f]
C  [msvcr100.dll+0x21e3b]
C  [KERNEL32.DLL+0x16ad]
C  [ntdll.dll+0x6e954]


Current CompileTask:
C2:    382  447       4       sun.java2d.pipe.DrawImage::scaleImage (68 bytes)


---------------  P R O C E S S  ---------------

Java Threads: ( => current thread )
  0x0000000002870800 JavaThread "DestroyJavaVM" [_thread_blocked, id=66704, stack(0x0000000002770000,0x0000000002870000)]
  0x000000001c1ba000 JavaThread "Thread-2" [_thread_blocked, id=69092, stack(0x000000001d510000,0x000000001d610000)]
  0x000000001c1b7000 JavaThread "D3D Screen Updater" daemon [_thread_blocked, id=67696, stack(0x000000001d410000,0x000000001d510000)]
  0x000000001c194000 JavaThread "AWT-EventQueue-0" [_thread_blocked, id=67840, stack(0x000000001d210000,0x000000001d310000)]
  0x000000001c13e000 JavaThread "Image Fetcher 0" daemon [_thread_blocked, id=69460, stack(0x000000001d110000,0x000000001d210000)]
  0x0000000019cda800 JavaThread "AWT-Windows" daemon [_thread_in_native, id=38476, stack(0x000000001a990000,0x000000001aa90000)]
  0x0000000019cd7800 JavaThread "AWT-Shutdown" [_thread_blocked, id=67788, stack(0x000000001a890000,0x000000001a990000)]
  0x0000000019cd6800 JavaThread "Java2D Disposer" daemon [_thread_blocked, id=68060, stack(0x000000001a790000,0x000000001a890000)]
  0x00000000199b9000 JavaThread "Service Thread" daemon [_thread_blocked, id=67916, stack(0x000000001a2f0000,0x000000001a3f0000)]
  0x0000000019921000 JavaThread "C1 CompilerThread3" daemon [_thread_blocked, id=38356, stack(0x000000001a1f0000,0x000000001a2f0000)]
  0x000000001991d800 JavaThread "C2 CompilerThread2" daemon [_thread_in_native, id=20488, stack(0x000000001a0f0000,0x000000001a1f0000)]
  0x000000001991d000 JavaThread "C2 CompilerThread1" daemon [_thread_in_native, id=29728, stack(0x0000000019ff0000,0x000000001a0f0000)]
=>0x0000000019915000 JavaThread "C2 CompilerThread0" daemon [_thread_in_native, id=54648, stack(0x0000000019ef0000,0x0000000019ff0000)]
  0x0000000019913800 JavaThread "Attach Listener" daemon [_thread_blocked, id=7716, stack(0x0000000019df0000,0x0000000019ef0000)]
  0x000000001792e800 JavaThread "Signal Dispatcher" daemon [_thread_blocked, id=69420, stack(0x0000000019cf0000,0x0000000019df0000)]
  0x0000000002968000 JavaThread "Finalizer" daemon [_thread_blocked, id=69100, stack(0x00000000197f0000,0x00000000198f0000)]
  0x000000000295f000 JavaThread "Reference Handler" daemon [_thread_blocked, id=20332, stack(0x00000000196f0000,0x00000000197f0000)]

Other Threads:
  0x0000000017919000 VMThread [stack: 0x00000000195f0000,0x00000000196f0000] [id=39576]
  0x00000000199ba800 WatcherThread [stack: 0x000000001a3f0000,0x000000001a4f0000] [id=41036]

VM state:not at safepoint (normal execution)

VM Mutex/Monitor currently owned by a thread: None

Heap:
 PSYoungGen      total 2560K, used 1933K [0x00000000d5f00000, 0x00000000d6200000, 0x0000000100000000)
  eden space 2048K, 69% used [0x00000000d5f00000,0x00000000d60636f0,0x00000000d6100000)
  from space 512K, 100% used [0x00000000d6180000,0x00000000d6200000,0x00000000d6200000)
  to   space 512K, 0% used [0x00000000d6100000,0x00000000d6100000,0x00000000d6180000)
 ParOldGen       total 129536K, used 1080K [0x0000000081c00000, 0x0000000089a80000, 0x00000000d5f00000)
  object space 129536K, 0% used [0x0000000081c00000,0x0000000081d0e050,0x0000000089a80000)
 Metaspace       used 9295K, capacity 9398K, committed 9728K, reserved 1058816K
  class space    used 1113K, capacity 1177K, committed 1280K, reserved 1048576K

Card table byte_map: [0x0000000011d30000,0x0000000012130000] byte_map_base: 0x0000000011922000

Marking Bits: (ParMarkBitMap*) 0x00000000755b13b0
 Begin Bits: [0x0000000012be0000, 0x0000000014b70000)
 End Bits:   [0x0000000014b70000, 0x0000000016b00000)

Polling page: 0x0000000000e60000

CodeCache: size=245760Kb used=2062Kb max_used=2074Kb free=243697Kb
 bounds [0x0000000002970000, 0x0000000002be0000, 0x0000000011970000]
 total_blobs=923 nmethods=458 adapters=379
 compilation: enabled

Compilation events (10 events):
Event: 0.354 Thread 0x0000000019921000 nmethod 458 0x0000000002b73090 code [0x0000000002b731e0, 0x0000000002b733d0]
Event: 0.354 Thread 0x0000000019921000  457       1       java.awt.Component::getHeight (5 bytes)
Event: 0.354 Thread 0x0000000019921000 nmethod 457 0x0000000002b72dd0 code [0x0000000002b72f20, 0x0000000002b73030]
Event: 0.355 Thread 0x000000001991d800  459   !   4       sun.awt.image.SurfaceManager::getManager (47 bytes)
Event: 0.357 Thread 0x000000001991d800 nmethod 459 0x0000000002b743d0 code [0x0000000002b74540, 0x0000000002b746f8]
Event: 0.357 Thread 0x000000001991d800  461  s    4       sun.awt.image.ToolkitImage::getHeight (48 bytes)
Event: 0.359 Thread 0x000000001991d800 nmethod 461 0x0000000002b72710 code [0x0000000002b72860, 0x0000000002b72cc8]
Event: 0.359 Thread 0x000000001991d800  462       4       sun.awt.image.ToolkitImage::hasError (33 bytes)
Event: 0.360 Thread 0x000000001991d800 nmethod 462 0x0000000002b724d0 code [0x0000000002b72600, 0x0000000002b72698]
Event: 0.360 Thread 0x000000001991d800  460       4       sun.java2d.pipe.DrawImage::scaleImage (186 bytes)

GC Heap History (8 events):
Event: 0.065 GC heap before
{Heap before GC invocations=1 (full 0):
 PSYoungGen      total 1024K, used 511K [0x00000000d5f00000, 0x00000000d6080000, 0x0000000100000000)
  eden space 512K, 99% used [0x00000000d5f00000,0x00000000d5f7fec0,0x00000000d5f80000)
  from space 512K, 0% used [0x00000000d6000000,0x00000000d6000000,0x00000000d6080000)
  to   space 512K, 0% used [0x00000000d5f80000,0x00000000d5f80000,0x00000000d6000000)
 ParOldGen       total 129536K, used 0K [0x0000000081c00000, 0x0000000089a80000, 0x00000000d5f00000)
  object space 129536K, 0% used [0x0000000081c00000,0x0000000081c00000,0x0000000089a80000)
 Metaspace       used 3088K, capacity 4594K, committed 4864K, reserved 1056768K
  class space    used 334K, capacity 418K, committed 512K, reserved 1048576K
Event: 0.066 GC heap after
Heap after GC invocations=1 (full 0):
 PSYoungGen      total 1024K, used 496K [0x00000000d5f00000, 0x00000000d6100000, 0x0000000100000000)
  eden space 512K, 0% used [0x00000000d5f00000,0x00000000d5f00000,0x00000000d5f80000)
  from space 512K, 96% used [0x00000000d5f80000,0x00000000d5ffc010,0x00000000d6000000)
  to   space 512K, 0% used [0x00000000d6080000,0x00000000d6080000,0x00000000d6100000)
 ParOldGen       total 129536K, used 16K [0x0000000081c00000, 0x0000000089a80000, 0x00000000d5f00000)
  object space 129536K, 0% used [0x0000000081c00000,0x0000000081c04000,0x0000000089a80000)
 Metaspace       used 3088K, capacity 4594K, committed 4864K, reserved 1056768K
  class space    used 334K, capacity 418K, committed 512K, reserved 1048576K
}
Event: 0.111 GC heap before
{Heap before GC invocations=2 (full 0):
 PSYoungGen      total 1024K, used 1007K [0x00000000d5f00000, 0x00000000d6100000, 0x0000000100000000)
  eden space 512K, 99% used [0x00000000d5f00000,0x00000000d5f7fe78,0x00000000d5f80000)
  from space 512K, 96% used [0x00000000d5f80000,0x00000000d5ffc010,0x00000000d6000000)
  to   space 512K, 0% used [0x00000000d6080000,0x00000000d6080000,0x00000000d6100000)
 ParOldGen       total 129536K, used 16K [0x0000000081c00000, 0x0000000089a80000, 0x00000000d5f00000)
  object space 129536K, 0% used [0x0000000081c00000,0x0000000081c04000,0x0000000089a80000)
 Metaspace       used 4776K, capacity 4884K, committed 4992K, reserved 1056768K
  class space    used 529K, capacity 563K, committed 640K, reserved 1048576K
Event: 0.112 GC heap after
Heap after GC invocations=2 (full 0):
 PSYoungGen      total 1536K, used 512K [0x00000000d5f00000, 0x00000000d6100000, 0x0000000100000000)
  eden space 1024K, 0% used [0x00000000d5f00000,0x00000000d5f00000,0x00000000d6000000)
  from space 512K, 100% used [0x00000000d6080000,0x00000000d6100000,0x00000000d6100000)
  to   space 512K, 0% used [0x00000000d6000000,0x00000000d6000000,0x00000000d6080000)
 ParOldGen       total 129536K, used 96K [0x0000000081c00000, 0x0000000089a80000, 0x00000000d5f00000)
  object space 129536K, 0% used [0x0000000081c00000,0x0000000081c18000,0x0000000089a80000)
 Metaspace       used 4776K, capacity 4884K, committed 4992K, reserved 1056768K
  class space    used 529K, capacity 563K, committed 640K, reserved 1048576K
}
Event: 0.185 GC heap before
{Heap before GC invocations=3 (full 0):
 PSYoungGen      total 1536K, used 1536K [0x00000000d5f00000, 0x00000000d6100000, 0x0000000100000000)
  eden space 1024K, 100% used [0x00000000d5f00000,0x00000000d6000000,0x00000000d6000000)
  from space 512K, 100% used [0x00000000d6080000,0x00000000d6100000,0x00000000d6100000)
  to   space 512K, 0% used [0x00000000d6000000,0x00000000d6000000,0x00000000d6080000)
 ParOldGen       total 129536K, used 96K [0x0000000081c00000, 0x0000000089a80000, 0x00000000d5f00000)
  object space 129536K, 0% used [0x0000000081c00000,0x0000000081c18000,0x0000000089a80000)
 Metaspace       used 6062K, capacity 6174K, committed 6400K, reserved 1056768K
  class space    used 685K, capacity 724K, committed 768K, reserved 1048576K
Event: 0.186 GC heap after
Heap after GC invocations=3 (full 0):
 PSYoungGen      total 1536K, used 480K [0x00000000d5f00000, 0x00000000d6200000, 0x0000000100000000)
  eden space 1024K, 0% used [0x00000000d5f00000,0x00000000d5f00000,0x00000000d6000000)
  from space 512K, 93% used [0x00000000d6000000,0x00000000d6078020,0x00000000d6080000)
  to   space 512K, 0% used [0x00000000d6180000,0x00000000d6180000,0x00000000d6200000)
 ParOldGen       total 129536K, used 528K [0x0000000081c00000, 0x0000000089a80000, 0x00000000d5f00000)
  object space 129536K, 0% used [0x0000000081c00000,0x0000000081c84010,0x0000000089a80000)
 Metaspace       used 6062K, capacity 6174K, committed 6400K, reserved 1056768K
  class space    used 685K, capacity 724K, committed 768K, reserved 1048576K
}
Event: 0.277 GC heap before
{Heap before GC invocations=4 (full 0):
 PSYoungGen      total 1536K, used 1504K [0x00000000d5f00000, 0x00000000d6200000, 0x0000000100000000)
  eden space 1024K, 100% used [0x00000000d5f00000,0x00000000d6000000,0x00000000d6000000)
  from space 512K, 93% used [0x00000000d6000000,0x00000000d6078020,0x00000000d6080000)
  to   space 512K, 0% used [0x00000000d6180000,0x00000000d6180000,0x00000000d6200000)
 ParOldGen       total 129536K, used 528K [0x0000000081c00000, 0x0000000089a80000, 0x00000000d5f00000)
  object space 129536K, 0% used [0x0000000081c00000,0x0000000081c84010,0x0000000089a80000)
 Metaspace       used 8975K, capacity 9110K, committed 9344K, reserved 1056768K
  class space    used 1081K, capacity 1145K, committed 1152K, reserved 1048576K
Event: 0.279 GC heap after
Heap after GC invocations=4 (full 0):
 PSYoungGen      total 2560K, used 512K [0x00000000d5f00000, 0x00000000d6200000, 0x0000000100000000)
  eden space 2048K, 0% used [0x00000000d5f00000,0x00000000d5f00000,0x00000000d6100000)
  from space 512K, 100% used [0x00000000d6180000,0x00000000d6200000,0x00000000d6200000)
  to   space 512K, 0% used [0x00000000d6100000,0x00000000d6100000,0x00000000d6180000)
 ParOldGen       total 129536K, used 1080K [0x0000000081c00000, 0x0000000089a80000, 0x00000000d5f00000)
  object space 129536K, 0% used [0x0000000081c00000,0x0000000081d0e050,0x0000000089a80000)
 Metaspace       used 8975K, capacity 9110K, committed 9344K, reserved 1056768K
  class space    used 1081K, capacity 1145K, committed 1152K, reserved 1048576K
}

Deoptimization events (0 events):
No events

Internal exceptions (10 events):
Event: 0.181 Thread 0x0000000002870800 Exception <a 'java/security/PrivilegedActionException'> (0x00000000d5fe6398) thrown at [D:\re\workspace\8-2-build-windows-amd64-cygwin\jdk8u5\2488\hotspot\src\share\vm\prims\jvm.cpp, line 1248]
Event: 0.181 Thread 0x0000000002870800 Exception <a 'java/security/PrivilegedActionException'> (0x00000000d5fe7520) thrown at [D:\re\workspace\8-2-build-windows-amd64-cygwin\jdk8u5\2488\hotspot\src\share\vm\prims\jvm.cpp, line 1248]
Event: 0.197 Thread 0x0000000002870800 Exception <a 'java/security/PrivilegedActionException'> (0x00000000d5f377f0) thrown at [D:\re\workspace\8-2-build-windows-amd64-cygwin\jdk8u5\2488\hotspot\src\share\vm\prims\jvm.cpp, line 1248]
Event: 0.207 Thread 0x0000000002870800 Exception <a 'java/security/PrivilegedActionException'> (0x00000000d5f4bfa8) thrown at [D:\re\workspace\8-2-build-windows-amd64-cygwin\jdk8u5\2488\hotspot\src\share\vm\prims\jvm.cpp, line 1248]
Event: 0.219 Thread 0x0000000002870800 Exception <a 'java/security/PrivilegedActionException'> (0x00000000d5f7dfe8) thrown at [D:\re\workspace\8-2-build-windows-amd64-cygwin\jdk8u5\2488\hotspot\src\share\vm\prims\jvm.cpp, line 1248]
Event: 0.219 Thread 0x0000000002870800 Exception <a 'java/security/PrivilegedActionException'> (0x00000000d5f7f318) thrown at [D:\re\workspace\8-2-build-windows-amd64-cygwin\jdk8u5\2488\hotspot\src\share\vm\prims\jvm.cpp, line 1248]
Event: 0.220 Thread 0x0000000002870800 Exception <a 'java/security/PrivilegedActionException'> (0x00000000d5f825e8) thrown at [D:\re\workspace\8-2-build-windows-amd64-cygwin\jdk8u5\2488\hotspot\src\share\vm\prims\jvm.cpp, line 1248]
Event: 0.262 Thread 0x0000000002870800 Exception <a 'java/security/PrivilegedActionException'> (0x00000000d5fe7060) thrown at [D:\re\workspace\8-2-build-windows-amd64-cygwin\jdk8u5\2488\hotspot\src\share\vm\prims\jvm.cpp, line 1248]
Event: 0.277 Thread 0x000000001c194000 Exception <a 'java/security/PrivilegedActionException'> (0x00000000d5ffea28) thrown at [D:\re\workspace\8-2-build-windows-amd64-cygwin\jdk8u5\2488\hotspot\src\share\vm\prims\jvm.cpp, line 1248]
Event: 0.281 Thread 0x000000001c194000 Exception <a 'java/security/PrivilegedActionException'> (0x00000000d5f34b38) thrown at [D:\re\workspace\8-2-build-windows-amd64-cygwin\jdk8u5\2488\hotspot\src\share\vm\prims\jvm.cpp, line 1248]

Events (10 events):
Event: 0.303 loading class sun/awt/im/CompositionAreaHandler
Event: 0.303 loading class sun/awt/im/CompositionAreaHandler done
Event: 0.303 loading class java/text/AttributedString
Event: 0.303 loading class java/text/AttributedString done
Event: 0.303 loading class java/text/AttributedString$AttributedStringIterator
Event: 0.303 loading class java/text/AttributedCharacterIterator
Event: 0.303 loading class java/text/CharacterIterator
Event: 0.303 loading class java/text/CharacterIterator done
Event: 0.303 loading class java/text/AttributedCharacterIterator done
Event: 0.303 loading class java/text/AttributedString$AttributedStringIterator done


Dynamic libraries:
0x00007ff78f610000 - 0x00007ff78f644000 	C:\Program Files\Java\jdk1.8.0_05\bin\java.exe
0x00007ff885990000 - 0x00007ff885b3c000 	C:\Windows\SYSTEM32\ntdll.dll
0x00007ff884f60000 - 0x00007ff88509a000 	C:\Windows\system32\KERNEL32.DLL
0x00007ff882ed0000 - 0x00007ff882fdf000 	C:\Windows\system32\KERNELBASE.dll
0x00007ff881370000 - 0x00007ff8813f8000 	C:\Windows\system32\apphelp.dll
0x00007ff876c20000 - 0x00007ff876c6f000 	C:\Windows\AppPatch\AppPatch64\AcGenral.DLL
0x00007ff885170000 - 0x00007ff885217000 	C:\Windows\system32\msvcrt.dll
0x00007ff8829b0000 - 0x00007ff8829db000 	C:\Windows\SYSTEM32\SspiCli.dll
0x00007ff8852f0000 - 0x00007ff885341000 	C:\Windows\system32\SHLWAPI.dll
0x00007ff885350000 - 0x00007ff8854c1000 	C:\Windows\system32\USER32.dll
0x00007ff885620000 - 0x00007ff885798000 	C:\Windows\system32\ole32.dll
0x00007ff8833e0000 - 0x00007ff8848f8000 	C:\Windows\system32\SHELL32.dll
0x00007ff882000000 - 0x00007ff88201e000 	C:\Windows\SYSTEM32\USERENV.dll
0x00007ff884ae0000 - 0x00007ff884b85000 	C:\Windows\system32\ADVAPI32.dll
0x00007ff873dc0000 - 0x00007ff873ddb000 	C:\Windows\SYSTEM32\MPR.dll
0x00007ff8832a0000 - 0x00007ff8833d7000 	C:\Windows\system32\RPCRT4.dll
0x00007ff884f00000 - 0x00007ff884f57000 	C:\Windows\SYSTEM32\sechost.dll
0x00007ff884900000 - 0x00007ff884ad6000 	C:\Windows\SYSTEM32\combase.dll
0x00007ff8854d0000 - 0x00007ff885614000 	C:\Windows\system32\GDI32.dll
0x00007ff882bd0000 - 0x00007ff882be4000 	C:\Windows\SYSTEM32\profapi.dll
0x00007ff882260000 - 0x00007ff882312000 	C:\Windows\SYSTEM32\SHCORE.dll
0x00007ff8850a0000 - 0x00007ff8850d4000 	C:\Windows\system32\IMM32.DLL
0x00007ff884da0000 - 0x00007ff884ef1000 	C:\Windows\system32\MSCTF.dll
0x00007ff882650000 - 0x00007ff8828aa000 	C:\Windows\WinSxS\amd64_microsoft.windows.common-controls_6595b64144ccf1df_6.0.9600.17031_none_6242a4b3ecbb55a1\COMCTL32.dll
0x00000000759a0000 - 0x0000000075a72000 	C:\Program Files\Java\jdk1.8.0_05\jre\bin\msvcr100.dll
0x0000000074e00000 - 0x000000007562a000 	C:\Program Files\Java\jdk1.8.0_05\jre\bin\server\jvm.dll
0x00007ff878290000 - 0x00007ff878299000 	C:\Windows\SYSTEM32\WSOCK32.dll
0x00007ff87ed60000 - 0x00007ff87ed7f000 	C:\Windows\SYSTEM32\WINMM.dll
0x00007ff8830e0000 - 0x00007ff8830e7000 	C:\Windows\system32\PSAPI.DLL
0x00007ff8850e0000 - 0x00007ff885138000 	C:\Windows\system32\WS2_32.dll
0x00007ff87eb10000 - 0x00007ff87eb3a000 	C:\Windows\SYSTEM32\WINMMBASE.dll
0x00007ff884bf0000 - 0x00007ff884bf9000 	C:\Windows\system32\NSI.dll
0x00007ff882ca0000 - 0x00007ff882cea000 	C:\Windows\SYSTEM32\cfgmgr32.dll
0x00007ff8815d0000 - 0x00007ff8815f6000 	C:\Windows\SYSTEM32\DEVOBJ.dll
0x0000000075950000 - 0x000000007595f000 	C:\Program Files\Java\jdk1.8.0_05\jre\bin\verify.dll
0x0000000075920000 - 0x0000000075948000 	C:\Program Files\Java\jdk1.8.0_05\jre\bin\java.dll
0x0000000075900000 - 0x0000000075916000 	C:\Program Files\Java\jdk1.8.0_05\jre\bin\zip.dll
0x0000000075720000 - 0x00000000758b6000 	C:\Program Files\Java\jdk1.8.0_05\jre\bin\awt.dll
0x00007ff885220000 - 0x00007ff8852e1000 	C:\Windows\system32\OLEAUT32.dll
0x00007ff880c10000 - 0x00007ff880c30000 	C:\Windows\system32\DWMAPI.DLL
0x00007ff881440000 - 0x00007ff881561000 	C:\Windows\system32\uxtheme.dll
0x00007ff87cbf0000 - 0x00007ff87cd63000 	C:\Program Files (x86)\Stardock\Start8\Start8_64.dll
0x00007ff881570000 - 0x00007ff88157a000 	C:\Windows\SYSTEM32\kernel.appcore.dll
0x00007ff882a40000 - 0x00007ff882a4a000 	C:\Windows\SYSTEM32\CRYPTBASE.dll
0x00007ff8829e0000 - 0x00007ff882a40000 	C:\Windows\SYSTEM32\bcryptPrimitives.dll
0x00007ff86b580000 - 0x00007ff86b788000 	C:\Windows\system32\d3d9.dll
0x00007ff880a50000 - 0x00007ff880a5a000 	C:\Windows\SYSTEM32\VERSION.dll
0x00007ff880550000 - 0x00007ff880642000 	C:\Windows\SYSTEM32\nvumdshimx.dll
0x00007ff8857b0000 - 0x00007ff885984000 	C:\Windows\system32\SETUPAPI.dll
0x00007ff8804e0000 - 0x00007ff880511000 	C:\Windows\system32\nvinitx.dll
0x00007ff868920000 - 0x00007ff869a07000 	C:\Windows\system32\nvd3dumx.dll
0x00007ff882b70000 - 0x00007ff882bb5000 	C:\Windows\system32\powrprof.dll
0x00007ff87e920000 - 0x00007ff87ea88000 	C:\Program Files (x86)\NVIDIA Corporation\3D Vision\nvSCPAPI64.dll
0x00000000758e0000 - 0x00000000758fa000 	C:\Program Files\Java\jdk1.8.0_05\jre\bin\net.dll
0x00007ff881ef0000 - 0x00007ff881f48000 	C:\Windows\system32\mswsock.dll
0x00000000758c0000 - 0x00000000758d1000 	C:\Program Files\Java\jdk1.8.0_05\jre\bin\nio.dll
0x00000000756d0000 - 0x0000000075717000 	C:\Program Files\Java\jdk1.8.0_05\jre\bin\fontmanager.dll
0x0000000075680000 - 0x00000000756c1000 	C:\Program Files\Java\jdk1.8.0_05\jre\bin\t2k.dll
0x00007ff879420000 - 0x00007ff8795a8000 	C:\Windows\SYSTEM32\dbghelp.dll

VM Arguments:
jvm_args: -Dfile.encoding=UTF-8 
java_command: City.City
java_class_path (initial): C:\Users\The Venator\Documents\NetBeansProjects\liife\build\classes
Launcher Type: SUN_STANDARD

Environment Variables:
PATH=C:\Windows\system32;C:\Windows;C:\Windows\System32\Wbem;C:\Windows\System32\WindowsPowerShell\v1.0\;C:\Program Files (x86)\GNU\GnuPG\pub;C:\Program Files\TortoiseSVN\bin;.;
USERNAME=The Venator
OS=Windows_NT
PROCESSOR_IDENTIFIER=Intel64 Family 6 Model 42 Stepping 7, GenuineIntel



---------------  S Y S T E M  ---------------

OS: Windows 8.1 , 64 bit Build 9600 

CPU:total 8 (4 cores per cpu, 2 threads per core) family 6 model 42 stepping 7, cmov, cx8, fxsr, mmx, sse, sse2, sse3, ssse3, sse4.1, sse4.2, popcnt, avx, aes, clmul, ht, tsc, tscinvbit

Memory: 4k page, physical 8270304k(1329544k free), swap 10521476k(5228k free)

vm_info: Java HotSpot(TM) 64-Bit Server VM (25.5-b02) for windows-amd64 JRE (1.8.0_05-b13), built on Mar 18 2014 01:08:39 by "java_re" with MS VC++ 10.0 (VS2010)

time: Fri Mar 27 16:26:46 2015
elapsed time: 0 seconds

