JvmtiExport can_access_local_variables 0
JvmtiExport can_hotswap_or_post_breakpoint 0
JvmtiExport can_post_on_exceptions 0
# 354 ciObject found
ciMethod java/lang/Object <init> ()V 4097 1 158981 0 0
ciMethod java/lang/Object hashCode ()I 2049 1 256 0 -1
ciMethod java/lang/Object equals (Ljava/lang/Object;)Z 3081 1 3985 0 -1
ciMethod java/lang/String equals (Ljava/lang/Object;)Z 2049 11545 3707 0 -1
ciMethod java/lang/System arraycopy (Ljava/lang/Object;ILjava/lang/Object;II)V 5121 1 640 0 -1
ciMethod java/lang/ref/Reference get ()Ljava/lang/Object; 1369 1 171 0 -1
ciMethod java/lang/ref/Reference <init> (Ljava/lang/Object;)V 3233 1 6038 0 0
ciMethod java/lang/ref/Reference <init> (Ljava/lang/Object;Ljava/lang/ref/ReferenceQueue;)V 3089 1 6390 0 0
ciMethod java/lang/ref/WeakReference <init> (Ljava/lang/Object;)V 3137 1 5948 0 0
ciMethod sun/misc/Unsafe getObjectVolatile (Ljava/lang/Object;J)Ljava/lang/Object; 2049 1 256 0 -1
ciMethodData java/lang/Object <init> ()V 2 158981 orig 144 152 11 181 89 0 0 0 0 136 4 225 22 0 0 0 0 168 0 0 0 0 0 0 0 0 0 0 0 0 0 0 0 0 0 0 0 0 0 0 0 0 0 0 0 0 0 0 0 0 0 0 0 0 0 0 0 0 0 0 0 0 0 0 0 1 0 0 0 0 0 0 0 1 0 0 0 0 0 0 0 1 0 0 0 0 0 0 0 0 0 0 0 0 0 0 0 0 2 0 0 41 88 19 0 1 0 0 0 0 0 0 0 0 0 0 0 0 0 3 0 3 0 0 0 0 0 0 0 255 255 255 255 0 0 0 0 0 0 0 0 0 0 0 0 data 0 oops 0
ciMethod java/util/concurrent/ConcurrentHashMap spread (I)I 2049 1 7262 0 0
ciMethod java/util/concurrent/ConcurrentHashMap tabAt ([Ljava/util/concurrent/ConcurrentHashMap$Node;I)Ljava/util/concurrent/ConcurrentHashMap$Node; 3001 1 9266 0 0
ciMethod java/util/concurrent/ConcurrentHashMap <init> (I)V 65 1 8 0 -1
ciMethod java/util/concurrent/ConcurrentHashMap get (Ljava/lang/Object;)Ljava/lang/Object; 2065 25 6531 0 704
ciMethod java/util/concurrent/ConcurrentHashMap put (Ljava/lang/Object;Ljava/lang/Object;)Ljava/lang/Object; 1473 1 184 0 -1
ciMethod java/util/concurrent/ConcurrentHashMap$Node find (ILjava/lang/Object;)Ljava/util/concurrent/ConcurrentHashMap$Node; 0 0 1 0 -1
ciMethod sun/util/locale/BaseLocale$Key equals (Ljava/lang/Object;)Z 113 1 14 0 0
ciMethod sun/util/locale/LocaleUtils caseIgnoreMatch (Ljava/lang/String;Ljava/lang/String;)Z 833 337 104 0 -1
ciMethod java/lang/invoke/MethodType$ConcurrentWeakInternSet$WeakEntry equals (Ljava/lang/Object;)Z 2729 1 341 0 0
ciMethodData java/util/concurrent/ConcurrentHashMap tabAt ([Ljava/util/concurrent/ConcurrentHashMap$Node;I)Ljava/util/concurrent/ConcurrentHashMap$Node; 2 9266 orig 144 152 11 181 89 0 0 0 0 72 180 249 22 0 0 0 0 16 1 0 0 0 0 0 0 0 0 0 0 0 0 0 0 0 0 0 0 0 0 0 0 0 0 0 0 0 0 0 0 0 0 0 0 0 0 0 0 0 0 0 0 0 0 0 0 0 0 0 0 0 0 0 0 0 0 0 0 0 0 0 0 0 0 0 0 0 0 0 0 0 0 0 0 0 0 0 0 117 1 0 0 217 21 1 0 1 0 0 0 0 0 0 0 0 0 0 0 0 0 3 0 3 0 1 0 96 0 0 0 255 255 255 255 0 0 0 0 5 0 14 0 0 0 0 0 data 12 0xe0005 0x90 0x0 0x0 0x0 0x0 0x110104 0x0 0x1e1391a0 0x1daa 0x1aeff880 0x260 oops 2 8 java/util/concurrent/ConcurrentHashMap$Node 10 java/util/concurrent/ConcurrentHashMap$ForwardingNode
ciMethod java/awt/image/ImageObserver imageUpdate (Ljava/awt/Image;IIIII)Z 0 0 1 0 -1
ciMethodData java/util/concurrent/ConcurrentHashMap spread (I)I 2 7262 orig 144 152 11 181 89 0 0 0 0 24 177 249 22 0 0 0 0 168 0 0 0 0 0 0 0 0 0 0 0 0 0 0 0 0 0 0 0 0 0 0 0 0 0 0 0 0 0 0 0 0 0 0 0 0 0 0 0 0 0 0 0 0 0 0 0 0 0 0 0 0 0 0 0 0 0 0 0 0 0 0 0 0 0 0 0 0 0 0 0 0 0 0 0 0 0 0 0 0 1 0 0 241 218 0 0 1 0 0 0 0 0 0 0 0 0 0 0 0 0 3 0 3 0 0 0 0 0 0 0 255 255 255 255 0 0 0 0 0 0 0 0 0 0 0 0 data 0 oops 0
ciMethod java/awt/geom/AffineTransform <init> (Ljava/awt/geom/AffineTransform;)V 241 1 5150 0 -1
ciMethod java/awt/geom/AffineTransform translate (DD)V 209 1 5147 0 -1
ciMethod java/awt/geom/AffineTransform scale (DD)V 9 1 1 0 -1
ciMethod sun/java2d/SurfaceData getSourceSurfaceData (Ljava/awt/Image;ILsun/java2d/loops/CompositeType;Ljava/awt/Color;)Lsun/java2d/SurfaceData; 4097 1 8943 0 0
ciMethod sun/java2d/SurfaceData makeProxyFor (Lsun/java2d/SurfaceData;)Lsun/java2d/SurfaceDataProxy; 0 0 1 0 -1
ciMethod sun/java2d/SurfaceData getState ()Lsun/java2d/StateTrackable$State; 49 1 6 0 0
ciMethod sun/java2d/SurfaceData getStateTracker ()Lsun/java2d/StateTracker; 217 1 5396 0 -1
ciMethod sun/java2d/SurfaceData markDirty ()V 4097 1 35619 0 -1
ciMethod sun/java2d/SurfaceData isValid ()Z 1233 1 154 0 0
ciMethod sun/java2d/SurfaceData getReplacement ()Lsun/java2d/SurfaceData; 0 0 1 0 -1
ciMethod sun/java2d/SurfaceData getSurfaceType ()Lsun/java2d/loops/SurfaceType; 1033 1 129 0 0
ciMethod sun/java2d/SurfaceData getColorModel ()Ljava/awt/image/ColorModel; 1329 1 166 0 0
ciMethod sun/java2d/SurfaceData getTransparency ()I 3177 1 22304 0 96
ciMethod sun/java2d/SurfaceData getBounds ()Ljava/awt/Rectangle; 0 0 1 0 -1
ciMethod sun/java2d/SurfaceData isOpaqueGray (Ljava/awt/image/IndexColorModel;)Z 0 0 1 0 -1
ciMethod sun/java2d/SurfaceData isNull (Lsun/java2d/SurfaceData;)Z 0 0 4 0 0
ciMethod sun/java2d/SurfaceData getDefaultScale ()I 137 1 8851 0 -1
ciMethod java/awt/image/ColorModel getTransparency ()I 1121 1 140 0 0
ciMethod java/awt/image/DirectColorModel getRedMask ()I 217 1 27 0 -1
ciMethod java/awt/image/DirectColorModel getGreenMask ()I 209 1 26 0 -1
ciMethod java/awt/image/DirectColorModel getBlueMask ()I 209 1 26 0 -1
ciMethod java/awt/image/DirectColorModel getAlphaMask ()I 137 1 17 0 -1
ciMethod sun/java2d/StateTrackableDelegate getState ()Lsun/java2d/StateTrackable$State; 49 1 6 0 -1
ciMethod sun/java2d/pipe/DrawImagePipe copyImage (Lsun/java2d/SunGraphics2D;Ljava/awt/Image;IIIIIILjava/awt/Color;Ljava/awt/image/ImageObserver;)Z 0 0 1 0 -1
ciMethod sun/java2d/pipe/DrawImagePipe scaleImage (Lsun/java2d/SunGraphics2D;Ljava/awt/Image;IIIILjava/awt/Color;Ljava/awt/image/ImageObserver;)Z 0 0 1 0 -1
ciMethod sun/java2d/pipe/DrawImage scaleImage (Lsun/java2d/SunGraphics2D;Ljava/awt/Image;IIIILjava/awt/Color;)Z 17 1 8228 0 0
ciMethod sun/java2d/pipe/DrawImage transformImage (Lsun/java2d/SunGraphics2D;Ljava/awt/Image;Ljava/awt/geom/AffineTransform;IIIIILjava/awt/Color;)V 9 1 1 0 -1
ciMethod sun/java2d/pipe/DrawImage renderImageScale (Lsun/java2d/SunGraphics2D;Ljava/awt/Image;Ljava/awt/Color;IIIIIDDDD)Z 4097 1 8245 0 0
ciMethod sun/java2d/pipe/DrawImage isSimpleTranslate (Lsun/java2d/SunGraphics2D;)Z 4097 1 11586 0 0
ciMethod sun/java2d/pipe/DrawImage isBgOperation (Lsun/java2d/SurfaceData;Ljava/awt/Color;)Z 4097 1 12017 0 96
ciMethod sun/java2d/pipe/DrawImage scaleSurfaceData (Lsun/java2d/SunGraphics2D;Lsun/java2d/pipe/Region;Lsun/java2d/SurfaceData;Lsun/java2d/SurfaceData;Lsun/java2d/loops/SurfaceType;Lsun/java2d/loops/SurfaceType;IIIIDDDD)Z 4097 1 8263 0 0
ciMethod sun/java2d/pipe/DrawImage imageReady (Lsun/awt/image/ToolkitImage;Ljava/awt/image/ImageObserver;)Z 4097 1 9029 0 -1
ciMethod sun/java2d/pipe/DrawImage scaleImage (Lsun/java2d/SunGraphics2D;Ljava/awt/Image;IIIILjava/awt/Color;Ljava/awt/image/ImageObserver;)Z 4097 1 17253 0 0
ciMethod sun/java2d/loops/RenderCache get (Lsun/java2d/loops/SurfaceType;Lsun/java2d/loops/CompositeType;Lsun/java2d/loops/SurfaceType;)Ljava/lang/Object; 4097 65 9261 0 0
ciMethod sun/java2d/loops/RenderCache put (Lsun/java2d/loops/SurfaceType;Lsun/java2d/loops/CompositeType;Lsun/java2d/loops/SurfaceType;Ljava/lang/Object;)V 57 1 10 0 0
ciMethod sun/java2d/loops/RenderCache$Entry <init> (Lsun/java2d/loops/RenderCache;Lsun/java2d/loops/SurfaceType;Lsun/java2d/loops/CompositeType;Lsun/java2d/loops/SurfaceType;Ljava/lang/Object;)V 89 1 10 0 -1
ciMethod sun/java2d/loops/RenderCache$Entry matches (Lsun/java2d/loops/SurfaceType;Lsun/java2d/loops/CompositeType;Lsun/java2d/loops/SurfaceType;)Z 4097 1 9292 0 0
ciMethod sun/java2d/loops/RenderCache$Entry getValue ()Ljava/lang/Object; 1313 1 164 0 0
ciMethod java/awt/Image getWidth (Ljava/awt/image/ImageObserver;)I 0 0 1 0 -1
ciMethod java/awt/Image getHeight (Ljava/awt/image/ImageObserver;)I 0 0 1 0 -1
ciMethod java/awt/Image getAccelerationPriority ()F 2585 1 8983 0 0
ciMethod java/awt/Image$1 getSurfaceManager (Ljava/awt/Image;)Lsun/awt/image/SurfaceManager; 4097 1 1623 0 0
ciMethod sun/awt/image/SurfaceManager$ImageAccessor getSurfaceManager (Ljava/awt/Image;)Lsun/awt/image/SurfaceManager; 0 0 1 0 -1
ciMethod sun/awt/image/SurfaceManager$ImageAccessor setSurfaceManager (Ljava/awt/Image;Lsun/awt/image/SurfaceManager;)V 0 0 1 0 -1
ciMethod sun/awt/image/SurfaceManager <init> ()V 73 1 9 0 0
ciMethod sun/awt/image/SurfaceManager getManager (Ljava/awt/Image;)Lsun/awt/image/SurfaceManager; 89 1 8203 0 384
ciMethod sun/awt/image/SurfaceManager setManager (Ljava/awt/Image;Lsun/awt/image/SurfaceManager;)V 73 1 9 0 0
ciMethod sun/awt/image/SurfaceManager getCacheData (Ljava/lang/Object;)Ljava/lang/Object; 4097 1 8702 0 0
ciMethod sun/awt/image/SurfaceManager setCacheData (Ljava/lang/Object;Ljava/lang/Object;)V 49 1 6 0 0
ciMethod sun/awt/image/SurfaceManager getPrimarySurfaceData ()Lsun/java2d/SurfaceData; 0 0 1 0 -1
ciMethod sun/awt/image/SurfaceManager getImageScale (Ljava/awt/Image;)I 4097 1 21366 0 0
ciMethod sun/awt/image/VolatileSurfaceManager getPrimarySurfaceData ()Lsun/java2d/SurfaceData; 1025 1 128 0 0
ciMethodData java/lang/ref/Reference <init> (Ljava/lang/Object;Ljava/lang/ref/ReferenceQueue;)V 2 6390 orig 144 152 11 181 89 0 0 0 0 232 113 227 22 0 0 0 0 0 1 0 0 0 0 0 0 0 0 0 0 0 0 0 0 0 0 0 0 0 0 0 0 0 0 0 0 0 0 0 0 0 0 0 0 0 0 0 0 0 0 0 0 0 0 0 0 0 0 0 0 0 0 0 0 0 0 0 0 0 0 0 0 0 0 0 0 0 0 0 0 0 0 0 0 0 0 0 0 130 1 0 0 161 187 0 0 1 0 0 0 0 0 0 0 0 0 0 0 0 0 6 0 3 0 1 0 72 0 0 0 255 255 255 255 0 0 0 0 2 0 1 0 0 0 0 0 data 9 0x10002 0x1774 0xb0007 0xc0 0x38 0x16b4 0x110003 0x16b4 0x18 oops 0
ciMethodData java/util/concurrent/ConcurrentHashMap get (Ljava/lang/Object;)Ljava/lang/Object; 2 6531 orig 144 152 11 181 89 0 0 0 0 160 187 249 22 0 0 0 0 112 3 0 0 208 1 0 0 0 0 0 0 0 0 0 0 0 0 0 0 0 0 0 0 0 0 0 0 0 0 0 0 0 0 0 0 0 0 0 0 0 0 0 0 0 0 0 0 0 0 0 0 0 0 0 0 0 0 0 0 0 0 0 0 0 0 0 0 0 0 0 0 0 0 0 0 0 0 0 0 2 1 0 0 9 196 0 0 161 3 0 0 0 0 0 0 0 0 0 0 1 0 36 0 4 0 1 0 184 2 0 0 255 255 255 255 0 0 0 0 5 0 1 0 0 0 0 0 data 87 0x10005 0x1722 0x1e13c8f0 0x156 0x2789dd0 0x9 0x40002 0x1881 0xf0007 0x1 0x278 0x1880 0x170007 0x0 0x258 0x1880 0x220002 0x1880 0x270007 0x54 0x228 0x182c 0x330007 0x4a 0xb0 0x17e2 0x3e0007 0x146d 0x90 0x375 0x430007 0x0 0xf8 0x375 0x490005 0x2a2 0x1e13c8f0 0xd1 0x2789dd0 0x2 0x4c0007 0x0 0xa8 0x375 0x560007 0x4a 0x88 0x0 0x5d0005 0x0 0x0 0x0 0x0 0x0 0x630007 0x0 0x38 0x0 0x6b0003 0x0 0x18 0x760007 0x27 0xd0 0x2e 0x7f0007 0xb 0xffffffffffffffe0 0x23 0x8a0007 0x0 0x90 0x23 0x8f0007 0x0 0xffffffffffffffa0 0x23 0x950005 0x0 0x1e13c8f0 0x1c 0x1e13c9a0 0x7 0x980007 0x0 0xffffffffffffff50 0x23 oops 6 2 java/lang/invoke/MethodType$ConcurrentWeakInternSet$WeakEntry 4 java/lang/invoke/MemberName 36 java/lang/invoke/MethodType$ConcurrentWeakInternSet$WeakEntry 38 java/lang/invoke/MemberName 79 java/lang/invoke/MethodType$ConcurrentWeakInternSet$WeakEntry 81 sun/util/locale/BaseLocale$Key
ciMethodData java/lang/ref/Reference <init> (Ljava/lang/Object;)V 2 6038 orig 144 152 11 181 89 0 0 0 0 56 113 227 22 0 0 0 0 192 0 0 0 0 0 0 0 0 0 0 0 0 0 0 0 0 0 0 0 0 0 0 0 0 0 0 0 0 0 0 0 0 0 0 0 0 0 0 0 0 0 0 0 0 0 0 0 0 0 0 0 0 0 0 0 0 0 0 0 0 0 0 0 0 0 0 0 0 0 0 0 0 0 0 0 0 0 0 0 148 1 0 0 17 176 0 0 1 0 0 0 0 0 0 0 0 0 0 0 0 0 6 0 3 0 1 0 16 0 0 0 255 255 255 255 0 0 0 0 2 0 3 0 0 0 0 0 data 2 0x30002 0x1602 oops 0
ciMethodData java/lang/ref/WeakReference <init> (Ljava/lang/Object;)V 2 5948 orig 144 152 11 181 89 0 0 0 0 120 123 227 22 0 0 0 0 192 0 0 0 0 0 0 0 0 0 0 0 0 0 0 0 0 0 0 0 0 0 0 0 0 0 0 0 0 0 0 0 0 0 0 0 0 0 0 0 0 0 0 0 0 0 0 0 0 0 0 0 0 0 0 0 0 0 0 0 0 0 0 0 0 0 0 0 0 0 0 0 0 0 0 0 0 0 0 0 136 1 0 0 161 173 0 0 1 0 0 0 0 0 0 0 0 0 0 0 0 0 7 0 3 0 1 0 16 0 0 0 255 255 255 255 0 0 0 0 2 0 2 0 0 0 0 0 data 2 0x20002 0x15b4 oops 0
ciMethod sun/java2d/d3d/D3DRenderQueue getInstance ()Lsun/java2d/d3d/D3DRenderQueue; 3617 1 15775 0 -1
ciMethod sun/java2d/pipe/RenderQueue lock ()V 3625 1 20689 0 -1
ciMethod sun/java2d/pipe/RenderQueue unlock ()V 3641 1 20689 0 -1
ciMethod sun/java2d/pipe/BufferedContext validateContext (Lsun/java2d/pipe/hw/AccelSurface;Lsun/java2d/pipe/hw/AccelSurface;Lsun/java2d/pipe/Region;Ljava/awt/Composite;Ljava/awt/geom/AffineTransform;Ljava/awt/Paint;Lsun/java2d/SunGraphics2D;I)V 3353 1 15438 0 -1
ciMethod java/awt/image/ImageProducer startProduction (Ljava/awt/image/ImageConsumer;)V 0 0 1 0 -1
ciMethod sun/awt/image/InputStreamImageSource checkSecurity (Ljava/lang/Object;Z)Z 0 0 1 0 -1
ciMethod sun/awt/image/ToolkitImage getSource ()Ljava/awt/image/ImageProducer; 321 1 44 0 0
ciMethod sun/awt/image/ToolkitImage getImageRep ()Lsun/awt/image/ImageRepresentation; 4097 1 5912 0 -1
ciMethod sun/awt/image/ImageRepresentation startProduction ()V 4097 1 1056 0 0
ciMethod sun/awt/image/ImageRepresentation drawToBufImage (Ljava/awt/Graphics;Lsun/awt/image/ToolkitImage;IIIILjava/awt/Color;Ljava/awt/image/ImageObserver;)Z 4097 1 8844 0 -1
ciMethod sun/awt/image/ImageWatched addWatcher (Ljava/awt/image/ImageObserver;)V 4097 1 1062 0 0
ciMethod sun/awt/image/ImageWatched isWatcher (Ljava/awt/image/ImageObserver;)Z 25 1 3 0 0
ciMethod sun/awt/image/ImageWatched$Link <init> ()V 33 1 4 0 0
ciMethod sun/awt/image/ImageWatched$Link isWatcher (Ljava/awt/image/ImageObserver;)Z 25 1 3 0 -1
ciMethod sun/awt/image/ImageWatched$Link removeWatcher (Ljava/awt/image/ImageObserver;)Lsun/awt/image/ImageWatched$Link; 4097 1 1068 0 -1
ciMethod sun/awt/image/ImageWatched$WeakLink <init> (Ljava/awt/image/ImageObserver;Lsun/awt/image/ImageWatched$Link;)V 25 1 3 0 0
ciMethod java/awt/image/Raster getWidth ()I 1025 1 128 0 0
ciMethod java/awt/image/Raster getHeight ()I 1041 1 130 0 0
ciMethod java/awt/image/Raster getNumBands ()I 137 1 17 0 -1
ciMethod java/awt/image/Raster getNumDataElements ()I 0 0 1 0 -1
ciMethod java/awt/image/Raster getDataBuffer ()Ljava/awt/image/DataBuffer; 161 1 20 0 -1
ciMethod java/awt/image/Raster getSampleModel ()Ljava/awt/image/SampleModel; 409 1 51 0 -1
ciMethod java/awt/image/SampleModel getSampleSize (I)I 0 0 1 0 -1
ciMethod sun/awt/image/IntegerComponentRaster getPixelStride ()I 0 0 1 0 -1
ciMethod java/awt/image/BufferedImage getType ()I 201 1 25 0 -1
ciMethod java/awt/image/BufferedImage getColorModel ()Ljava/awt/image/ColorModel; 145 1 18 0 -1
ciMethod java/awt/image/BufferedImage getRaster ()Ljava/awt/image/WritableRaster; 97 1 12 0 -1
ciMethod java/awt/image/BufferedImage getWidth (Ljava/awt/image/ImageObserver;)I 3329 1 5618 0 64
ciMethod java/awt/image/BufferedImage getHeight (Ljava/awt/image/ImageObserver;)I 3505 1 5618 0 64
ciMethod sun/java2d/ScreenUpdateManager getInstance ()Lsun/java2d/ScreenUpdateManager; 177 1 5143 0 -1
ciMethod sun/java2d/d3d/D3DScreenUpdateManager runUpdateNow ()V 49 49 5126 0 -1
ciMethod sun/java2d/d3d/D3DSurfaceData getType ()I 1289 1 161 0 -1
ciMethod sun/java2d/d3d/D3DBlitLoops createPackedParams (ZZZZII)I 4097 1 8854 0 -1
ciMethod sun/java2d/d3d/D3DBlitLoops enqueueBlit (Lsun/java2d/pipe/RenderQueue;Lsun/java2d/SurfaceData;Lsun/java2d/SurfaceData;IIIIIDDDD)V 4097 1 10060 0 -1
ciMethod sun/java2d/d3d/D3DBlitLoops IsoBlit (Lsun/java2d/SurfaceData;Lsun/java2d/SurfaceData;Ljava/awt/image/BufferedImage;Ljava/awt/image/BufferedImageOp;Ljava/awt/Composite;Lsun/java2d/pipe/Region;Ljava/awt/geom/AffineTransform;IIIIIDDDDZ)V 4097 1 10050 0 4032
ciMethod sun/java2d/loops/GraphicsPrimitiveMgr locate (ILsun/java2d/loops/SurfaceType;Lsun/java2d/loops/CompositeType;Lsun/java2d/loops/SurfaceType;)Lsun/java2d/loops/GraphicsPrimitive; 265 1 49 0 -1
ciMethod sun/java2d/loops/CompositeType equals (Ljava/lang/Object;)Z 4097 1 12179 0 128
ciMethod sun/java2d/SunGraphics2D setDevClip (Ljava/awt/Rectangle;)V 3073 1 5510 0 -1
ciMethod sun/java2d/SunGraphics2D validatePipe ()V 2049 1 8729 0 -1
ciMethod sun/java2d/SunGraphics2D getCompClip ()Lsun/java2d/pipe/Region; 2073 1 16648 0 96
ciMethod sun/java2d/SunGraphics2D validateColor ()V 2049 1 5386 0 -1
ciMethod sun/java2d/SunGraphics2D revalidateAll ()V 0 0 1 0 0
ciMethod sun/java2d/SunGraphics2D isHiDPIImage (Ljava/awt/Image;)Z 4097 1 21326 0 0
ciMethod sun/java2d/SunGraphics2D drawHiDPIImage (Ljava/awt/Image;IIIIIIIILjava/awt/Color;Ljava/awt/image/ImageObserver;)Z 0 0 1 0 -1
ciMethod sun/java2d/SunGraphics2D copyImage (Ljava/awt/Image;IIIIIILjava/awt/Color;Ljava/awt/image/ImageObserver;)Z 17 1 2 0 0
ciMethod sun/java2d/SunGraphics2D drawImage (Ljava/awt/Image;IIIILjava/awt/Color;Ljava/awt/image/ImageObserver;)Z 4097 1 17981 0 0
ciMethod java/awt/Graphics drawImage (Ljava/awt/Image;IIIILjava/awt/Color;Ljava/awt/image/ImageObserver;)Z 0 0 1 0 -1
ciMethod sun/java2d/loops/XORComposite getXorColor ()Ljava/awt/Color; 0 0 1 0 -1
ciMethod sun/java2d/loops/ScaledBlit locate (Lsun/java2d/loops/SurfaceType;Lsun/java2d/loops/CompositeType;Lsun/java2d/loops/SurfaceType;)Lsun/java2d/loops/ScaledBlit; 17 1 3 0 0
ciMethod sun/java2d/loops/ScaledBlit getFromCache (Lsun/java2d/loops/SurfaceType;Lsun/java2d/loops/CompositeType;Lsun/java2d/loops/SurfaceType;)Lsun/java2d/loops/ScaledBlit; 4097 1 8422 0 0
ciMethod sun/java2d/loops/ScaledBlit Scale (Lsun/java2d/SurfaceData;Lsun/java2d/SurfaceData;Ljava/awt/Composite;Lsun/java2d/pipe/Region;IIIIDDDD)V 3073 1 384 0 -1
ciMethod sun/java2d/d3d/D3DTextureToSurfaceScale Scale (Lsun/java2d/SurfaceData;Lsun/java2d/SurfaceData;Ljava/awt/Composite;Lsun/java2d/pipe/Region;IIIIDDDD)V 4097 1 8016 0 0
ciMethod sun/java2d/SurfaceDataProxy isSupportedOperation (Lsun/java2d/SurfaceData;ILsun/java2d/loops/CompositeType;Ljava/awt/Color;)Z 0 0 1 0 -1
ciMethod sun/java2d/SurfaceDataProxy validateSurfaceData (Lsun/java2d/SurfaceData;Lsun/java2d/SurfaceData;II)Lsun/java2d/SurfaceData; 0 0 1 0 -1
ciMethod sun/java2d/SurfaceDataProxy getRetryTracker (Lsun/java2d/SurfaceData;)Lsun/java2d/StateTracker; 0 0 1 0 -1
ciMethod sun/java2d/SurfaceDataProxy isValid ()Z 1313 1 164 0 0
ciMethod sun/java2d/SurfaceDataProxy invalidate ()V 0 0 1 0 -1
ciMethod sun/java2d/SurfaceDataProxy flush ()V 0 0 1 0 -1
ciMethod sun/java2d/SurfaceDataProxy replaceData (Lsun/java2d/SurfaceData;ILsun/java2d/loops/CompositeType;Ljava/awt/Color;)Lsun/java2d/SurfaceData; 4097 1 10426 0 -1
ciMethod sun/java2d/SurfaceDataProxy updateSurfaceData (Lsun/java2d/SurfaceData;Lsun/java2d/SurfaceData;II)V 41 1 10 0 -1
ciMethod sun/java2d/SurfaceDataProxy$1 replaceData (Lsun/java2d/SurfaceData;ILsun/java2d/loops/CompositeType;Ljava/awt/Color;)Lsun/java2d/SurfaceData; 4097 1 682 0 0
ciMethod sun/java2d/StateTracker isCurrent ()Z 0 0 1 0 -1
ciMethod sun/awt/image/BufImgSurfaceManager <init> (Ljava/awt/image/BufferedImage;)V 65 1 8 0 0
ciMethod sun/awt/image/BufImgSurfaceManager getPrimarySurfaceData ()Lsun/java2d/SurfaceData; 1273 1 159 0 0
ciMethod sun/awt/image/BufImgSurfaceData createData (Ljava/awt/image/BufferedImage;)Lsun/java2d/SurfaceData; 65 1 9 0 0
ciMethod sun/awt/image/BufImgSurfaceData createDataIC (Ljava/awt/image/BufferedImage;Lsun/java2d/loops/SurfaceType;)Lsun/java2d/SurfaceData; 73 1 9 0 -1
ciMethod sun/awt/image/BufImgSurfaceData createDataSC (Ljava/awt/image/BufferedImage;Lsun/java2d/loops/SurfaceType;Ljava/awt/image/IndexColorModel;)Lsun/java2d/SurfaceData; 0 0 1 0 -1
ciMethod sun/awt/image/BufImgSurfaceData createDataBC (Ljava/awt/image/BufferedImage;Lsun/java2d/loops/SurfaceType;I)Lsun/java2d/SurfaceData; 0 0 1 0 -1
ciMethod sun/awt/image/BufImgSurfaceData createDataBP (Ljava/awt/image/BufferedImage;Lsun/java2d/loops/SurfaceType;)Lsun/java2d/SurfaceData; 0 0 1 0 -1
ciMethod sun/awt/image/BufImgSurfaceData <init> (Ljava/awt/image/DataBuffer;Ljava/awt/image/BufferedImage;Lsun/java2d/loops/SurfaceType;)V 73 1 9 0 -1
ciMethod sun/awt/image/BufImgSurfaceData initSolidLoops ()V 73 1 9 0 -1
ciMethodData sun/awt/image/ImageWatched addWatcher (Ljava/awt/image/ImageObserver;)V 1 1062 orig 144 152 11 181 89 0 0 0 0 248 99 68 23 0 0 0 0 96 1 0 0 112 0 0 0 0 0 0 0 0 0 0 0 0 0 0 0 0 0 0 0 0 0 0 0 0 0 0 0 0 0 0 0 0 0 0 0 0 0 0 0 0 0 0 0 0 0 0 0 0 0 0 0 0 0 0 0 0 0 0 0 0 0 0 0 0 0 0 0 0 0 0 0 0 0 0 0 0 2 0 0 49 17 0 0 1 0 0 0 0 0 0 0 0 0 0 0 0 0 9 0 3 0 1 0 176 0 0 0 255 255 255 255 0 0 0 0 7 0 1 0 0 0 0 0 data 22 0x10007 0x226 0x80 0x0 0x60005 0x0 0x0 0x0 0x0 0x0 0x90007 0x0 0x30 0x0 0x160002 0x0 0x220005 0x0 0x19bb9e70 0x226 0x0 0x0 oops 1 18 sun/awt/image/ImageWatched$Link
ciMethodData sun/awt/image/ImageRepresentation startProduction ()V 1 1056 orig 144 152 11 181 89 0 0 0 0 232 83 68 23 0 0 0 0 40 1 0 0 0 0 0 0 0 0 0 0 0 0 0 0 0 0 0 0 0 0 0 0 0 0 0 0 0 0 0 0 0 0 0 0 0 0 0 0 0 0 0 0 0 0 0 0 0 0 0 0 0 0 0 0 0 0 0 0 0 0 0 0 0 0 0 0 0 0 0 0 0 0 0 0 0 0 0 0 0 2 0 0 1 17 0 0 1 0 0 0 0 0 0 0 0 0 0 0 0 0 10 0 3 0 1 0 128 0 0 0 255 255 255 255 0 0 0 0 7 0 4 0 0 0 0 0 data 16 0x40007 0x21f 0x80 0x1 0x100005 0x0 0x19a0acb0 0x1 0x0 0x0 0x140005 0x0 0x1ac15150 0x1 0x0 0x0 oops 2 6 sun/awt/image/ToolkitImage 12 java/awt/image/FilteredImageSource
ciMethodData sun/awt/image/ImageWatched$WeakLink <init> (Ljava/awt/image/ImageObserver;Lsun/awt/image/ImageWatched$Link;)V 1 3 orig 144 152 11 181 89 0 0 0 0 160 128 68 23 0 0 0 0 216 0 0 0 0 0 0 0 0 0 0 0 0 0 0 0 0 0 0 0 0 0 0 0 0 0 0 0 0 0 0 0 0 0 0 0 0 0 0 0 0 0 0 0 0 0 0 0 0 0 0 0 0 0 0 0 0 0 0 0 0 0 0 0 0 0 0 0 0 0 0 0 0 0 0 0 0 0 0 0 3 0 0 0 1 0 0 0 1 0 0 0 0 0 0 0 0 0 0 0 0 0 0 0 0 0 1 0 32 0 0 0 255 255 255 255 0 0 0 0 2 0 1 0 0 0 0 0 data 4 0x10002 0x0 0xa0002 0x0 oops 0
ciMethodData sun/awt/image/ImageWatched$Link <init> ()V 1 4 orig 144 152 11 181 89 0 0 0 0 168 120 68 23 0 0 0 0 184 0 0 0 0 0 0 0 0 0 0 0 0 0 0 0 0 0 0 0 0 0 0 0 0 0 0 0 0 0 0 0 0 0 0 0 0 0 0 0 0 0 0 0 0 0 0 0 0 0 0 0 0 0 0 0 0 0 0 0 0 0 0 0 0 0 0 0 0 0 0 0 0 0 0 0 0 0 0 0 4 0 0 0 1 0 0 0 1 0 0 0 0 0 0 0 0 0 0 0 0 0 0 0 0 0 1 0 16 0 0 0 255 255 255 255 0 0 0 0 2 0 1 0 0 0 0 0 data 2 0x10002 0x0 oops 0
ciMethodData sun/java2d/SunGraphics2D isHiDPIImage (Ljava/awt/Image;)Z 2 21368 orig 144 152 11 181 89 0 0 0 0 112 205 77 23 0 0 0 0 240 0 0 0 0 0 0 0 0 0 0 0 0 0 0 0 0 0 0 0 0 0 0 0 0 0 0 0 0 0 0 0 0 0 0 0 0 0 0 0 0 0 0 0 0 0 0 0 0 0 0 0 0 0 0 0 0 0 0 0 0 0 0 0 0 0 0 0 0 0 0 0 0 0 0 0 0 0 0 0 0 2 0 0 193 139 2 0 1 0 0 0 0 0 0 0 0 0 0 0 0 0 9 0 3 0 1 0 72 0 0 0 255 255 255 255 0 0 0 0 2 0 1 0 0 0 0 0 data 9 0x10002 0x5178 0x50007 0x5178 0x38 0x0 0x90003 0x0 0x18 oops 0
ciMethodData sun/awt/image/SurfaceManager getImageScale (Ljava/awt/Image;)I 2 21374 orig 144 152 11 181 89 0 0 0 0 48 150 35 23 0 0 0 0 104 1 0 0 48 0 0 0 0 0 0 0 0 0 0 0 0 0 0 0 0 0 0 0 0 0 0 0 0 0 0 0 0 0 0 0 0 0 0 0 0 0 0 0 0 0 0 0 0 0 0 0 0 0 0 0 0 0 0 0 0 0 0 0 0 0 0 0 0 0 0 0 0 0 0 0 0 0 0 0 0 2 0 0 233 139 2 0 1 0 0 0 0 0 0 0 0 0 0 0 0 0 5 0 3 0 1 0 192 0 0 0 255 255 255 255 0 0 0 0 4 0 1 0 0 0 0 0 data 24 0x10004 0xffffffffffffbb8e 0x19a0acb0 0x129 0x19a10090 0x1 0x40007 0xd0b 0x20 0x4472 0xa0002 0xd0b 0xf0005 0x0 0x1aecbbd0 0xd0b 0x0 0x0 0x120005 0x0 0x19a816c0 0xd0b 0x0 0x0 oops 4 2 sun/awt/image/ToolkitImage 4 java/awt/image/BufferedImage 14 sun/java2d/d3d/D3DVolatileSurfaceManager 20 sun/java2d/SurfaceData
ciMethodData sun/java2d/SunGraphics2D drawImage (Ljava/awt/Image;IIIILjava/awt/Color;Ljava/awt/image/ImageObserver;)Z 2 17991 orig 144 152 11 181 89 0 0 0 0 104 210 77 23 0 0 0 0 144 3 0 0 112 1 0 0 1 0 0 0 1 0 0 0 0 0 0 0 0 0 0 0 0 0 0 0 7 0 0 0 0 0 0 0 0 0 0 0 0 0 0 0 0 0 0 0 0 0 0 0 0 0 0 0 0 0 0 0 0 0 0 0 0 0 0 0 0 0 0 0 0 0 0 0 0 0 0 0 0 2 0 0 57 34 2 0 1 0 0 0 240 66 0 0 0 0 0 0 0 0 32 0 4 0 1 0 160 2 0 0 255 255 255 255 0 0 0 0 7 0 1 0 0 0 0 0 data 84 0x10007 0x4447 0x20 0x0 0x80007 0x0 0x40 0x4447 0xd0007 0x4447 0x20 0x0 0x140005 0x0 0x19a0acb0 0x2446 0x19a10090 0x2001 0x1b0005 0x0 0x19a0acb0 0x2446 0x19a10090 0x2001 0x210002 0x4447 0x240007 0x4447 0x30 0x0 0x3d0002 0x0 0x450007 0x4447 0x70 0x0 0x4c0007 0x0 0x50 0x0 0x5d0005 0x0 0x0 0x0 0x0 0x0 0x71c005 0x0 0x19a832d0 0x42f0 0x19a83380 0x15e 0x7c0005 0x282 0x19a83430 0x41ca 0x0 0x0 0x850002 0x0 0x980005 0x0 0x0 0x0 0x0 0x0 0xa30005 0x0 0x0 0x0 0x0 0x0 0xb20005 0x0 0x0 0x0 0x0 0x0 0xbe0005 0x0 0x0 0x0 0x0 0x0 oops 7 14 sun/awt/image/ToolkitImage 16 java/awt/image/BufferedImage 20 sun/awt/image/ToolkitImage 22 java/awt/image/BufferedImage 48 sun/java2d/d3d/D3DDrawImage 50 sun/java2d/pipe/DrawImage 54 sun/java2d/d3d/D3DSurfaceData
ciMethodData sun/java2d/pipe/DrawImage scaleImage (Lsun/java2d/SunGraphics2D;Ljava/awt/Image;IIIILjava/awt/Color;Ljava/awt/image/ImageObserver;)Z 2 17273 orig 144 152 11 181 89 0 0 0 0 8 37 35 23 0 0 0 0 40 2 0 0 80 0 0 0 1 0 0 0 0 0 0 0 0 0 0 0 0 0 0 0 0 0 0 0 0 0 0 0 0 0 0 0 0 0 0 0 0 0 0 0 0 0 0 0 17 0 0 0 0 0 0 0 0 0 0 0 0 0 0 0 0 0 0 0 0 0 0 0 0 0 0 0 0 0 0 0 0 2 0 0 185 11 2 0 1 0 0 0 205 63 0 0 0 0 0 0 0 0 13 0 4 0 1 0 64 1 0 0 255 255 255 255 0 0 0 0 4 0 1 0 0 0 0 0 data 40 0x10004 0xffffffffffffdfd6 0x19a0acb0 0x214d 0x19a10090 0xd6 0x40007 0x214d 0x50 0x202a 0x130005 0x0 0x19a832d0 0x1 0x19a83380 0x2029 0x180004 0x0 0x19a0acb0 0x214d 0x0 0x0 0x210002 0x214d 0x240007 0x214d 0x20 0x0 0x2b0005 0x0 0x19a0acb0 0x214d 0x0 0x0 0x400005 0x0 0x19a0aa70 0x214d 0x0 0x0 oops 7 2 sun/awt/image/ToolkitImage 4 java/awt/image/BufferedImage 12 sun/java2d/d3d/D3DDrawImage 14 sun/java2d/pipe/DrawImage 18 sun/awt/image/ToolkitImage 30 sun/awt/image/ToolkitImage 36 sun/awt/image/ImageRepresentation
ciMethodData sun/awt/image/ImageRepresentation drawToBufImage (Ljava/awt/Graphics;Lsun/awt/image/ToolkitImage;IIIILjava/awt/Color;Ljava/awt/image/ImageObserver;)Z 2 8848 orig 144 152 11 181 89 0 0 0 0 80 90 68 23 0 0 0 0 104 3 0 0 40 2 0 0 1 0 0 0 0 0 0 0 0 0 0 0 0 0 0 0 0 0 0 0 0 0 0 0 0 0 0 0 0 0 0 0 0 0 0 0 0 0 0 0 0 0 0 0 0 0 0 0 0 0 0 0 0 0 0 0 0 0 0 0 0 0 0 0 0 0 0 0 0 0 0 0 0 2 0 0 129 4 1 0 1 0 0 0 0 0 0 0 0 0 0 0 0 0 39 0 4 0 1 0 120 2 0 0 255 255 255 255 0 0 0 0 7 0 4 0 0 0 0 0 data 79 0x40007 0x2090 0x50 0x0 0xd0005 0x0 0x0 0x0 0x0 0x0 0x180007 0x2090 0x70 0x0 0x1d0007 0x0 0x50 0x0 0x2d0005 0x0 0x0 0x0 0x0 0x0 0x3c0007 0x122 0x38 0x1f6e 0x400003 0x1f6e 0x18 0x4e0007 0x2090 0x38 0x0 0x520003 0x0 0x18 0x5a0007 0x1f6e 0xd8 0x122 0x5f0007 0x0 0xb8 0x122 0x650005 0x0 0x19a0aa70 0x122 0x0 0x0 0x690005 0x0 0x19a0aa70 0x122 0x0 0x0 0x730007 0x122 0x38 0x0 0x770003 0x0 0x18 0x7f0007 0x1f6d 0x40 0x122 0x8a0007 0x122 0x50 0x0 0x9c0005 0x0 0x19a0b360 0x1f6d 0x0 0x0 oops 3 48 sun/awt/image/ImageRepresentation 54 sun/awt/image/ImageRepresentation 75 sun/java2d/SunGraphics2D
ciMethodData sun/awt/image/SurfaceManager getManager (Ljava/awt/Image;)Lsun/awt/image/SurfaceManager; 2 8203 orig 144 152 11 181 89 0 0 0 0 32 143 35 23 0 0 0 0 112 1 0 0 0 0 0 0 0 0 0 0 0 0 0 0 0 0 0 0 0 0 0 0 0 0 0 0 0 0 0 0 0 0 0 0 0 0 0 0 0 0 0 0 0 0 0 0 25 0 0 0 0 0 0 0 0 0 0 0 0 0 0 0 0 0 0 0 0 0 0 0 0 0 0 0 0 0 0 0 11 0 0 0 1 0 1 0 1 0 0 0 0 0 0 0 0 0 0 0 0 0 8 0 4 0 1 0 200 0 0 0 255 255 255 255 0 0 0 0 5 0 4 0 0 0 0 0 data 25 0x40005 0x0 0x19a2fa70 0x2000 0x0 0x0 0x90007 0x1ffc 0x98 0x4 0xd0004 0x0 0x19a10090 0x4 0x0 0x0 0x160002 0x4 0x1c0002 0x4 0x1f0003 0x4 0x28 0x290002 0x0 oops 2 2 java/awt/Image$1 12 java/awt/image/BufferedImage
ciMethodData sun/java2d/pipe/DrawImage scaleImage (Lsun/java2d/SunGraphics2D;Ljava/awt/Image;IIIILjava/awt/Color;)Z 2 8244 orig 144 152 11 181 89 0 0 0 0 16 12 35 23 0 0 0 0 16 3 0 0 208 0 0 0 0 0 0 0 0 0 0 0 0 0 0 0 0 0 0 0 0 0 0 0 0 0 0 0 0 0 0 0 0 0 0 0 0 0 0 0 0 0 0 0 0 0 0 0 0 0 0 0 0 0 0 0 0 0 0 0 0 0 0 0 0 0 0 0 0 0 0 0 0 0 0 0 2 0 0 0 145 1 1 0 1 0 0 0 84 31 0 0 0 0 0 0 0 0 27 0 3 0 1 0 32 2 0 0 255 255 255 255 0 0 0 0 5 0 2 0 0 0 0 0 data 68 0x20005 0x0 0x19a10090 0x2032 0x0 0x0 0x90005 0x0 0x19a10090 0x2032 0x0 0x0 0x100007 0x0 0xc0 0x2032 0x150007 0x0 0xa0 0x2032 0x190002 0x2032 0x1c0007 0x0 0x70 0x2032 0x590005 0x0 0x19a832d0 0x323 0x19a83380 0x1d0f 0x5c0007 0x0 0x20 0x2033 0x6b0007 0x0 0x60 0x0 0x720007 0x0 0x40 0x0 0x790007 0x0 0x90 0x0 0x820002 0x0 0x8e0005 0x0 0x0 0x0 0x0 0x0 0xa10005 0x0 0x0 0x0 0x0 0x0 0xb50005 0x0 0x0 0x0 0x0 0x0 oops 4 2 java/awt/image/BufferedImage 8 java/awt/image/BufferedImage 28 sun/java2d/d3d/D3DDrawImage 30 sun/java2d/pipe/DrawImage
ciMethodData sun/java2d/SurfaceData getTransparency ()I 2 22304 orig 144 152 11 181 89 0 0 0 0 24 142 29 23 0 0 0 0 8 1 0 0 0 0 0 0 0 0 0 0 0 0 0 0 0 0 0 0 0 0 0 0 0 0 0 0 0 0 0 0 0 0 0 0 0 0 0 0 0 0 0 0 0 0 0 0 17 0 0 0 0 0 0 0 0 0 0 0 0 0 0 0 1 0 0 0 0 0 0 0 0 0 0 0 0 0 0 0 141 1 0 0 153 172 2 0 1 0 0 0 0 0 0 0 0 0 0 0 0 0 3 0 4 0 1 0 96 0 0 0 255 255 255 255 0 0 0 0 5 0 1 0 0 0 0 0 data 12 0x10005 0x10 0x19a83430 0x53f0 0x1a8df310 0x193 0x40005 0x0 0x19a4ca50 0x5593 0x0 0x0 oops 3 2 sun/java2d/d3d/D3DSurfaceData 4 sun/awt/image/BufImgSurfaceData 8 java/awt/image/DirectColorModel
ciMethodData java/awt/image/BufferedImage getWidth (Ljava/awt/image/ImageObserver;)I 2 5618 orig 144 152 11 181 89 0 0 0 0 160 249 70 23 0 0 0 0 224 0 0 0 0 0 0 0 0 0 0 0 0 0 0 0 0 0 0 0 0 0 0 0 0 0 0 0 0 0 0 0 0 0 0 0 0 0 0 0 0 0 0 0 0 0 0 0 0 0 0 0 0 0 0 0 0 0 0 0 0 0 0 0 0 0 0 0 0 0 0 0 0 0 0 0 0 0 0 0 160 1 0 0 145 162 0 0 1 0 0 0 0 0 0 0 0 0 0 0 0 0 3 0 4 0 1 0 48 0 0 0 255 255 255 255 0 0 0 0 5 0 4 0 0 0 0 0 data 6 0x40005 0x10 0x19951380 0x1442 0x0 0x0 oops 1 2 sun/awt/image/IntegerInterleavedRaster
ciMethodData java/awt/image/BufferedImage getHeight (Ljava/awt/image/ImageObserver;)I 2 5618 orig 144 152 11 181 89 0 0 0 0 56 250 70 23 0 0 0 0 224 0 0 0 0 0 0 0 0 0 0 0 0 0 0 0 0 0 0 0 0 0 0 0 0 0 0 0 0 0 0 0 0 0 0 0 0 0 0 0 0 0 0 0 0 0 0 0 0 0 0 0 0 0 0 0 0 0 0 0 0 0 0 0 0 0 0 0 0 0 0 0 0 0 0 0 0 0 0 0 182 1 0 0 225 161 0 0 1 0 0 0 0 0 0 0 0 0 0 0 0 0 3 0 4 0 1 0 48 0 0 0 255 255 255 255 0 0 0 0 5 0 4 0 0 0 0 0 data 6 0x40005 0x10 0x19951380 0x142c 0x0 0x0 oops 1 2 sun/awt/image/IntegerInterleavedRaster
ciMethodData sun/java2d/SunGraphics2D getCompClip ()Lsun/java2d/pipe/Region; 2 16657 orig 144 152 11 181 89 0 0 0 0 224 110 77 23 0 0 0 0 8 1 0 0 0 0 0 0 0 0 0 0 0 0 0 0 0 0 0 0 0 0 0 0 0 0 0 0 0 0 0 0 0 0 0 0 0 0 0 0 0 0 0 0 0 0 0 0 17 0 0 0 0 0 0 0 0 0 0 0 0 0 0 0 0 0 0 0 0 0 0 0 0 0 0 0 0 0 0 0 3 1 0 0 113 0 2 0 1 0 0 0 0 0 0 0 0 0 0 0 0 0 6 0 4 0 1 0 96 0 0 0 255 255 255 255 0 0 0 0 5 0 4 0 0 0 0 0 data 12 0x40005 0x105 0x19a83430 0x322f 0x19940590 0xcda 0x70007 0x400e 0x30 0x0 0xb0002 0x0 oops 2 2 sun/java2d/d3d/D3DSurfaceData 4 sun/java2d/d3d/D3DSurfaceData$D3DWindowSurfaceData
ciMethodData java/awt/Image getAccelerationPriority ()F 2 9102 orig 144 152 11 181 89 0 0 0 0 0 111 35 23 0 0 0 0 168 0 0 0 0 0 0 0 0 0 0 0 0 0 0 0 0 0 0 0 0 0 0 0 0 0 0 0 0 0 0 0 0 0 0 0 0 0 0 0 0 0 0 0 0 0 0 0 0 0 0 0 0 0 0 0 0 0 0 0 0 0 0 0 0 0 0 0 0 0 0 0 0 0 0 0 0 0 0 0 67 1 0 0 89 18 1 0 1 0 0 0 0 0 0 0 0 0 0 0 0 0 3 0 3 0 0 0 0 0 0 0 255 255 255 255 0 0 0 0 0 0 0 0 0 0 0 0 data 0 oops 0
ciMethodData java/awt/Image$1 getSurfaceManager (Ljava/awt/Image;)Lsun/awt/image/SurfaceManager; 2 1623 orig 144 152 11 181 89 0 0 0 0 104 130 35 23 0 0 0 0 176 0 0 0 0 0 0 0 0 0 0 0 0 0 0 0 0 0 0 0 0 0 0 0 0 0 0 0 0 0 0 0 0 0 0 0 0 0 0 0 0 0 0 0 0 0 0 0 1 0 0 0 0 0 0 0 1 0 0 0 0 0 0 0 3 0 0 0 0 0 0 0 0 0 0 0 0 0 0 0 0 2 0 0 185 34 0 0 1 0 0 0 0 0 0 0 0 0 0 0 0 0 3 0 3 0 0 0 0 0 0 0 255 255 255 255 0 0 0 0 0 0 0 0 0 0 0 0 data 0 oops 0
ciMethodData sun/java2d/loops/RenderCache$Entry matches (Lsun/java2d/loops/SurfaceType;Lsun/java2d/loops/CompositeType;Lsun/java2d/loops/SurfaceType;)Z 2 9292 orig 144 152 11 181 89 0 0 0 0 32 61 35 23 0 0 0 0 56 1 0 0 64 0 0 0 0 0 0 0 0 0 0 0 0 0 0 0 0 0 0 0 0 0 0 0 0 0 0 0 0 0 1 0 0 0 0 0 0 0 0 0 0 0 0 0 1 0 0 0 0 0 0 0 0 0 0 0 0 0 0 0 15 0 0 0 0 0 0 0 0 0 0 0 0 0 0 0 0 2 0 0 97 18 1 0 1 0 0 0 181 32 0 0 0 0 0 0 0 0 11 0 3 0 1 0 120 0 0 0 255 255 255 255 0 0 0 0 7 0 5 0 0 0 0 0 data 15 0x50007 0x1d 0x78 0x222f 0xd0007 0x0 0x58 0x222f 0x150007 0x4 0x38 0x222c 0x190003 0x222c 0x18 oops 0
ciMethodData sun/java2d/loops/RenderCache get (Lsun/java2d/loops/SurfaceType;Lsun/java2d/loops/CompositeType;Lsun/java2d/loops/SurfaceType;)Ljava/lang/Object; 2 9261 orig 144 152 11 181 89 0 0 0 0 168 55 35 23 0 0 0 0 24 2 0 0 88 0 0 0 1 0 0 0 0 0 0 0 0 0 0 0 0 0 0 0 0 0 0 0 0 0 0 0 0 0 0 0 0 0 0 0 0 0 0 0 0 0 0 0 17 0 0 0 0 0 0 0 0 0 0 0 0 0 0 0 15 0 0 0 0 0 0 0 0 0 0 0 0 0 0 0 0 2 0 0 105 17 1 0 9 1 0 0 155 32 0 0 25 0 0 0 1 0 23 0 4 0 1 0 80 1 0 0 255 255 255 255 0 0 0 0 7 0 15 0 0 0 0 0 data 42 0xf0007 0x0 0x150 0x224e 0x1d0007 0x224b 0x38 0x3 0x200003 0x3 0x110 0x280005 0x158 0x1de38c80 0x20f3 0x0 0x0 0x2b0007 0x21 0xb0 0x222b 0x340007 0x222b 0x60 0x0 0x4a0002 0x0 0x550004 0x0 0x0 0x0 0x0 0x0 0x580005 0x155 0x1de38c80 0x20d6 0x0 0x0 0x5f0003 0x21 0xfffffffffffffec8 oops 2 13 sun/java2d/loops/RenderCache$Entry 35 sun/java2d/loops/RenderCache$Entry
ciMethodData sun/java2d/pipe/DrawImage isSimpleTranslate (Lsun/java2d/SunGraphics2D;)Z 2 11597 orig 144 152 11 181 89 0 0 0 0 72 28 35 23 0 0 0 0 8 1 0 0 32 0 0 0 0 0 0 0 0 0 0 0 0 0 0 0 0 0 0 0 0 0 0 0 0 0 0 0 0 0 0 0 0 0 0 0 0 0 0 0 0 0 0 0 0 0 0 0 0 0 0 0 0 0 0 0 0 0 0 0 0 0 0 0 0 0 0 0 0 0 0 0 0 0 0 0 0 2 0 0 105 90 1 0 1 0 0 0 0 0 0 0 0 0 0 0 0 0 9 0 3 0 1 0 96 0 0 0 255 255 255 255 0 0 0 0 7 0 7 0 0 0 0 0 data 12 0x70007 0x0 0x20 0x2b4d 0xe0007 0x0 0x20 0x0 0x180007 0x0 0x20 0x0 oops 0
ciMethodData sun/java2d/SurfaceData getSourceSurfaceData (Ljava/awt/Image;ILsun/java2d/loops/CompositeType;Ljava/awt/Color;)Lsun/java2d/SurfaceData; 2 8974 orig 144 152 11 181 89 0 0 0 0 16 119 29 23 0 0 0 0 64 3 0 0 144 0 0 0 1 0 0 0 0 0 0 0 0 0 0 0 0 0 0 0 0 0 0 0 0 0 0 0 0 0 2 0 0 0 0 0 0 0 0 0 0 0 0 0 17 0 0 0 0 0 0 0 0 0 0 0 0 0 0 0 0 0 0 0 0 0 0 0 0 0 0 0 0 0 0 0 0 2 0 0 105 8 1 0 1 0 0 0 0 32 0 0 0 0 0 0 0 0 21 0 4 0 1 0 120 2 0 0 255 255 255 255 0 0 0 0 2 0 1 0 0 0 0 0 data 79 0x10002 0x210e 0x80005 0x0 0x19a2c0f0 0x1e6a 0x1aecbbd0 0x2a4 0xe0005 0x0 0x19a10090 0x237 0x19a2c1a0 0x1 0x130007 0x0 0x208 0x210d 0x1a0007 0x10f 0x1e8 0x2000 0x230005 0x0 0x19a2c0f0 0x12a 0x1aecbbd0 0x1 0x260004 0x0 0x19a2c250 0x1d5c 0x19a2c300 0x2a4 0x2d0007 0x0 0x70 0x2000 0x320005 0x0 0x19a2c250 0x12a 0x19a2c300 0x1 0x350007 0x2000 0xe8 0x0 0x3a0005 0x0 0x0 0x0 0x0 0x0 0x400007 0x0 0x38 0x0 0x480003 0x0 0x48 0x4e0005 0x0 0x0 0x0 0x0 0x0 0x5b0005 0x0 0x0 0x0 0x0 0x0 0x660005 0x0 0x19a2c250 0x1d5c 0x19a2c300 0x2a4 oops 12 4 sun/awt/image/BufImgSurfaceManager 6 sun/java2d/d3d/D3DVolatileSurfaceManager 10 java/awt/image/BufferedImage 12 sun/awt/image/SunVolatileImage 24 sun/awt/image/BufImgSurfaceManager 26 sun/java2d/d3d/D3DVolatileSurfaceManager 30 sun/java2d/d3d/D3DSurfaceDataProxy 32 sun/java2d/SurfaceDataProxy$1 40 sun/java2d/d3d/D3DSurfaceDataProxy 42 sun/java2d/SurfaceDataProxy$1 75 sun/java2d/d3d/D3DSurfaceDataProxy 77 sun/java2d/SurfaceDataProxy$1
ciMethodData sun/java2d/pipe/DrawImage isBgOperation (Lsun/java2d/SurfaceData;Ljava/awt/Color;)Z 2 12178 orig 144 152 11 181 89 0 0 0 0 240 28 35 23 0 0 0 0 88 1 0 0 112 0 0 0 0 0 0 0 0 0 0 0 0 0 0 0 0 0 0 0 0 0 0 0 0 0 0 0 0 0 0 0 0 0 0 0 0 0 0 0 0 0 0 0 0 0 0 0 0 0 0 0 0 0 0 0 0 0 0 0 0 0 0 0 0 0 0 0 0 0 0 0 0 0 0 0 0 2 0 0 145 108 1 0 1 0 0 0 0 0 0 0 0 0 0 0 0 0 12 0 4 0 1 0 168 0 0 0 255 255 255 255 0 0 0 0 7 0 1 0 0 0 0 0 data 21 0x10007 0x0 0x90 0x2d92 0x50007 0x2d92 0x88 0x0 0x90005 0x0 0x0 0x0 0x0 0x0 0xd0007 0x0 0x38 0x0 0x110003 0x0 0x18 oops 0
ciMethodData sun/java2d/loops/CompositeType equals (Ljava/lang/Object;)Z 2 12179 orig 144 152 11 181 89 0 0 0 0 96 33 77 23 0 0 0 0 104 1 0 0 0 0 0 0 0 0 0 0 0 0 0 0 0 0 0 0 0 0 0 0 0 0 0 0 0 0 0 0 0 0 0 0 0 0 0 0 0 0 0 0 0 0 0 0 1 0 0 0 0 0 0 0 0 0 0 0 0 0 0 0 3 0 0 0 0 0 0 0 0 0 0 0 0 0 0 0 0 2 0 0 153 108 1 0 1 0 0 0 0 0 0 0 0 0 0 0 0 0 8 0 4 0 1 0 184 0 0 0 255 255 255 255 0 0 0 0 4 0 1 0 0 0 0 0 data 23 0x10004 0x0 0x1a8db7f0 0x2d93 0x0 0x0 0x40007 0x0 0x88 0x2d93 0x80004 0x0 0x1a8db7f0 0x441 0x0 0x0 0x120007 0x0 0x38 0x2d93 0x160003 0x2d93 0x18 oops 2 2 sun/java2d/loops/CompositeType 12 sun/java2d/loops/CompositeType
ciMethodData sun/awt/image/SurfaceManager getCacheData (Ljava/lang/Object;)Ljava/lang/Object; 2 8702 orig 144 152 11 181 89 0 0 0 0 96 144 35 23 0 0 0 0 24 1 0 0 32 0 0 0 0 0 0 0 0 0 0 0 0 0 0 0 0 0 0 0 0 0 0 0 0 0 0 0 0 0 0 0 0 0 0 0 0 0 0 0 0 0 0 0 0 0 0 0 0 0 0 0 0 0 0 0 0 0 0 0 0 0 0 0 0 0 0 0 0 0 0 0 0 0 0 0 0 2 0 0 241 255 0 0 1 0 0 0 0 0 0 0 0 0 0 0 0 0 6 0 3 0 1 0 104 0 0 0 255 255 255 255 0 0 0 0 7 0 4 0 0 0 0 0 data 13 0x40007 0x1ffe 0x38 0x0 0x80003 0x0 0x48 0x100005 0x0 0x19a535b0 0x1ffe 0x0 0x0 oops 1 9 java/util/concurrent/ConcurrentHashMap
ciMethodData sun/java2d/pipe/DrawImage renderImageScale (Lsun/java2d/SunGraphics2D;Ljava/awt/Image;Ljava/awt/Color;IIIIIDDDD)Z 2 8267 orig 144 152 11 181 89 0 0 0 0 64 24 35 23 0 0 0 0 136 3 0 0 80 0 0 0 0 0 0 0 0 0 0 0 0 0 0 0 0 0 0 0 0 0 0 0 0 0 0 0 0 0 0 0 0 0 0 0 0 0 0 0 0 0 0 0 0 0 0 0 0 0 0 0 0 0 0 0 0 0 0 0 0 0 0 0 0 0 0 0 0 0 0 0 0 0 0 0 0 2 0 0 89 242 0 0 1 0 0 0 87 29 0 0 0 0 0 0 1 0 59 0 3 0 1 0 88 2 0 0 255 255 255 255 0 0 0 0 7 0 3 0 0 0 0 0 data 75 0x30007 0x1e4b 0x20 0x0 0x90005 0x125 0x19a0b360 0x1d26 0x0 0x0 0x200005 0x0 0x19a83430 0x125 0x19a816c0 0x1d26 0x270007 0x0 0x50 0x1e4c 0x2d0002 0x1e4c 0x300007 0x1e4c 0x20 0x0 0x370005 0x126 0x19a83430 0x1c32 0x1a8df310 0xf4 0x3e0005 0x126 0x19a83430 0x1c32 0x1a8df310 0xf4 0x5f0005 0x0 0x19a832d0 0x125 0x19a83380 0x1d27 0x670002 0x0 0x6a0007 0x0 0x20 0x0 0x780005 0x0 0x0 0x0 0x0 0x0 0x850002 0x0 0x880007 0x0 0x70 0x0 0x8d0002 0x0 0x900007 0x0 0x40 0x0 0x960007 0x0 0x20 0x0 0x9b0003 0x0 0xfffffffffffffe10 oops 9 6 sun/java2d/SunGraphics2D 12 sun/java2d/d3d/D3DSurfaceData 14 sun/java2d/SurfaceData 28 sun/java2d/d3d/D3DSurfaceData 30 sun/awt/image/BufImgSurfaceData 34 sun/java2d/d3d/D3DSurfaceData 36 sun/awt/image/BufImgSurfaceData 40 sun/java2d/d3d/D3DDrawImage 42 sun/java2d/pipe/DrawImage
ciMethodData sun/java2d/pipe/DrawImage scaleSurfaceData (Lsun/java2d/SunGraphics2D;Lsun/java2d/pipe/Region;Lsun/java2d/SurfaceData;Lsun/java2d/SurfaceData;Lsun/java2d/loops/SurfaceType;Lsun/java2d/loops/SurfaceType;IIIIDDDD)Z 2 8422 orig 144 152 11 181 89 0 0 0 0 192 33 35 23 0 0 0 0 56 2 0 0 128 0 0 0 0 0 0 0 0 0 0 0 0 0 0 0 0 0 0 0 0 0 0 0 0 0 0 0 0 0 0 0 0 0 0 0 0 0 0 0 0 0 0 0 0 0 0 0 0 0 0 0 0 0 0 0 0 0 0 0 0 0 0 0 0 0 0 0 0 0 0 0 0 0 0 0 0 2 0 0 49 247 0 0 1 0 0 0 0 0 0 0 0 0 0 0 0 0 16 0 3 0 1 0 0 1 0 0 255 255 255 255 0 0 0 0 5 0 11 0 0 0 0 0 data 32 0xb0005 0x123 0x1a8db7f0 0x1dc3 0x0 0x0 0xe0007 0x0 0x70 0x1ee6 0x120005 0x0 0x19a83430 0x123 0x19a816c0 0x1dc3 0x160007 0x0 0x20 0x1ee6 0x240002 0x1ee6 0x2b0007 0x0 0x50 0x1ee6 0x480005 0x0 0x19a5cfa0 0x1d55 0x19bd59b0 0x191 oops 5 2 sun/java2d/loops/CompositeType 12 sun/java2d/d3d/D3DSurfaceData 14 sun/java2d/SurfaceData 28 sun/java2d/d3d/D3DTextureToSurfaceScale 30 sun/java2d/loops/ScaledBlit
ciMethodData sun/java2d/loops/ScaledBlit getFromCache (Lsun/java2d/loops/SurfaceType;Lsun/java2d/loops/CompositeType;Lsun/java2d/loops/SurfaceType;)Lsun/java2d/loops/ScaledBlit; 2 8422 orig 144 152 11 181 89 0 0 0 0 24 156 78 23 0 0 0 0 176 1 0 0 176 0 0 0 0 0 0 0 0 0 0 0 0 0 0 0 0 0 0 0 0 0 0 0 0 0 0 0 0 0 0 0 0 0 0 0 0 0 0 0 0 0 0 0 0 0 0 0 0 0 0 0 0 0 0 0 0 0 0 0 0 0 0 0 0 0 0 0 0 0 0 0 0 0 0 0 0 2 0 0 49 247 0 0 1 0 0 0 0 0 0 0 0 0 0 0 0 0 8 0 3 0 1 0 248 0 0 0 255 255 255 255 0 0 0 0 5 0 6 0 0 0 0 0 data 31 0x60005 0x2b5 0x1de35960 0x1c31 0x0 0x0 0xb0007 0x1 0x50 0x1ee5 0xf0004 0x0 0x19a5cfa0 0x1d55 0x19bd59b0 0x190 0x160002 0x1 0x1d0007 0x1 0x38 0x0 0x200003 0x0 0x48 0x2b0005 0x0 0x1de35960 0x1 0x0 0x0 oops 4 2 sun/java2d/loops/RenderCache 12 sun/java2d/d3d/D3DTextureToSurfaceScale 14 sun/java2d/loops/ScaledBlit 27 sun/java2d/loops/RenderCache
ciMethodData sun/java2d/d3d/D3DTextureToSurfaceScale Scale (Lsun/java2d/SurfaceData;Lsun/java2d/SurfaceData;Ljava/awt/Composite;Lsun/java2d/pipe/Region;IIIIDDDD)V 2 8016 orig 144 152 11 181 89 0 0 0 0 160 183 80 23 0 0 0 0 56 1 0 0 0 0 0 0 0 0 0 0 0 0 0 0 0 0 0 0 0 0 0 0 0 0 0 0 0 0 0 0 0 0 0 0 0 0 0 0 0 0 0 0 0 0 0 0 0 0 0 0 0 0 0 0 0 0 0 0 0 0 0 0 0 0 0 0 0 0 0 0 0 0 0 0 0 0 0 0 0 2 0 0 129 234 0 0 1 0 0 0 0 0 0 0 0 0 0 0 0 0 3 0 3 0 1 0 16 0 0 0 255 255 255 255 0 0 0 0 2 0 26 0 0 0 0 0 data 2 0x1a0002 0x1d50 oops 0
ciMethodData sun/awt/image/BufImgSurfaceManager <init> (Ljava/awt/image/BufferedImage;)V 1 8 orig 144 152 11 181 89 0 0 0 0 80 87 87 23 0 0 0 0 208 0 0 0 0 0 0 0 0 0 0 0 0 0 0 0 0 0 0 0 0 0 0 0 0 0 0 0 0 0 0 0 0 0 0 0 0 0 0 0 0 0 0 0 0 0 0 0 17 0 0 0 0 0 0 0 0 0 0 0 0 0 0 0 1 0 0 0 0 0 0 0 0 0 0 0 0 0 0 0 8 0 0 0 1 0 0 0 1 0 0 0 0 0 0 0 0 0 0 0 0 0 0 0 0 0 1 0 32 0 0 0 255 255 255 255 0 0 0 0 2 0 1 0 0 0 0 0 data 4 0x10002 0x0 0xb0002 0x0 oops 0
ciMethodData sun/awt/image/SurfaceManager <init> ()V 1 9 orig 144 152 11 181 89 0 0 0 0 168 141 35 23 0 0 0 0 184 0 0 0 0 0 0 0 0 0 0 0 0 0 0 0 0 0 0 0 0 0 0 0 0 0 0 0 0 0 0 0 0 0 0 0 0 0 0 0 0 0 0 0 0 0 0 0 1 0 0 0 0 0 0 0 0 0 0 0 0 0 0 0 1 0 0 0 0 0 0 0 0 0 0 0 0 0 0 0 9 0 0 0 1 0 0 0 1 0 0 0 0 0 0 0 0 0 0 0 0 0 0 0 0 0 1 0 16 0 0 0 255 255 255 255 0 0 0 0 2 0 1 0 0 0 0 0 data 2 0x10002 0x0 oops 0
ciMethodData sun/java2d/SurfaceDataProxy$1 replaceData (Lsun/java2d/SurfaceData;ILsun/java2d/loops/CompositeType;Ljava/awt/Color;)Lsun/java2d/SurfaceData; 2 682 orig 144 152 11 181 89 0 0 0 0 104 41 81 23 0 0 0 0 200 0 0 0 0 0 0 0 0 0 0 0 0 0 0 0 0 0 0 0 0 0 0 0 0 0 0 0 0 0 0 0 0 0 0 0 0 0 0 0 0 0 0 0 0 0 0 0 0 0 0 0 0 0 0 0 0 0 0 0 0 0 0 0 0 0 0 0 0 0 0 0 0 0 0 0 0 0 0 0 0 2 0 0 81 5 0 0 1 0 0 0 0 0 0 0 0 0 0 0 0 0 3 0 3 0 0 0 0 0 0 0 255 255 255 255 0 0 0 0 0 0 0 0 0 0 0 0 data 0 oops 0
instanceKlass sun/java2d/pipe/hw/AccelDeviceEventNotifier
instanceKlass sun/awt/EventQueueDelegate$Delegate
instanceKlass java/util/IdentityHashMap$1
instanceKlass City/Node
instanceKlass City/Route
instanceKlass java/awt/image/BufferedImageOp
instanceKlass java/text/AttributedString$AttributedStringIterator
instanceKlass java/text/AttributedCharacterIterator
instanceKlass java/text/CharacterIterator
instanceKlass java/text/AttributedString
instanceKlass sun/awt/im/CompositionAreaHandler
instanceKlass java/awt/KeyboardFocusManager$3
instanceKlass java/awt/image/FilteredImageSource
instanceKlass sun/awt/image/PNGImageDecoder$Chromaticities
instanceKlass sun/nio/ch/IOStatus
instanceKlass java/nio/DirectByteBuffer$Deallocator
instanceKlass sun/nio/ch/Util$BufferCache
instanceKlass sun/nio/ch/Util
instanceKlass sun/nio/ch/NativeThread
instanceKlass java/nio/channels/spi/AbstractInterruptibleChannel$1
instanceKlass java/util/regex/ASCII
instanceKlass City/Navigation
instanceKlass java/awt/AWTEvent$2
instanceKlass sun/util/locale/InternalLocaleBuilder$CaseInsensitiveChar
instanceKlass sun/util/locale/InternalLocaleBuilder
instanceKlass sun/util/locale/StringTokenIterator
instanceKlass sun/util/locale/ParseStatus
instanceKlass sun/awt/im/InputMethodAdapter
instanceKlass java/awt/im/spi/InputMethod
instanceKlass java/awt/im/spi/InputMethodContext
instanceKlass java/awt/im/InputMethodRequests
instanceKlass java/awt/im/InputContext
instanceKlass java/awt/KeyboardFocusManager$LightweightFocusRequest
instanceKlass java/awt/DefaultKeyboardFocusManager$TypeAheadMarker
instanceKlass java/awt/KeyboardFocusManager$HeavyweightFocusRequest
instanceKlass java/awt/AWTEventMulticaster
instanceKlass java/awt/event/TextListener
instanceKlass java/awt/event/AdjustmentListener
instanceKlass java/awt/event/ItemListener
instanceKlass java/awt/event/ActionListener
instanceKlass java/awt/event/WindowStateListener
instanceKlass java/awt/event/WindowFocusListener
instanceKlass java/awt/event/WindowListener
instanceKlass java/awt/event/ContainerListener
instanceKlass sun/awt/SunGraphicsCallback
instanceKlass City/Kyhndlr
instanceKlass sun/java2d/d3d/D3DScreenUpdateManager$$Lambda$8
instanceKlass sun/java2d/pipe/BufferedPaints
instanceKlass java/awt/GridLayout
instanceKlass java/awt/image/ImageFilter
instanceKlass sun/java2d/d3d/D3DSurfaceData$1
instanceKlass sun/java2d/d3d/D3DSurfaceData$1Status
instanceKlass java/awt/Cursor$CursorDisposer
instanceKlass sun/awt/GlobalCursorManager$NativeUpdater
instanceKlass sun/awt/GlobalCursorManager
instanceKlass java/awt/SequencedEvent$1
instanceKlass sun/awt/AWTAccessor$SequencedEventAccessor
instanceKlass javax/swing/RepaintManager$3
instanceKlass java/awt/EventQueue$4
instanceKlass java/awt/SplashScreen
instanceKlass sun/awt/NullComponentPeer
instanceKlass java/awt/peer/LightweightPeer
instanceKlass sun/awt/im/ExecutableInputMethodManager$3
instanceKlass sun/awt/im/InputMethodLocator
instanceKlass sun/awt/windows/WInputMethodDescriptor
instanceKlass java/awt/im/spi/InputMethodDescriptor
instanceKlass sun/awt/im/InputMethodManager
instanceKlass java/lang/StrictMath
instanceKlass java/util/TimSort
instanceKlass sun/java2d/loops/GraphicsPrimitiveMgr$PrimitiveSpec
instanceKlass sun/java2d/loops/RenderLoops
instanceKlass sun/awt/image/BufImgSurfaceData$ICMColorData
instanceKlass sun/awt/FontConfiguration$2
instanceKlass sun/awt/Win32FontManager$2
instanceKlass java/util/TreeMap$Entry
instanceKlass java/lang/ProcessEnvironment$CheckedEntry
instanceKlass java/lang/ProcessEnvironment$CheckedEntrySet$1
instanceKlass java/util/NavigableMap
instanceKlass java/util/SortedMap
instanceKlass java/util/Collections$UnmodifiableMap
instanceKlass java/lang/ProcessEnvironment$EntryComparator
instanceKlass java/lang/ProcessEnvironment$NameComparator
instanceKlass sun/font/SunFontManager$3
instanceKlass sun/font/FontFamily
instanceKlass sun/font/Font2DHandle
instanceKlass sun/font/CompositeFontDescriptor
instanceKlass sun/awt/FontDescriptor
instanceKlass sun/awt/FontConfiguration
instanceKlass sun/font/SunFontManager$FontRegistrationInfo
instanceKlass sun/font/SunFontManager$2
instanceKlass sun/awt/Win32FontManager$1
instanceKlass sun/font/FontManagerFactory$1
instanceKlass sun/font/FontManagerFactory
instanceKlass sun/font/GlyphList
instanceKlass sun/font/StrikeCache$1
instanceKlass sun/font/StrikeCache
instanceKlass sun/font/FontStrike
instanceKlass sun/font/CharToGlyphMapper
instanceKlass sun/font/StrikeMetrics
instanceKlass sun/font/Font2D
instanceKlass sun/font/FontUtilities$1
instanceKlass sun/font/FontUtilities
instanceKlass sun/font/FontManagerNativeLibrary$1
instanceKlass sun/font/FontManagerNativeLibrary
instanceKlass sun/font/SunFontManager$1
instanceKlass sun/font/SunFontManager$T1Filter
instanceKlass sun/font/SunFontManager$TTFilter
instanceKlass java/io/FilenameFilter
instanceKlass sun/font/SunFontManager
instanceKlass sun/font/FontManagerForSGE
instanceKlass sun/font/FontManager
instanceKlass sun/java2d/FontSupport
instanceKlass sun/awt/NativeLibLoader$1
instanceKlass sun/awt/NativeLibLoader
instanceKlass sun/awt/PlatformFont
instanceKlass java/awt/peer/FontPeer
instanceKlass sun/awt/windows/WColor
instanceKlass sun/java2d/StateTrackableDelegate$1
instanceKlass sun/java2d/StateTracker$2
instanceKlass sun/java2d/StateTracker$1
instanceKlass sun/java2d/StateTracker
instanceKlass sun/java2d/SurfaceDataProxy
instanceKlass sun/awt/image/SurfaceManager$FlushableCacheData
instanceKlass sun/java2d/DefaultDisposerRecord
instanceKlass sun/java2d/windows/GDIRenderer
instanceKlass sun/java2d/loops/GraphicsPrimitiveMgr$2
instanceKlass sun/java2d/loops/GraphicsPrimitiveMgr$1
instanceKlass sun/java2d/loops/GeneralRenderer
instanceKlass sun/java2d/loops/CustomComponent
instanceKlass sun/java2d/pipe/ValidatePipe
instanceKlass java/awt/BasicStroke
instanceKlass java/awt/Stroke
instanceKlass java/awt/geom/Path2D
instanceKlass java/awt/AlphaComposite
instanceKlass sun/java2d/loops/XORComposite
instanceKlass java/awt/Composite
instanceKlass java/awt/Graphics
instanceKlass sun/awt/ConstrainableGraphics
instanceKlass sun/java2d/loops/CompositeType
instanceKlass sun/java2d/loops/GraphicsPrimitiveMgr
instanceKlass sun/java2d/d3d/D3DBlitLoops
instanceKlass sun/java2d/loops/GraphicsPrimitive
instanceKlass sun/java2d/loops/ProcessPath$DrawHandler
