JvmtiExport can_access_local_variables 0
JvmtiExport can_hotswap_or_post_breakpoint 0
JvmtiExport can_post_on_exceptions 0
# 234 ciObject found
ciMethod java/lang/Object <init> ()V 4097 1 17320 0 0
ciMethod java/lang/Object hashCode ()I 2049 1 256 0 -1
ciMethod java/lang/Object equals (Ljava/lang/Object;)Z 3401 1 1091 0 -1
ciMethod sun/misc/Unsafe getObjectVolatile (Ljava/lang/Object;J)Ljava/lang/Object; 2049 1 256 0 -1
ciMethodData java/lang/Object <init> ()V 2 17320 orig 144 152 11 58 117 0 0 0 0 136 4 30 23 0 0 0 0 168 0 0 0 0 0 0 0 0 0 0 0 0 0 0 0 0 0 0 0 0 0 0 0 0 0 0 0 0 0 0 0 0 0 0 0 0 0 0 0 0 0 0 0 0 0 0 0 0 0 0 0 0 0 0 0 0 0 0 0 0 0 0 0 0 0 0 0 0 0 0 0 0 0 0 0 0 0 0 0 0 2 0 0 65 13 2 0 1 0 0 0 0 0 0 0 0 0 0 0 0 0 3 0 3 0 0 0 0 0 0 0 255 255 255 255 0 0 0 0 0 0 0 0 0 0 0 0 data 0 oops 0
ciMethod java/util/concurrent/ConcurrentHashMap spread (I)I 2073 1 4628 0 0
ciMethod java/util/concurrent/ConcurrentHashMap tabAt ([Ljava/util/concurrent/ConcurrentHashMap$Node;I)Ljava/util/concurrent/ConcurrentHashMap$Node; 2217 1 6617 0 0
ciMethod java/util/concurrent/ConcurrentHashMap get (Ljava/lang/Object;)Ljava/lang/Object; 3105 201 3877 0 0
ciMethod java/util/concurrent/ConcurrentHashMap$Node find (ILjava/lang/Object;)Ljava/util/concurrent/ConcurrentHashMap$Node; 0 0 1 0 -1
ciMethod java/awt/geom/AffineTransform <init> (Ljava/awt/geom/AffineTransform;)V 225 1 30 0 -1
ciMethod java/awt/geom/AffineTransform translate (DD)V 177 1 25 0 -1
ciMethod java/awt/geom/AffineTransform scale (DD)V 9 1 1 0 -1
ciMethod sun/java2d/SurfaceData getSourceSurfaceData (Ljava/awt/Image;ILsun/java2d/loops/CompositeType;Ljava/awt/Color;)Lsun/java2d/SurfaceData; 4097 1 2823 0 0
ciMethod sun/java2d/SurfaceData makeProxyFor (Lsun/java2d/SurfaceData;)Lsun/java2d/SurfaceDataProxy; 0 0 1 0 -1
ciMethod sun/java2d/SurfaceData getState ()Lsun/java2d/StateTrackable$State; 33 1 4 0 -1
ciMethod sun/java2d/SurfaceData isValid ()Z 1153 1 144 0 0
ciMethod sun/java2d/SurfaceData getReplacement ()Lsun/java2d/SurfaceData; 0 0 1 0 -1
ciMethod sun/java2d/SurfaceData getSurfaceType ()Lsun/java2d/loops/SurfaceType; 1201 1 150 0 -1
ciMethod sun/java2d/SurfaceData getBounds ()Ljava/awt/Rectangle; 0 0 1 0 -1
ciMethod sun/java2d/SurfaceData isOpaqueGray (Ljava/awt/image/IndexColorModel;)Z 0 0 1 0 -1
ciMethod sun/java2d/SurfaceData isNull (Lsun/java2d/SurfaceData;)Z 0 0 1 0 -1
ciMethod java/awt/image/ColorModel getTransparency ()I 1249 1 156 0 -1
ciMethod java/awt/image/DirectColorModel getRedMask ()I 145 1 18 0 -1
ciMethod java/awt/image/DirectColorModel getGreenMask ()I 145 1 18 0 -1
ciMethod java/awt/image/DirectColorModel getBlueMask ()I 145 1 18 0 -1
ciMethod java/awt/image/DirectColorModel getAlphaMask ()I 97 1 12 0 -1
ciMethod sun/java2d/pipe/DrawImage scaleImage (Lsun/java2d/SunGraphics2D;Ljava/awt/Image;IIIILjava/awt/Color;)Z 9 1 2751 0 0
ciMethod sun/java2d/pipe/DrawImage transformImage (Lsun/java2d/SunGraphics2D;Ljava/awt/Image;Ljava/awt/geom/AffineTransform;IIIIILjava/awt/Color;)V 9 1 1 0 -1
ciMethod sun/java2d/pipe/DrawImage renderImageScale (Lsun/java2d/SunGraphics2D;Ljava/awt/Image;Ljava/awt/Color;IIIIIDDDD)Z 4097 1 2784 0 0
ciMethod sun/java2d/pipe/DrawImage isSimpleTranslate (Lsun/java2d/SunGraphics2D;)Z 4097 1 2789 0 0
ciMethod sun/java2d/pipe/DrawImage isBgOperation (Lsun/java2d/SurfaceData;Ljava/awt/Color;)Z 4097 1 2823 0 -1
ciMethod sun/java2d/pipe/DrawImage scaleSurfaceData (Lsun/java2d/SunGraphics2D;Lsun/java2d/pipe/Region;Lsun/java2d/SurfaceData;Lsun/java2d/SurfaceData;Lsun/java2d/loops/SurfaceType;Lsun/java2d/loops/SurfaceType;IIIIDDDD)Z 4097 1 2816 0 -1
ciMethod sun/java2d/pipe/DrawImage imageReady (Lsun/awt/image/ToolkitImage;Ljava/awt/image/ImageObserver;)Z 4097 1 3971 0 -1
ciMethod sun/java2d/pipe/DrawImage scaleImage (Lsun/java2d/SunGraphics2D;Ljava/awt/Image;IIIILjava/awt/Color;Ljava/awt/image/ImageObserver;)Z 4097 1 6675 0 -1
ciMethod java/awt/Image getWidth (Ljava/awt/image/ImageObserver;)I 0 0 1 0 -1
ciMethod java/awt/Image getHeight (Ljava/awt/image/ImageObserver;)I 0 0 1 0 -1
ciMethod java/awt/Image getAccelerationPriority ()F 4097 1 2899 0 0
ciMethod java/awt/Image$1 getSurfaceManager (Ljava/awt/Image;)Lsun/awt/image/SurfaceManager; 4097 1 1576 0 0
ciMethod sun/awt/image/SurfaceManager$ImageAccessor getSurfaceManager (Ljava/awt/Image;)Lsun/awt/image/SurfaceManager; 0 0 1 0 -1
ciMethod sun/awt/image/SurfaceManager$ImageAccessor setSurfaceManager (Ljava/awt/Image;Lsun/awt/image/SurfaceManager;)V 0 0 1 0 -1
ciMethod sun/awt/image/SurfaceManager <init> ()V 57 1 7 0 0
ciMethod sun/awt/image/SurfaceManager getManager (Ljava/awt/Image;)Lsun/awt/image/SurfaceManager; 65 1 2890 0 0
ciMethod sun/awt/image/SurfaceManager setManager (Ljava/awt/Image;Lsun/awt/image/SurfaceManager;)V 57 1 7 0 0
ciMethod sun/awt/image/SurfaceManager getCacheData (Ljava/lang/Object;)Ljava/lang/Object; 3753 1 2892 0 0
ciMethod sun/awt/image/SurfaceManager setCacheData (Ljava/lang/Object;Ljava/lang/Object;)V 33 1 4 0 -1
ciMethod sun/awt/image/SurfaceManager getPrimarySurfaceData ()Lsun/java2d/SurfaceData; 0 0 1 0 -1
ciMethod sun/awt/image/VolatileSurfaceManager getPrimarySurfaceData ()Lsun/java2d/SurfaceData; 161 1 18 0 0
ciMethodData java/util/concurrent/ConcurrentHashMap tabAt ([Ljava/util/concurrent/ConcurrentHashMap$Node;I)Ljava/util/concurrent/ConcurrentHashMap$Node; 2 6749 orig 144 152 11 58 117 0 0 0 0 72 180 54 23 0 0 0 0 16 1 0 0 0 0 0 0 0 0 0 0 0 0 0 0 0 0 0 0 0 0 0 0 0 0 0 0 0 0 0 0 0 0 0 0 0 0 0 0 0 0 0 0 0 0 0 0 0 0 0 0 0 0 0 0 0 0 0 0 0 0 0 0 0 0 0 0 0 0 0 0 0 0 0 0 0 0 0 0 21 1 0 0 65 202 0 0 1 0 0 0 0 0 0 0 0 0 0 0 0 0 3 0 3 0 1 0 96 0 0 0 255 255 255 255 0 0 0 0 5 0 14 0 0 0 0 0 data 12 0xe0005 0x0 0x0 0x0 0x0 0x0 0x110104 0x0 0x1c511640 0x140e 0x1c532290 0x260 oops 2 8 java/util/concurrent/ConcurrentHashMap$Node 10 java/util/concurrent/ConcurrentHashMap$ForwardingNode
ciMethodData java/util/concurrent/ConcurrentHashMap spread (I)I 2 4726 orig 144 152 11 58 117 0 0 0 0 24 177 54 23 0 0 0 0 168 0 0 0 0 0 0 0 0 0 0 0 0 0 0 0 0 0 0 0 0 0 0 0 0 0 0 0 0 0 0 0 0 0 0 0 0 0 0 0 0 0 0 0 0 0 0 0 0 0 0 0 0 0 0 0 0 0 0 0 0 0 0 0 0 0 0 0 0 0 0 0 0 0 0 0 0 0 0 0 3 1 0 0 153 139 0 0 1 0 0 0 0 0 0 0 0 0 0 0 0 0 3 0 3 0 0 0 0 0 0 0 255 255 255 255 0 0 0 0 0 0 0 0 0 0 0 0 data 0 oops 0
ciMethodData java/util/concurrent/ConcurrentHashMap get (Ljava/lang/Object;)Ljava/lang/Object; 2 3958 orig 144 152 11 58 117 0 0 0 0 160 187 54 23 0 0 0 0 112 3 0 0 208 1 0 0 0 0 0 0 0 0 0 0 0 0 0 0 0 0 0 0 0 0 0 0 0 0 0 0 0 0 0 0 0 0 0 0 0 0 0 0 0 0 0 0 0 0 0 0 0 0 0 0 0 0 0 0 0 0 0 0 0 0 0 0 0 0 0 0 0 0 0 0 0 0 0 0 132 1 0 0 129 111 0 0 153 3 0 0 0 0 0 0 0 0 0 0 1 0 36 0 3 0 1 0 184 2 0 0 255 255 255 255 0 0 0 0 5 0 1 0 0 0 0 0 data 87 0x10005 0xd46 0x1c52cde0 0xa1 0x2b59e70 0x9 0x40002 0xdf0 0xf0007 0x15 0x278 0xddb 0x170007 0x0 0x258 0xddb 0x220002 0xddb 0x270007 0x32 0x228 0xda9 0x330007 0x39 0xb0 0xd70 0x3e0007 0xce2 0x90 0x8e 0x430007 0x0 0xf8 0x8e 0x490005 0x20 0x1c52cde0 0x6c 0x2b59e70 0x2 0x4c0007 0x0 0xa8 0x8e 0x560007 0x39 0x88 0x0 0x5d0005 0x0 0x0 0x0 0x0 0x0 0x630007 0x0 0x38 0x0 0x6b0003 0x0 0x18 0x760007 0x15 0xd0 0x39 0x7f0007 0x15 0xffffffffffffffe0 0x24 0x8a0007 0x7 0x90 0x1d 0x8f0007 0x0 0xffffffffffffffa0 0x1d 0x950005 0x0 0x1c52cde0 0x10 0x1c52ce90 0xd 0x980007 0x0 0xffffffffffffff50 0x1d oops 6 2 java/lang/invoke/MethodType$ConcurrentWeakInternSet$WeakEntry 4 java/lang/invoke/MemberName 36 java/lang/invoke/MethodType$ConcurrentWeakInternSet$WeakEntry 38 java/lang/invoke/MemberName 79 java/lang/invoke/MethodType$ConcurrentWeakInternSet$WeakEntry 81 sun/util/locale/BaseLocale$Key
ciMethod sun/awt/image/ToolkitImage getImageRep ()Lsun/awt/image/ImageRepresentation; 4097 1 4107 0 -1
ciMethod sun/awt/image/ImageRepresentation drawToBufImage (Ljava/awt/Graphics;Lsun/awt/image/ToolkitImage;IIIILjava/awt/Color;Ljava/awt/image/ImageObserver;)Z 4097 1 3974 0 -1
ciMethod java/awt/image/Raster getWidth ()I 1321 1 165 0 0
ciMethod java/awt/image/Raster getHeight ()I 1401 1 175 0 0
ciMethod java/awt/image/Raster getNumBands ()I 97 1 12 0 -1
ciMethod java/awt/image/Raster getNumDataElements ()I 0 0 1 0 -1
ciMethod java/awt/image/Raster getDataBuffer ()Ljava/awt/image/DataBuffer; 113 1 14 0 -1
ciMethod java/awt/image/Raster getSampleModel ()Ljava/awt/image/SampleModel; 289 1 36 0 -1
ciMethod java/awt/image/SampleModel getSampleSize (I)I 0 0 1 0 -1
ciMethod sun/awt/image/IntegerComponentRaster getPixelStride ()I 0 0 1 0 -1
ciMethod java/awt/image/BufferedImage getType ()I 145 1 18 0 -1
ciMethod java/awt/image/BufferedImage getColorModel ()Ljava/awt/image/ColorModel; 97 1 12 0 -1
ciMethod java/awt/image/BufferedImage getRaster ()Ljava/awt/image/WritableRaster; 65 1 8 0 -1
ciMethod java/awt/image/BufferedImage getWidth (Ljava/awt/image/ImageObserver;)I 3585 1 5580 0 0
ciMethod java/awt/image/BufferedImage getHeight (Ljava/awt/image/ImageObserver;)I 3729 1 5634 0 0
ciMethod sun/java2d/SunGraphics2D setDevClip (Ljava/awt/Rectangle;)V 145 1 18 0 -1
ciMethod sun/java2d/SunGraphics2D validatePipe ()V 169 1 20 0 -1
ciMethod sun/java2d/SunGraphics2D getCompClip ()Lsun/java2d/pipe/Region; 3457 1 2852 0 0
ciMethod sun/java2d/SunGraphics2D validateColor ()V 4097 1 6419 0 -1
ciMethod sun/java2d/SunGraphics2D revalidateAll ()V 0 0 1 0 0
ciMethod sun/java2d/loops/XORComposite getXorColor ()Ljava/awt/Color; 0 0 1 0 -1
ciMethod sun/java2d/SurfaceDataProxy isValid ()Z 1249 1 156 0 -1
ciMethod sun/java2d/SurfaceDataProxy replaceData (Lsun/java2d/SurfaceData;ILsun/java2d/loops/CompositeType;Ljava/awt/Color;)Lsun/java2d/SurfaceData; 4097 1 2905 0 -1
ciMethod sun/awt/image/BufImgSurfaceManager <init> (Ljava/awt/image/BufferedImage;)V 49 1 6 0 0
ciMethod sun/awt/image/BufImgSurfaceManager getPrimarySurfaceData ()Lsun/java2d/SurfaceData; 1185 1 148 0 0
ciMethod sun/awt/image/BufImgSurfaceData createData (Ljava/awt/image/BufferedImage;)Lsun/java2d/SurfaceData; 49 1 6 0 0
ciMethod sun/awt/image/BufImgSurfaceData createDataIC (Ljava/awt/image/BufferedImage;Lsun/java2d/loops/SurfaceType;)Lsun/java2d/SurfaceData; 49 1 6 0 -1
ciMethod sun/awt/image/BufImgSurfaceData createDataSC (Ljava/awt/image/BufferedImage;Lsun/java2d/loops/SurfaceType;Ljava/awt/image/IndexColorModel;)Lsun/java2d/SurfaceData; 0 0 1 0 -1
ciMethod sun/awt/image/BufImgSurfaceData createDataBC (Ljava/awt/image/BufferedImage;Lsun/java2d/loops/SurfaceType;I)Lsun/java2d/SurfaceData; 0 0 1 0 -1
ciMethod sun/awt/image/BufImgSurfaceData createDataBP (Ljava/awt/image/BufferedImage;Lsun/java2d/loops/SurfaceType;)Lsun/java2d/SurfaceData; 0 0 1 0 -1
ciMethod sun/awt/image/BufImgSurfaceData <init> (Ljava/awt/image/DataBuffer;Ljava/awt/image/BufferedImage;Lsun/java2d/loops/SurfaceType;)V 49 1 6 0 -1
ciMethod sun/awt/image/BufImgSurfaceData initSolidLoops ()V 49 1 6 0 -1
ciMethodData sun/java2d/pipe/DrawImage scaleImage (Lsun/java2d/SunGraphics2D;Ljava/awt/Image;IIIILjava/awt/Color;Ljava/awt/image/ImageObserver;)Z 2 6695 orig 144 152 11 58 117 0 0 0 0 0 175 87 23 0 0 0 0 40 2 0 0 192 0 0 0 0 0 0 0 0 0 0 0 0 0 0 0 0 0 0 0 0 0 0 0 0 0 0 0 0 0 0 0 0 0 0 0 0 0 0 0 0 0 0 0 0 0 0 0 0 0 0 0 0 0 0 0 0 0 0 0 0 0 0 0 0 0 0 0 0 0 0 0 0 0 0 0 0 2 0 0 41 193 0 0 1 0 0 0 0 0 0 0 0 0 0 0 0 0 13 0 3 0 1 0 64 1 0 0 255 255 255 255 0 0 0 0 4 0 1 0 0 0 0 0 data 40 0x10004 0xfffffffffffff553 0x19d42980 0xd78 0x0 0x0 0x40007 0xd78 0x50 0xaad 0x130005 0x0 0x19d421d0 0xaad 0x0 0x0 0x180004 0x0 0x19d42980 0xd78 0x0 0x0 0x210002 0xd78 0x240007 0xd78 0x20 0x0 0x2b0005 0x0 0x19d42980 0xd78 0x0 0x0 0x400005 0x0 0x19d42a30 0xd78 0x0 0x0 oops 5 2 sun/awt/image/ToolkitImage 12 sun/java2d/pipe/DrawImage 18 sun/awt/image/ToolkitImage 30 sun/awt/image/ToolkitImage 36 sun/awt/image/ImageRepresentation
ciMethodData sun/awt/image/SurfaceManager getManager (Ljava/awt/Image;)Lsun/awt/image/SurfaceManager; 2 2953 orig 144 152 11 58 117 0 0 0 0 104 24 88 23 0 0 0 0 112 1 0 0 0 0 0 0 0 0 0 0 0 0 0 0 0 0 0 0 0 0 0 0 0 0 0 0 0 0 0 0 0 0 0 0 0 0 0 0 0 0 0 0 0 0 0 0 0 0 0 0 0 0 0 0 0 0 0 0 0 0 0 0 0 0 0 0 0 0 0 0 0 0 0 0 0 0 0 0 8 0 0 0 1 92 0 0 1 0 0 0 0 0 0 0 0 0 0 0 0 0 8 0 3 0 1 0 200 0 0 0 255 255 255 255 0 0 0 0 5 0 4 0 0 0 0 0 data 25 0x40005 0x0 0x19e4dc50 0xb80 0x0 0x0 0x90007 0xb7d 0x98 0x3 0xd0004 0x0 0x19f35b80 0x3 0x0 0x0 0x160002 0x3 0x1c0002 0x3 0x1f0003 0x3 0x28 0x290002 0x0 oops 2 2 java/awt/Image$1 12 java/awt/image/BufferedImage
ciMethodData sun/java2d/pipe/DrawImage scaleImage (Lsun/java2d/SunGraphics2D;Ljava/awt/Image;IIIILjava/awt/Color;)Z 2 2784 orig 144 152 11 58 117 0 0 0 0 8 150 87 23 0 0 0 0 16 3 0 0 192 1 0 0 0 0 0 0 0 0 0 0 0 0 0 0 0 0 0 0 0 0 0 0 0 0 0 0 0 0 0 0 0 0 0 0 0 0 0 0 0 0 0 0 0 0 0 0 0 0 0 0 0 0 0 0 0 0 0 0 0 0 0 0 0 0 0 0 0 0 0 0 0 0 0 0 1 0 0 0 249 86 0 0 1 0 0 0 0 0 0 0 0 0 0 0 0 0 27 0 3 0 1 0 32 2 0 0 255 255 255 255 0 0 0 0 5 0 2 0 0 0 0 0 data 68 0x20005 0x0 0x19f35b80 0xadf 0x0 0x0 0x90005 0x0 0x19f35b80 0xade 0x0 0x0 0x100007 0x0 0xc0 0xade 0x150007 0x0 0xa0 0xade 0x190002 0xade 0x1c0007 0x0 0x70 0xade 0x590005 0x0 0x19f35c30 0x63f 0x19d421d0 0x49f 0x5c0007 0x0 0x20 0xade 0x6b0007 0x0 0x60 0x0 0x720007 0x0 0x40 0x0 0x790007 0x0 0x90 0x0 0x820002 0x0 0x8e0005 0x0 0x0 0x0 0x0 0x0 0xa10005 0x0 0x0 0x0 0x0 0x0 0xb50005 0x0 0x0 0x0 0x0 0x0 oops 4 2 java/awt/image/BufferedImage 8 java/awt/image/BufferedImage 28 sun/java2d/d3d/D3DDrawImage 30 sun/java2d/pipe/DrawImage
ciMethodData java/awt/image/BufferedImage getWidth (Ljava/awt/image/ImageObserver;)I 2 5600 orig 144 152 11 58 117 0 0 0 0 216 235 124 23 0 0 0 0 224 0 0 0 0 0 0 0 0 0 0 0 0 0 0 0 0 0 0 0 0 0 0 0 0 0 0 0 0 0 0 0 0 0 0 0 0 0 0 0 0 0 0 0 0 0 0 0 0 0 0 0 0 0 0 0 0 0 0 0 0 0 0 0 0 0 0 0 0 0 0 0 0 0 0 0 0 0 0 0 192 1 0 0 241 160 0 0 1 0 0 0 0 0 0 0 0 0 0 0 0 0 3 0 3 0 1 0 48 0 0 0 255 255 255 255 0 0 0 0 5 0 4 0 0 0 0 0 data 6 0x40005 0xe 0x19f392a0 0x1410 0x0 0x0 oops 1 2 sun/awt/image/IntegerInterleavedRaster
ciMethodData java/awt/image/BufferedImage getHeight (Ljava/awt/image/ImageObserver;)I 2 5634 orig 144 152 11 58 117 0 0 0 0 112 236 124 23 0 0 0 0 224 0 0 0 0 0 0 0 0 0 0 0 0 0 0 0 0 0 0 0 0 0 0 0 0 0 0 0 0 0 0 0 0 0 0 0 0 0 0 0 0 0 0 0 0 0 0 0 0 0 0 0 0 0 0 0 0 0 0 0 0 0 0 0 0 0 0 0 0 0 0 0 0 0 0 0 0 0 0 0 210 1 0 0 129 161 0 0 1 0 0 0 0 0 0 0 0 0 0 0 0 0 3 0 3 0 1 0 48 0 0 0 255 255 255 255 0 0 0 0 5 0 4 0 0 0 0 0 data 6 0x40005 0xe 0x19f392a0 0x1422 0x0 0x0 oops 1 2 sun/awt/image/IntegerInterleavedRaster
ciMethodData sun/java2d/SunGraphics2D getCompClip ()Lsun/java2d/pipe/Region; 2 2852 orig 144 152 11 58 117 0 0 0 0 48 70 138 23 0 0 0 0 8 1 0 0 0 0 0 0 0 0 0 0 0 0 0 0 0 0 0 0 0 0 0 0 0 0 0 0 0 0 0 0 0 0 0 0 0 0 0 0 0 0 0 0 0 0 0 0 0 0 0 0 0 0 0 0 0 0 0 0 0 0 0 0 0 0 0 0 0 0 0 0 0 0 0 0 0 0 0 0 175 1 0 0 161 75 0 0 1 0 0 0 0 0 0 0 0 0 0 0 0 0 6 0 3 0 1 0 96 0 0 0 255 255 255 255 0 0 0 0 5 0 4 0 0 0 0 0 data 12 0x40005 0xe 0x19dcbf30 0x964 0x19dd02f0 0x2 0x70007 0x974 0x30 0x0 0xb0002 0x0 oops 2 2 sun/java2d/d3d/D3DSurfaceData 4 sun/java2d/d3d/D3DSurfaceData$D3DWindowSurfaceData
ciMethodData sun/awt/image/SurfaceManager getCacheData (Ljava/lang/Object;)Ljava/lang/Object; 2 3192 orig 144 152 11 58 117 0 0 0 0 168 25 88 23 0 0 0 0 24 1 0 0 32 0 0 0 0 0 0 0 0 0 0 0 0 0 0 0 0 0 0 0 0 0 0 0 0 0 0 0 0 0 0 0 0 0 0 0 0 0 0 0 0 0 0 0 0 0 0 0 0 0 0 0 0 0 0 0 0 0 0 0 0 0 0 0 0 0 0 0 0 0 0 0 0 0 0 0 213 1 0 0 25 85 0 0 1 0 0 0 0 0 0 0 0 0 0 0 0 0 6 0 3 0 1 0 104 0 0 0 255 255 255 255 0 0 0 0 7 0 4 0 0 0 0 0 data 13 0x40007 0xaa3 0x38 0x0 0x80003 0x0 0x48 0x100005 0x0 0x1c50ef20 0xaa3 0x0 0x0 oops 1 9 java/util/concurrent/ConcurrentHashMap
ciMethodData java/awt/Image getAccelerationPriority ()F 2 3206 orig 144 152 11 58 117 0 0 0 0 248 248 87 23 0 0 0 0 168 0 0 0 0 0 0 0 0 0 0 0 0 0 0 0 0 0 0 0 0 0 0 0 0 0 0 0 0 0 0 0 0 0 0 0 0 0 0 0 0 0 0 0 0 0 0 0 0 0 0 0 0 0 0 0 0 0 0 0 0 0 0 0 0 0 0 0 0 0 0 0 0 0 0 0 0 0 0 0 0 2 0 0 49 84 0 0 1 0 0 0 0 0 0 0 0 0 0 0 0 0 3 0 3 0 0 0 0 0 0 0 255 255 255 255 0 0 0 0 0 0 0 0 0 0 0 0 data 0 oops 0
ciMethodData java/awt/Image$1 getSurfaceManager (Ljava/awt/Image;)Lsun/awt/image/SurfaceManager; 2 1576 orig 144 152 11 58 117 0 0 0 0 176 11 88 23 0 0 0 0 176 0 0 0 0 0 0 0 0 0 0 0 0 0 0 0 0 0 0 0 0 0 0 0 0 0 0 0 0 0 0 0 0 0 0 0 0 0 0 0 0 0 0 0 0 0 0 0 0 0 0 0 0 0 0 0 0 0 0 0 0 0 0 0 0 0 0 0 0 0 0 0 0 0 0 0 0 0 0 0 0 2 0 0 65 33 0 0 1 0 0 0 0 0 0 0 0 0 0 0 0 0 3 0 3 0 0 0 0 0 0 0 255 255 255 255 0 0 0 0 0 0 0 0 0 0 0 0 data 0 oops 0
ciMethodData sun/java2d/pipe/DrawImage isSimpleTranslate (Lsun/java2d/SunGraphics2D;)Z 2 2823 orig 144 152 11 58 117 0 0 0 0 64 166 87 23 0 0 0 0 8 1 0 0 32 0 0 0 0 0 0 0 0 0 0 0 0 0 0 0 0 0 0 0 0 0 0 0 0 0 0 0 0 0 0 0 0 0 0 0 0 0 0 0 0 0 0 0 0 0 0 0 0 0 0 0 0 0 0 0 0 0 0 0 0 0 0 0 0 0 0 0 0 0 0 0 0 0 0 0 0 2 0 0 57 72 0 0 1 0 0 0 0 0 0 0 0 0 0 0 0 0 9 0 3 0 1 0 96 0 0 0 255 255 255 255 0 0 0 0 7 0 7 0 0 0 0 0 data 12 0x70007 0x0 0x20 0x907 0xe0007 0x0 0x20 0x0 0x180007 0x0 0x20 0x0 oops 0
ciMethodData sun/java2d/SurfaceData getSourceSurfaceData (Ljava/awt/Image;ILsun/java2d/loops/CompositeType;Ljava/awt/Color;)Lsun/java2d/SurfaceData; 2 2920 orig 144 152 11 58 117 0 0 0 0 208 68 83 23 0 0 0 0 64 3 0 0 232 1 0 0 0 0 0 0 0 0 0 0 0 0 0 0 0 0 0 0 0 0 0 0 0 0 0 0 0 0 0 0 0 0 0 0 0 0 0 0 0 0 0 0 0 0 0 0 0 0 0 0 0 0 0 0 0 0 0 0 0 0 0 0 0 0 0 0 0 0 0 0 0 0 0 0 0 2 0 0 49 75 0 0 1 0 0 0 0 0 0 0 0 0 0 0 0 0 21 0 3 0 1 0 120 2 0 0 255 255 255 255 0 0 0 0 2 0 1 0 0 0 0 0 data 79 0x10002 0x967 0x80005 0x0 0x19e4a2d0 0x965 0x19e4a380 0x2 0xe0005 0x0 0x19f35b80 0x174 0x19d42410 0x7f3 0x130007 0x0 0x208 0x967 0x1a0007 0x0 0x1e8 0x967 0x230005 0x0 0x19e4a2d0 0x174 0x19d65550 0x7f3 0x260004 0x0 0x19e4a430 0x964 0x19e4a4e0 0x2 0x2d0007 0x0 0x70 0x966 0x320005 0x0 0x19e4a430 0x174 0x19d67b90 0x7f2 0x350007 0x966 0xe8 0x0 0x3a0005 0x0 0x0 0x0 0x0 0x0 0x400007 0x0 0x38 0x0 0x480003 0x0 0x48 0x4e0005 0x0 0x0 0x0 0x0 0x0 0x5b0005 0x0 0x0 0x0 0x0 0x0 0x660005 0x0 0x19e4a430 0x964 0x19e4a4e0 0x2 oops 12 4 sun/awt/image/BufImgSurfaceManager 6 sun/java2d/d3d/D3DVolatileSurfaceManager 10 java/awt/image/BufferedImage 12 java/awt/Image 24 sun/awt/image/BufImgSurfaceManager 26 sun/awt/image/SurfaceManager 30 sun/java2d/d3d/D3DSurfaceDataProxy 32 sun/java2d/SurfaceDataProxy$1 40 sun/java2d/d3d/D3DSurfaceDataProxy 42 sun/java2d/SurfaceDataProxy 75 sun/java2d/d3d/D3DSurfaceDataProxy 77 sun/java2d/SurfaceDataProxy$1
ciMethodData sun/java2d/pipe/DrawImage renderImageScale (Lsun/java2d/SunGraphics2D;Ljava/awt/Image;Ljava/awt/Color;IIIIIDDDD)Z 2 2818 orig 144 152 11 58 117 0 0 0 0 56 162 87 23 0 0 0 0 136 3 0 0 32 0 0 0 0 0 0 0 0 0 0 0 0 0 0 0 0 0 0 0 0 0 0 0 0 0 0 0 0 0 0 0 0 0 0 0 0 0 0 0 0 0 0 0 0 0 0 0 0 0 0 0 0 0 0 0 0 0 0 0 0 0 0 0 0 0 0 0 0 0 0 0 0 0 0 0 0 2 0 0 17 72 0 0 1 0 0 0 0 0 0 0 0 0 0 0 1 0 59 0 3 0 1 0 88 2 0 0 255 255 255 255 0 0 0 0 7 0 3 0 0 0 0 0 data 75 0x30007 0x902 0x20 0x0 0x90005 0x40a 0x19d42340 0x4f8 0x0 0x0 0x200005 0x0 0x19dcbf30 0x40a 0x19dc75c0 0x4f8 0x270007 0x0 0x50 0x902 0x2d0002 0x902 0x300007 0x902 0x20 0x0 0x370005 0x40a 0x19dcbf30 0x4f8 0x0 0x0 0x3e0005 0x40a 0x19dcbf30 0x4f8 0x0 0x0 0x5f0005 0x0 0x19f35c30 0x40a 0x19d421d0 0x4f8 0x670002 0x0 0x6a0007 0x0 0x20 0x0 0x780005 0x0 0x0 0x0 0x0 0x0 0x850002 0x0 0x880007 0x0 0x70 0x0 0x8d0002 0x0 0x900007 0x0 0x40 0x0 0x960007 0x0 0x20 0x0 0x9b0003 0x0 0xfffffffffffffe10 oops 7 6 sun/java2d/SunGraphics2D 12 sun/java2d/d3d/D3DSurfaceData 14 sun/java2d/SurfaceData 28 sun/java2d/d3d/D3DSurfaceData 34 sun/java2d/d3d/D3DSurfaceData 40 sun/java2d/d3d/D3DDrawImage 42 sun/java2d/pipe/DrawImage
ciMethodData sun/awt/image/BufImgSurfaceManager <init> (Ljava/awt/image/BufferedImage;)V 1 6 orig 144 152 11 58 117 0 0 0 0 248 49 148 23 0 0 0 0 208 0 0 0 0 0 0 0 0 0 0 0 0 0 0 0 0 0 0 0 0 0 0 0 0 0 0 0 0 0 0 0 0 0 0 0 0 0 0 0 0 0 0 0 0 0 0 0 0 0 0 0 0 0 0 0 0 0 0 0 0 0 0 0 0 0 0 0 0 0 0 0 0 0 0 0 0 0 0 0 6 0 0 0 1 0 0 0 1 0 0 0 0 0 0 0 0 0 0 0 0 0 0 0 0 0 1 0 32 0 0 0 255 255 255 255 0 0 0 0 2 0 1 0 0 0 0 0 data 4 0x10002 0x0 0xb0002 0x0 oops 0
ciMethodData sun/awt/image/SurfaceManager <init> ()V 1 7 orig 144 152 11 58 117 0 0 0 0 240 22 88 23 0 0 0 0 184 0 0 0 0 0 0 0 0 0 0 0 0 0 0 0 0 0 0 0 0 0 0 0 0 0 0 0 0 0 0 0 0 0 0 0 0 0 0 0 0 0 0 0 0 0 0 0 0 0 0 0 0 0 0 0 0 0 0 0 0 0 0 0 0 0 0 0 0 0 0 0 0 0 0 0 0 0 0 0 7 0 0 0 1 0 0 0 1 0 0 0 0 0 0 0 0 0 0 0 0 0 0 0 0 0 1 0 16 0 0 0 255 255 255 255 0 0 0 0 2 0 1 0 0 0 0 0 data 2 0x10002 0x0 oops 0
instanceKlass java/text/AttributedString$AttributedStringIterator
instanceKlass java/text/AttributedCharacterIterator
instanceKlass java/text/CharacterIterator
instanceKlass java/text/AttributedString
instanceKlass sun/awt/im/CompositionAreaHandler
instanceKlass java/awt/KeyboardFocusManager$3
instanceKlass sun/font/T2KFontScaler$1
instanceKlass sun/font/FontScaler
instanceKlass sun/font/CMap
instanceKlass sun/font/TrueTypeFont$DirectoryEntry
instanceKlass java/nio/DirectByteBuffer$Deallocator
instanceKlass sun/nio/ch/Util$BufferCache
instanceKlass sun/nio/ch/Util
instanceKlass sun/nio/ch/IOStatus
instanceKlass sun/nio/ch/NativeThread
instanceKlass java/nio/channels/spi/AbstractInterruptibleChannel$1
instanceKlass java/io/RandomAccessFile
instanceKlass java/io/DataOutput
instanceKlass sun/font/TrueTypeFont$1
instanceKlass sun/font/TrueTypeFont$TTDisposerRecord
instanceKlass sun/font/StrikeCache$DisposableStrike
instanceKlass sun/font/FontStrikeDisposer
instanceKlass sun/java2d/Disposer$PollDisposable
instanceKlass sun/font/FontStrikeDesc
instanceKlass sun/java2d/loops/FontInfo
instanceKlass java/awt/image/FilteredImageSource
instanceKlass sun/awt/image/PNGImageDecoder$Chromaticities
instanceKlass City/Navigation
instanceKlass java/util/concurrent/locks/LockSupport
instanceKlass java/awt/AWTEvent$2
instanceKlass sun/util/locale/InternalLocaleBuilder$CaseInsensitiveChar
instanceKlass sun/util/locale/InternalLocaleBuilder
instanceKlass sun/util/locale/StringTokenIterator
instanceKlass sun/util/locale/ParseStatus
instanceKlass sun/awt/im/InputMethodAdapter
instanceKlass java/awt/im/spi/InputMethod
instanceKlass java/awt/im/spi/InputMethodContext
instanceKlass java/awt/im/InputMethodRequests
instanceKlass java/awt/im/InputContext
instanceKlass java/awt/KeyboardFocusManager$LightweightFocusRequest
instanceKlass java/awt/DefaultKeyboardFocusManager$TypeAheadMarker
instanceKlass java/awt/KeyboardFocusManager$HeavyweightFocusRequest
instanceKlass java/awt/AWTEventMulticaster
instanceKlass sun/awt/SunGraphicsCallback
instanceKlass java/awt/event/TextListener
instanceKlass java/awt/event/AdjustmentListener
instanceKlass java/awt/event/ItemListener
instanceKlass java/awt/event/ActionListener
instanceKlass java/awt/event/WindowStateListener
instanceKlass java/awt/event/WindowFocusListener
instanceKlass java/awt/event/WindowListener
instanceKlass java/awt/event/ContainerListener
instanceKlass sun/java2d/d3d/D3DScreenUpdateManager$$Lambda$8
instanceKlass City/Kyhndlr
instanceKlass sun/java2d/pipe/BufferedPaints
instanceKlass java/awt/GridLayout
instanceKlass java/awt/image/ImageFilter
instanceKlass sun/java2d/d3d/D3DSurfaceData$1
instanceKlass sun/java2d/d3d/D3DSurfaceData$1Status
instanceKlass java/awt/Cursor$CursorDisposer
instanceKlass sun/awt/GlobalCursorManager$NativeUpdater
instanceKlass sun/awt/GlobalCursorManager
instanceKlass java/awt/SequencedEvent$1
instanceKlass sun/awt/AWTAccessor$SequencedEventAccessor
instanceKlass javax/swing/RepaintManager$3
instanceKlass java/awt/EventQueue$4
instanceKlass java/awt/SplashScreen
instanceKlass sun/awt/NullComponentPeer
instanceKlass java/awt/peer/LightweightPeer
instanceKlass sun/awt/im/ExecutableInputMethodManager$3
instanceKlass sun/awt/im/InputMethodLocator
instanceKlass sun/awt/windows/WInputMethodDescriptor
instanceKlass java/awt/im/spi/InputMethodDescriptor
instanceKlass sun/awt/im/InputMethodManager
instanceKlass java/lang/StrictMath
instanceKlass java/util/TimSort
instanceKlass sun/java2d/loops/GraphicsPrimitiveMgr$PrimitiveSpec
instanceKlass sun/java2d/loops/RenderLoops
