JvmtiExport can_access_local_variables 0
JvmtiExport can_hotswap_or_post_breakpoint 0
JvmtiExport can_post_on_exceptions 0
# 385 ciObject found
ciMethod java/lang/Object <init> ()V 4097 1 200141 0 0
ciMethod java/lang/Object hashCode ()I 2049 1 256 0 -1
ciMethod java/lang/Object equals (Ljava/lang/Object;)Z 4097 1 13744 0 -1
ciMethod java/lang/Object notifyAll ()V 2049 1 256 0 -1
ciMethod java/lang/Object wait ()V 369 1 269 0 -1
ciMethod java/lang/System currentTimeMillis ()J 2049 1 256 0 -1
ciMethod java/lang/System identityHashCode (Ljava/lang/Object;)I 2049 1 256 0 -1
ciMethod java/security/AccessControlContext getDebug ()Lsun/security/util/Debug; 0 0 1 0 -1
ciMethod java/security/AccessControlContext <init> ([Ljava/security/ProtectionDomain;Z)V 105 1 13 0 -1
ciMethod java/security/AccessControlContext optimize ()Ljava/security/AccessControlContext; 2049 1 5378 0 2432
ciMethod java/security/AccessControlContext combine ([Ljava/security/ProtectionDomain;[Ljava/security/ProtectionDomain;)[Ljava/security/ProtectionDomain; 1225 1 2004 0 -1
ciMethod java/security/AccessControlContext calculateFields (Ljava/security/AccessControlContext;Ljava/security/AccessControlContext;[Ljava/security/Permission;)V 993 1 1825 0 -1
ciMethod java/lang/Thread currentThread ()Ljava/lang/Thread; 2049 1 256 0 -1
ciMethod java/lang/Thread interrupt ()V 0 0 1 0 -1
ciMethod java/util/Map isEmpty ()Z 0 0 1 0 -1
ciMethod java/util/Map get (Ljava/lang/Object;)Ljava/lang/Object; 0 0 1 0 -1
ciMethod java/util/Map put (Ljava/lang/Object;Ljava/lang/Object;)Ljava/lang/Object; 0 0 1 0 -1
ciMethod sun/misc/Unsafe ensureClassInitialized (Ljava/lang/Class;)V 393 1 49 0 -1
ciMethod sun/misc/Unsafe compareAndSwapObject (Ljava/lang/Object;JLjava/lang/Object;Ljava/lang/Object;)Z 2049 1 256 0 -1
ciMethod sun/misc/Unsafe compareAndSwapInt (Ljava/lang/Object;JII)Z 2049 1 256 0 -1
ciMethod sun/misc/Unsafe unpark (Ljava/lang/Object;)V 2057 1 257 0 -1
ciMethod java/lang/Boolean booleanValue ()Z 1041 1 130 0 0
ciMethod java/security/AccessController doPrivileged (Ljava/security/PrivilegedAction;)Ljava/lang/Object; 1825 1 228 0 -1
ciMethod java/security/AccessController getStackAccessControlContext ()Ljava/security/AccessControlContext; 2049 1 256 0 -1
ciMethod java/security/AccessController getInheritedAccessControlContext ()Ljava/security/AccessControlContext; 2057 1 257 0 -1
ciMethod java/security/AccessController getContext ()Ljava/security/AccessControlContext; 2049 1 10835 0 0
ciMethod java/util/Set isEmpty ()Z 0 0 1 0 -1
ciMethod java/util/Set add (Ljava/lang/Object;)Z 0 0 1 0 -1
ciMethod java/util/HashMap hash (Ljava/lang/Object;)I 2241 1 15142 0 0
ciMethod java/util/HashMap put (Ljava/lang/Object;Ljava/lang/Object;)Ljava/lang/Object; 3585 1 5588 0 192
ciMethod java/util/HashMap putVal (ILjava/lang/Object;Ljava/lang/Object;ZZ)Ljava/lang/Object; 3585 505 5593 0 2432
ciMethod java/util/HashMap resize ()[Ljava/util/HashMap$Node; 289 7225 261 0 -1
ciMethod java/util/HashMap treeifyBin ([Ljava/util/HashMap$Node;I)V 0 0 1 0 -1
ciMethod java/util/HashMap newNode (ILjava/lang/Object;Ljava/lang/Object;Ljava/util/HashMap$Node;)Ljava/util/HashMap$Node; 2209 1 2988 0 -1
ciMethod java/util/HashMap afterNodeAccess (Ljava/util/HashMap$Node;)V 3241 1 1437 0 -1
ciMethod java/util/HashMap afterNodeInsertion (Z)V 3273 1 1465 0 -1
ciMethodData java/lang/Object <init> ()V 2 200141 orig 144 152 11 117 105 0 0 0 0 136 4 211 22 0 0 0 0 168 0 0 0 0 0 0 0 0 0 0 0 0 0 0 0 0 0 0 0 0 0 0 0 0 0 0 0 0 0 0 0 0 0 0 0 0 0 0 0 0 0 0 0 0 0 0 0 1 0 0 0 0 0 0 0 1 0 0 0 0 0 0 0 1 0 0 0 0 0 0 0 0 0 0 0 0 0 0 0 0 2 0 0 105 94 24 0 1 0 0 0 0 0 0 0 0 0 0 0 0 0 3 0 3 0 0 0 0 0 0 0 255 255 255 255 0 0 0 0 0 0 0 0 0 0 0 0 data 0 oops 0
ciMethod java/lang/Compiler enable ()V 9 1 1 0 -1
ciMethod java/lang/Compiler disable ()V 9 1 1 0 -1
ciMethod sun/security/util/Debug println (Ljava/lang/String;)V 0 0 1 0 -1
ciMethod java/util/concurrent/locks/Lock lock ()V 0 0 1 0 -1
ciMethod java/util/concurrent/locks/Lock unlock ()V 0 0 1 0 -1
ciMethod java/util/concurrent/locks/ReentrantLock lock ()V 3697 1 27708 0 288
ciMethod java/util/concurrent/locks/ReentrantLock unlock ()V 3841 1 27370 0 320
ciMethod java/util/HashMap$TreeNode putTreeVal (Ljava/util/HashMap;[Ljava/util/HashMap$Node;ILjava/lang/Object;Ljava/lang/Object;)Ljava/util/HashMap$TreeNode; 0 0 1 0 -1
ciMethod java/util/HashSet add (Ljava/lang/Object;)Z 3249 1 5553 0 288
ciMethodData java/util/HashMap hash (Ljava/lang/Object;)I 2 15142 orig 144 152 11 117 105 0 0 0 0 176 121 225 22 0 0 0 0 16 1 0 0 32 0 0 0 0 0 0 0 0 0 0 0 0 0 0 0 0 0 0 0 0 0 0 0 0 0 0 0 0 0 0 0 0 0 0 0 0 0 0 0 0 0 0 0 0 0 0 0 0 0 0 0 0 0 0 0 0 0 0 0 0 0 0 0 0 0 0 0 0 0 0 0 0 0 0 0 23 1 0 0 113 208 1 0 1 0 0 0 0 0 0 0 0 0 0 0 0 0 6 0 3 0 1 0 104 0 0 0 255 255 255 255 0 0 0 0 7 0 1 0 0 0 0 0 data 13 0x10007 0x39fb 0x38 0x13 0x50003 0x13 0x48 0x90005 0x2ae3 0x277e8b0 0xf02 0x1e09f930 0x16 oops 2 9 java/lang/String 11 java/io/File
ciMethodData java/util/HashMap put (Ljava/lang/Object;Ljava/lang/Object;)Ljava/lang/Object; 2 5588 orig 144 152 11 117 105 0 0 0 0 160 132 225 22 0 0 0 0 248 0 0 0 0 0 0 0 0 0 0 0 0 0 0 0 0 0 0 0 0 0 0 0 0 0 0 0 0 0 0 0 0 0 0 0 0 0 0 0 0 0 0 0 0 0 0 0 0 0 0 0 0 0 0 0 0 0 0 0 0 0 0 0 0 0 0 0 0 0 0 0 0 0 0 0 0 0 0 0 192 1 0 0 161 160 0 0 1 0 0 0 0 0 0 0 0 0 0 0 0 0 7 0 4 0 1 0 64 0 0 0 255 255 255 255 0 0 0 0 2 0 2 0 0 0 0 0 data 8 0x20002 0x1414 0x90005 0xac 0x1e1cfa60 0x1363 0x1e09e680 0x5 oops 2 4 java/util/HashMap 6 java/io/ExpiringCache$1
ciMethod java/awt/Frame getExtendedState ()I 1865 1 3300 0 0
ciMethod java/awt/Component getObjectLock ()Ljava/lang/Object; 1025 1 128 0 0
ciMethod java/awt/Component getParent ()Ljava/awt/Container; 2065 1 11485 0 -1
ciMethod java/awt/Component getPeer ()Ljava/awt/peer/ComponentPeer; 1049 1 131 0 0
ciMethod java/awt/Component isVisible ()Z 2081 1 19851 0 0
ciMethod java/awt/Component isVisible_NoClientCode ()Z 1025 1 128 0 0
ciMethod java/awt/Component getWidth ()I 1105 1 138 0 0
ciMethod java/awt/Component getHeight ()I 1129 1 141 0 0
ciMethod java/awt/Component isCoalescingEnabled ()Z 649 1 81 0 0
ciMethod java/awt/Component coalesceEvents (Ljava/awt/AWTEvent;Ljava/awt/AWTEvent;)Ljava/awt/AWTEvent; 0 0 1 0 -1
ciMethod javax/swing/JComponent getWidth ()I 2129 1 17047 0 32
ciMethod javax/swing/JComponent getHeight ()I 2129 1 17782 0 32
ciMethod java/awt/Toolkit loadAssistiveTechnologies ()V 9 1 1 0 -1
ciMethod java/awt/Toolkit getDefaultToolkit ()Ljava/awt/Toolkit; 2049 1 5377 0 608
ciMethod java/awt/Toolkit getSystemEventQueue ()Ljava/awt/EventQueue; 0 0 1 0 -1
ciMethod sun/awt/AWTAccessor getComponentAccessor ()Lsun/awt/AWTAccessor$ComponentAccessor; 2049 1 7752 0 0
ciMethod sun/awt/AWTAccessor getMenuComponentAccessor ()Lsun/awt/AWTAccessor$MenuComponentAccessor; 0 0 1 0 -1
ciMethod java/awt/GraphicsEnvironment isHeadless ()Z 2057 1 4485 0 0
ciMethod java/awt/GraphicsEnvironment getHeadlessProperty ()Z 2057 1 4485 0 0
ciMethod java/awt/GraphicsEnvironment$1 <init> ()V 9 1 1 0 -1
ciMethod java/awt/AWTEvent <init> (Ljava/lang/Object;I)V 2049 1 3675 0 0
ciMethod java/awt/AWTEvent getID ()I 1113 1 139 0 0
ciMethod java/util/EventObject <init> (Ljava/lang/Object;)V 2049 1 3804 0 0
ciMethod java/util/EventObject getSource ()Ljava/lang/Object; 1025 1 128 0 0
ciMethod sun/awt/AWTAccessor$ComponentAccessor getAppContext (Ljava/awt/Component;)Lsun/awt/AppContext; 0 0 1 0 -1
ciMethod java/awt/Component$1 getAppContext (Ljava/awt/Component;)Lsun/awt/AppContext; 1697 1 3825 0 0
ciMethod sun/awt/AppContext get (Ljava/lang/Object;)Ljava/lang/Object; 2049 1 5387 0 2720
ciMethod java/util/IdentityHashMap maskNull (Ljava/lang/Object;)Ljava/lang/Object; 2049 1 10757 0 0
ciMethod java/util/IdentityHashMap isEmpty ()Z 3073 1 5507 0 64
ciMethod java/util/IdentityHashMap hash (Ljava/lang/Object;I)I 2049 1 10757 0 0
ciMethod java/util/IdentityHashMap nextKeyIndex (II)I 0 0 1 0 -1
ciMethod java/util/IdentityHashMap get (Ljava/lang/Object;)Ljava/lang/Object; 2057 1 5378 0 320
ciMethod java/util/IdentityHashMap put (Ljava/lang/Object;Ljava/lang/Object;)Ljava/lang/Object; 2049 1 5377 0 544
ciMethod java/util/IdentityHashMap resize (I)V 0 0 1 0 0
ciMethod java/util/Collections$SynchronizedMap get (Ljava/lang/Object;)Ljava/lang/Object; 393 1 180 0 0
ciMethod sun/awt/SunToolkit getAppContext (Ljava/lang/Object;)Lsun/awt/AppContext; 2057 1 4001 0 0
ciMethod sun/awt/SunToolkit targetToAppContext (Ljava/lang/Object;)Lsun/awt/AppContext; 2057 1 3999 0 0
ciMethod sun/awt/SunToolkit flushPendingEvents (Lsun/awt/AppContext;)V 2081 1 10723 0 0
ciMethod sun/awt/SunToolkit getSystemEventQueueImplPP (Lsun/awt/AppContext;)Ljava/awt/EventQueue; 2049 1 3499 0 0
ciMethod java/util/concurrent/locks/ReentrantLock$NonfairSync lock ()V 3761 1 8961 0 128
ciMethod java/util/concurrent/locks/ReentrantLock$NonfairSync tryAcquire (I)Z 113 1 4884 0 0
ciMethod java/util/concurrent/locks/ReentrantLock$Sync lock ()V 0 0 1 0 -1
ciMethod java/util/concurrent/locks/ReentrantLock$Sync nonfairTryAcquire (I)Z 113 1 4883 0 0
ciMethod java/util/concurrent/locks/ReentrantLock$Sync tryRelease (I)Z 3865 1 6630 0 128
ciMethod java/util/concurrent/locks/ReentrantLock$Sync isHeldExclusively ()Z 2049 1 3938 0 0
ciMethod java/util/concurrent/locks/AbstractQueuedSynchronizer getState ()I 1057 1 132 0 0
ciMethod java/util/concurrent/locks/AbstractQueuedSynchronizer setState (I)V 4097 1 7120 0 0
ciMethod java/util/concurrent/locks/AbstractQueuedSynchronizer compareAndSetState (II)Z 3081 1 12651 0 0
ciMethod java/util/concurrent/locks/AbstractQueuedSynchronizer enq (Ljava/util/concurrent/locks/AbstractQueuedSynchronizer$Node;)Ljava/util/concurrent/locks/AbstractQueuedSynchronizer$Node; 2049 17 3435 0 0
ciMethod java/util/concurrent/locks/AbstractQueuedSynchronizer addWaiter (Ljava/util/concurrent/locks/AbstractQueuedSynchronizer$Node;)Ljava/util/concurrent/locks/AbstractQueuedSynchronizer$Node; 17 1 252 0 0
ciMethod java/util/concurrent/locks/AbstractQueuedSynchronizer setHead (Ljava/util/concurrent/locks/AbstractQueuedSynchronizer$Node;)V 2049 1 3686 0 -1
ciMethod java/util/concurrent/locks/AbstractQueuedSynchronizer unparkSuccessor (Ljava/util/concurrent/locks/AbstractQueuedSynchronizer$Node;)V 17 1 531 0 0
ciMethod java/util/concurrent/locks/AbstractQueuedSynchronizer cancelAcquire (Ljava/util/concurrent/locks/AbstractQueuedSynchronizer$Node;)V 0 0 1 0 -1
ciMethod java/util/concurrent/locks/AbstractQueuedSynchronizer shouldParkAfterFailedAcquire (Ljava/util/concurrent/locks/AbstractQueuedSynchronizer$Node;Ljava/util/concurrent/locks/AbstractQueuedSynchronizer$Node;)Z 1617 1 496 0 -1
ciMethod java/util/concurrent/locks/AbstractQueuedSynchronizer selfInterrupt ()V 0 0 1 0 0
ciMethod java/util/concurrent/locks/AbstractQueuedSynchronizer parkAndCheckInterrupt ()Z 801 1 247 0 -1
ciMethod java/util/concurrent/locks/AbstractQueuedSynchronizer acquireQueued (Ljava/util/concurrent/locks/AbstractQueuedSynchronizer$Node;I)Z 17 33 3686 0 0
ciMethod java/util/concurrent/locks/AbstractQueuedSynchronizer tryAcquire (I)Z 0 0 1 0 -1
ciMethod java/util/concurrent/locks/AbstractQueuedSynchronizer tryRelease (I)Z 0 0 1 0 -1
ciMethod java/util/concurrent/locks/AbstractQueuedSynchronizer isHeldExclusively ()Z 0 0 1 0 -1
ciMethod java/util/concurrent/locks/AbstractQueuedSynchronizer acquire (I)V 73 1 702 0 0
ciMethod java/util/concurrent/locks/AbstractQueuedSynchronizer release (I)Z 3121 1 10521 0 192
ciMethod java/util/concurrent/locks/AbstractQueuedSynchronizer transferForSignal (Ljava/util/concurrent/locks/AbstractQueuedSynchronizer$Node;)Z 1649 1 3434 0 0
ciMethod java/util/concurrent/locks/AbstractQueuedSynchronizer compareAndSetHead (Ljava/util/concurrent/locks/AbstractQueuedSynchronizer$Node;)Z 17 1 2 0 -1
ciMethod java/util/concurrent/locks/AbstractQueuedSynchronizer compareAndSetTail (Ljava/util/concurrent/locks/AbstractQueuedSynchronizer$Node;Ljava/util/concurrent/locks/AbstractQueuedSynchronizer$Node;)Z 2057 1 3686 0 0
ciMethod java/util/concurrent/locks/AbstractQueuedSynchronizer compareAndSetWaitStatus (Ljava/util/concurrent/locks/AbstractQueuedSynchronizer$Node;II)Z 2057 1 7568 0 0
ciMethod java/util/concurrent/locks/AbstractOwnableSynchronizer setExclusiveOwnerThread (Ljava/lang/Thread;)V 2121 1 19203 0 0
ciMethod java/util/concurrent/locks/AbstractOwnableSynchronizer getExclusiveOwnerThread ()Ljava/lang/Thread; 1041 1 130 0 0
ciMethod java/util/concurrent/locks/AbstractQueuedSynchronizer$Node predecessor ()Ljava/util/concurrent/locks/AbstractQueuedSynchronizer$Node; 2049 1 4182 0 -1
ciMethod java/util/concurrent/locks/AbstractQueuedSynchronizer$Node <init> ()V 25 1 3 0 -1
ciMethod java/util/concurrent/locks/AbstractQueuedSynchronizer$Node <init> (Ljava/lang/Thread;Ljava/util/concurrent/locks/AbstractQueuedSynchronizer$Node;)V 2017 1 252 0 -1
ciMethod java/util/concurrent/locks/Condition signalAll ()V 0 0 1 0 -1
ciMethod java/util/concurrent/locks/AbstractQueuedSynchronizer$ConditionObject doSignalAll (Ljava/util/concurrent/locks/AbstractQueuedSynchronizer$Node;)V 625 1 3434 0 0
ciMethod java/util/concurrent/locks/AbstractQueuedSynchronizer$ConditionObject signalAll ()V 2049 1 3938 0 0
ciMethod java/awt/EventQueue postEvent (Ljava/awt/AWTEvent;)V 881 1 3648 0 0
ciMethod java/awt/EventQueue postEventPrivate (Ljava/awt/AWTEvent;)V 881 1 3648 0 0
ciMethod java/awt/EventQueue getPriority (Ljava/awt/AWTEvent;)I 1905 1 3648 0 0
ciMethod java/awt/EventQueue postEvent (Ljava/awt/AWTEvent;I)V 1905 1 3648 0 0
ciMethod java/awt/EventQueue coalescePaintEvent (Ljava/awt/event/PaintEvent;)Z 57 1 7 0 -1
ciMethod java/awt/EventQueue coalesceMouseEvent (Ljava/awt/event/MouseEvent;)Z 529 1 155 0 -1
ciMethod java/awt/EventQueue coalescePeerEvent (Lsun/awt/PeerEvent;)Z 0 0 1 0 -1
ciMethod java/awt/EventQueue coalesceOtherEvent (Ljava/awt/AWTEvent;I)Z 0 0 1 0 0
ciMethod java/awt/EventQueue coalesceEvent (Ljava/awt/AWTEvent;I)Z 2049 1 3648 0 0
ciMethod java/awt/EventQueue cacheEQItem (Lsun/awt/EventQueueItem;)V 2049 1 3640 0 0
ciMethod java/awt/EventQueue eventToCacheIndex (Ljava/awt/AWTEvent;)I 2049 1 5376 0 192
ciMethod java/awt/EventQueue noEvents ()Z 2049 8105 3593 0 0
ciMethod java/awt/EventQueue initDispatchThread ()V 9 1 1 0 -1
ciMethod sun/awt/MostRecentKeyValue <init> (Ljava/lang/Object;Ljava/lang/Object;)V 17 1 2 0 -1
ciMethod sun/awt/MostRecentKeyValue setPair (Ljava/lang/Object;Ljava/lang/Object;)V 569 1 3438 0 -1
ciMethod sun/awt/PostEventQueue flush ()V 2065 633 5395 0 17088
ciMethod java/awt/Toolkit$2 <init> ()V 9 1 1 0 -1
ciMethod sun/awt/AWTAutoShutdown getInstance ()Lsun/awt/AWTAutoShutdown; 3081 1 19271 0 0
ciMethod sun/awt/AWTAutoShutdown notifyThreadBusy (Ljava/lang/Thread;)V 2049 1 3591 0 0
ciMethod sun/awt/AWTAutoShutdown isReadyToShutdown ()Z 2065 1 5380 0 160
ciMethod sun/awt/AWTAutoShutdown activateBlockerThread ()V 9 1 1 0 -1
ciMethod java/awt/Rectangle <init> (IIII)V 4097 1 21949 0 64
ciMethod java/awt/geom/Rectangle2D <init> ()V 4097 1 21949 0 0
ciMethod java/awt/geom/RectangularShape <init> ()V 4097 1 21949 0 0
ciMethod javax/swing/SwingUtilities computeUnion (IIIILjava/awt/Rectangle;)Ljava/awt/Rectangle; 65 1 13 0 0
ciMethodData java/util/HashSet add (Ljava/lang/Object;)Z 2 5553 orig 144 152 11 117 105 0 0 0 0 216 172 238 22 0 0 0 0 24 1 0 0 0 0 0 0 0 0 0 0 0 0 0 0 0 0 0 0 0 0 0 0 0 0 0 0 0 0 0 0 0 0 0 0 0 0 0 0 0 0 0 0 0 0 0 0 0 0 0 0 0 0 0 0 0 0 0 0 0 0 0 0 0 0 0 0 0 0 0 0 0 0 0 0 0 0 0 0 150 1 0 0 217 160 0 0 1 0 0 0 0 0 0 0 0 0 0 0 0 0 6 0 4 0 1 0 104 0 0 0 255 255 255 255 0 0 0 0 5 0 8 0 0 0 0 0 data 13 0x80005 0x0 0x1e1cfa60 0x141b 0x0 0x0 0xb0007 0x101d 0x38 0x3fe 0xf0003 0x3fe 0x18 oops 1 2 java/util/HashMap
ciMethod javax/swing/RepaintManager addDirtyRegion0 (Ljava/awt/Container;IIII)V 2049 7329 3328 0 -1
ciMethod javax/swing/RepaintManager extendDirtyRegion (Ljava/awt/Component;IIII)Z 2057 1 5378 0 1504
ciMethod javax/swing/RepaintManager scheduleProcessingRunnable (Lsun/awt/AppContext;)V 1937 1 3309 0 0
ciMethod javax/swing/RepaintManager$ProcessingRunnable markPending ()Z 2049 1 3309 0 0
ciMethod sun/awt/EventQueueItem <init> (Ljava/awt/AWTEvent;)V 2057 1 3988 0 0
ciMethod java/awt/event/InvocationEvent <init> (Ljava/lang/Object;Ljava/lang/Runnable;)V 2049 1 3472 0 0
ciMethod java/awt/event/InvocationEvent <init> (Ljava/lang/Object;ILjava/lang/Runnable;Ljava/lang/Object;Ljava/lang/Runnable;Z)V 2049 1 3472 0 0
ciMethod sun/awt/PeerEvent getFlags ()J 0 0 1 0 -1
ciMethod java/util/concurrent/locks/LockSupport unpark (Ljava/lang/Thread;)V 2049 1 531 0 0
ciMethodData java/awt/Rectangle <init> (IIII)V 2 21949 orig 144 152 11 117 105 0 0 0 0 128 23 35 23 0 0 0 0 216 0 0 0 0 0 0 0 0 0 0 0 0 0 0 0 0 0 0 0 0 0 0 0 0 0 0 0 0 0 0 0 0 0 0 0 0 0 0 0 0 0 0 0 0 0 0 0 0 0 0 0 0 0 0 0 0 0 0 0 0 0 0 0 0 0 0 0 0 0 0 0 0 0 0 0 0 0 0 0 0 2 0 0 233 157 2 0 1 0 0 0 0 0 0 0 0 0 0 0 0 0 3 0 4 0 1 0 16 0 0 0 255 255 255 255 0 0 0 0 2 0 1 0 0 0 0 0 data 2 0x10002 0x53bd oops 0
ciMethodData java/awt/geom/Rectangle2D <init> ()V 2 21949 orig 144 152 11 117 105 0 0 0 0 216 66 35 23 0 0 0 0 184 0 0 0 0 0 0 0 0 0 0 0 0 0 0 0 0 0 0 0 0 0 0 0 0 0 0 0 0 0 0 0 0 0 0 0 0 0 0 0 0 0 0 0 0 0 0 0 0 0 0 0 0 0 0 0 0 0 0 0 0 0 0 0 0 0 0 0 0 0 0 0 0 0 0 0 0 0 0 0 0 2 0 0 233 157 2 0 1 0 0 0 0 0 0 0 0 0 0 0 0 0 3 0 3 0 1 0 16 0 0 0 255 255 255 255 0 0 0 0 2 0 1 0 0 0 0 0 data 2 0x10002 0x53bd oops 0
ciMethodData java/awt/geom/RectangularShape <init> ()V 2 21949 orig 144 152 11 117 105 0 0 0 0 168 89 35 23 0 0 0 0 184 0 0 0 0 0 0 0 0 0 0 0 0 0 0 0 0 0 0 0 0 0 0 0 0 0 0 0 0 0 0 0 0 0 0 0 0 0 0 0 0 0 0 0 0 0 0 0 0 0 0 0 0 0 0 0 0 0 0 0 0 0 0 0 0 0 0 0 0 0 0 0 0 0 0 0 0 0 0 0 0 2 0 0 233 157 2 0 1 0 0 0 0 0 0 0 0 0 0 0 0 0 3 0 3 0 1 0 16 0 0 0 255 255 255 255 0 0 0 0 2 0 1 0 0 0 0 0 data 2 0x10002 0x53be oops 0
ciMethodData javax/swing/RepaintManager scheduleProcessingRunnable (Lsun/awt/AppContext;)V 2 3309 orig 144 152 11 117 105 0 0 0 0 120 79 45 23 0 0 0 0 104 2 0 0 40 1 0 0 0 0 0 0 0 0 0 0 0 0 0 0 0 0 0 0 0 0 0 0 0 0 0 0 0 0 0 0 0 0 0 0 0 0 0 0 0 0 0 0 0 0 0 0 0 0 0 0 0 0 0 0 0 0 0 0 0 0 0 0 0 0 0 0 0 0 0 0 0 0 0 0 242 0 0 0 217 95 0 0 1 0 0 0 0 0 0 0 0 0 0 0 0 0 25 0 3 0 1 0 184 1 0 0 255 255 255 255 0 0 0 0 5 0 4 0 0 0 0 0 data 55 0x40005 0x81 0x1f9d8d30 0xb7a 0x0 0x0 0x70007 0x0 0x188 0xbfb 0xa0002 0xbfb 0xf0004 0x0 0x1f9da650 0xbfb 0x0 0x0 0x120007 0x0 0x98 0xbfb 0x160002 0xbfb 0x1d0002 0xbfb 0x240002 0xbfb 0x270005 0x0 0x1f9d9a40 0xbfb 0x0 0x0 0x2a0003 0xbfb 0xa8 0x2d0002 0x0 0x300005 0x0 0x0 0x0 0x0 0x0 0x370002 0x0 0x3e0002 0x0 0x410005 0x0 0x0 0x0 0x0 0x0 oops 3 2 javax/swing/RepaintManager$ProcessingRunnable 14 sun/awt/windows/WToolkit 30 java/awt/EventQueue
ciMethodData java/util/concurrent/locks/AbstractOwnableSynchronizer setExclusiveOwnerThread (Ljava/lang/Thread;)V 2 19203 orig 144 152 11 117 105 0 0 0 0 72 71 13 23 0 0 0 0 176 0 0 0 0 0 0 0 0 0 0 0 0 0 0 0 0 0 0 0 0 0 0 0 0 0 0 0 0 0 0 0 0 0 0 0 0 0 0 0 0 0 0 0 0 0 0 0 1 0 0 0 0 0 0 0 0 0 0 0 0 0 0 0 1 0 0 0 0 0 0 0 0 0 0 0 0 0 0 0 9 1 0 0 209 79 2 0 1 0 0 0 0 0 0 0 0 0 0 0 0 0 3 0 3 0 0 0 0 0 0 0 255 255 255 255 0 0 0 0 0 0 0 0 0 0 0 0 data 0 oops 0
ciMethodData java/util/concurrent/locks/AbstractQueuedSynchronizer compareAndSetState (II)Z 2 12651 orig 144 152 11 117 105 0 0 0 0 16 25 13 23 0 0 0 0 232 0 0 0 0 0 0 0 0 0 0 0 0 0 0 0 0 0 0 0 0 0 0 0 0 0 0 0 0 0 0 0 0 0 0 0 0 0 0 0 0 0 0 0 0 0 0 0 17 0 0 0 0 0 0 0 0 0 0 0 0 0 0 0 0 0 0 0 0 0 0 0 0 0 0 0 0 0 0 0 129 1 0 0 81 127 1 0 1 0 0 0 0 0 0 0 0 0 0 0 0 0 3 0 3 0 0 0 48 0 0 0 255 255 255 255 0 0 0 0 5 0 9 0 0 0 0 0 data 6 0x90005 0x5 0x0 0x0 0x0 0x0 oops 0
ciMethodData java/util/concurrent/locks/AbstractQueuedSynchronizer release (I)Z 2 10521 orig 144 152 11 117 105 0 0 0 0 128 46 13 23 0 0 0 0 80 1 0 0 0 0 0 0 0 0 0 0 0 0 0 0 0 0 0 0 0 0 0 0 0 0 0 0 0 0 0 0 0 0 0 0 0 0 0 0 0 0 0 0 0 0 0 0 0 0 0 0 0 0 0 0 0 0 0 0 0 0 0 0 0 0 0 0 0 0 0 0 0 0 0 0 0 0 0 0 134 1 0 0 153 60 1 0 1 0 0 0 0 0 0 0 0 0 0 0 0 0 10 0 4 0 1 0 160 0 0 0 255 255 255 255 0 0 0 0 5 0 2 0 0 0 0 0 data 20 0x20005 0x0 0x1a900540 0x2037 0x1a8ff160 0x75c 0x50007 0x17 0x70 0x277c 0xe0007 0x6 0x50 0x2776 0x150007 0x264b 0x30 0x12b 0x1a0002 0x12b oops 2 2 java/util/concurrent/locks/ReentrantLock$NonfairSync 4 java/util/concurrent/locks/ReentrantLock$Sync
ciMethodData java/util/concurrent/locks/AbstractQueuedSynchronizer unparkSuccessor (Ljava/util/concurrent/locks/AbstractQueuedSynchronizer$Node;)V 1 531 orig 144 152 11 117 105 0 0 0 0 64 28 13 23 0 0 0 0 200 1 0 0 80 0 0 0 0 0 0 0 0 0 0 0 0 0 0 0 0 0 0 0 0 0 0 0 0 0 0 0 0 0 0 0 0 0 0 0 0 0 0 0 0 0 0 0 0 0 0 0 0 0 0 0 0 0 0 0 0 0 0 0 0 0 0 0 0 0 0 0 0 0 0 0 0 0 0 0 2 0 0 0 137 16 0 0 9 0 0 0 0 0 0 0 0 0 0 0 1 0 26 0 3 0 1 0 24 1 0 0 255 255 255 255 0 0 0 0 7 0 6 0 0 0 0 0 data 35 0x60007 0x0 0x30 0x211 0xc0002 0x211 0x160007 0x1 0x40 0x210 0x1d0007 0x210 0x98 0x0 0x2a0007 0x1 0x78 0x1 0x300007 0x0 0x58 0x1 0x380007 0x0 0x20 0x1 0x450003 0x1 0xffffffffffffffa0 0x490007 0x0 0x30 0x211 0x500002 0x211 oops 0
ciMethodData java/util/concurrent/locks/ReentrantLock lock ()V 2 27708 orig 144 152 11 117 105 0 0 0 0 56 67 236 22 0 0 0 0 216 0 0 0 0 0 0 0 0 0 0 0 0 0 0 0 0 0 0 0 0 0 0 0 0 0 0 0 0 0 0 0 0 0 0 0 0 0 0 0 0 0 0 0 0 0 0 0 0 0 0 0 0 0 0 0 0 0 0 0 0 0 0 0 0 0 0 0 0 0 0 0 0 0 0 0 0 0 0 0 206 1 0 0 113 83 3 0 1 0 0 0 0 0 0 0 0 0 0 0 0 0 3 0 4 0 1 0 48 0 0 0 255 255 255 255 0 0 0 0 5 0 4 0 0 0 0 0 data 6 0x40005 0x0 0x1a900540 0x6a6e 0x0 0x0 oops 1 2 java/util/concurrent/locks/ReentrantLock$NonfairSync
ciMethodData java/util/concurrent/locks/ReentrantLock$NonfairSync lock ()V 2 8961 orig 144 152 11 117 105 0 0 0 0 104 251 12 23 0 0 0 0 128 1 0 0 144 0 0 0 0 0 0 0 0 0 0 0 0 0 0 0 0 0 0 0 0 0 0 0 0 0 0 0 0 0 0 0 0 0 0 0 0 0 0 0 0 0 0 0 0 0 0 0 0 0 0 0 0 0 0 0 0 0 0 0 0 0 0 0 0 0 0 0 0 0 0 0 0 0 0 0 214 1 0 0 89 9 1 0 1 0 0 0 0 0 0 0 0 0 0 0 0 0 11 0 4 0 1 0 216 0 0 0 255 255 255 255 0 0 0 0 5 0 3 0 0 0 0 0 data 27 0x30005 0xa 0x1a900540 0x2121 0x0 0x0 0x60007 0x2a 0x78 0x2101 0xa0002 0x2101 0xd0005 0xa 0x1a900540 0x20f7 0x0 0x0 0x100003 0x2101 0x48 0x150005 0x0 0x1a900540 0x2a 0x0 0x0 oops 3 2 java/util/concurrent/locks/ReentrantLock$NonfairSync 14 java/util/concurrent/locks/ReentrantLock$NonfairSync 23 java/util/concurrent/locks/ReentrantLock$NonfairSync
ciMethodData java/util/concurrent/locks/AbstractQueuedSynchronizer acquire (I)V 1 702 orig 144 152 11 117 105 0 0 0 0 80 44 13 23 0 0 0 0 112 1 0 0 0 0 0 0 0 0 0 0 0 0 0 0 0 0 0 0 0 0 0 0 0 0 0 0 0 0 0 0 0 0 0 0 0 0 0 0 0 0 0 0 0 0 0 0 0 0 0 0 0 0 0 0 0 0 0 0 0 0 0 0 0 0 0 0 0 0 0 0 0 0 0 0 0 0 0 0 9 0 0 0 169 21 0 0 1 0 0 0 0 0 0 0 0 0 0 0 0 0 8 0 3 0 1 0 192 0 0 0 255 255 255 255 0 0 0 0 5 0 2 0 0 0 0 0 data 24 0x20005 0x0 0x1a900540 0x2b5 0x0 0x0 0x50007 0x1e5 0x90 0xd1 0xd0002 0xd1 0x110005 0x46 0x1a900540 0x8b 0x0 0x0 0x140007 0xd1 0x30 0x0 0x170002 0x0 oops 2 2 java/util/concurrent/locks/ReentrantLock$NonfairSync 14 java/util/concurrent/locks/ReentrantLock$NonfairSync
ciMethodData java/util/concurrent/locks/ReentrantLock$NonfairSync tryAcquire (I)Z 2 4884 orig 144 152 11 117 105 0 0 0 0 0 252 12 23 0 0 0 0 224 0 0 0 0 0 0 0 0 0 0 0 0 0 0 0 0 0 0 0 0 0 0 0 0 0 0 0 0 0 0 0 0 0 0 0 0 0 0 0 0 0 0 0 0 0 0 0 0 0 0 0 0 0 0 0 0 0 0 0 0 0 0 0 0 0 0 0 0 0 0 0 0 0 0 0 0 0 0 0 14 0 0 0 49 152 0 0 1 0 0 0 0 0 0 0 0 0 0 0 0 0 3 0 3 0 1 0 48 0 0 0 255 255 255 255 0 0 0 0 5 0 2 0 0 0 0 0 data 6 0x20005 0xd9 0x1a900540 0x122c 0x0 0x0 oops 1 2 java/util/concurrent/locks/ReentrantLock$NonfairSync
ciMethodData java/util/concurrent/locks/ReentrantLock$Sync nonfairTryAcquire (I)Z 2 4883 orig 144 152 11 117 105 0 0 0 0 8 2 13 23 0 0 0 0 64 2 0 0 80 1 0 0 0 0 0 0 0 0 0 0 0 0 0 0 0 0 0 0 0 0 0 0 0 0 0 0 0 0 0 0 0 0 0 0 0 0 0 0 0 0 0 0 0 0 0 0 0 0 0 0 0 0 0 0 0 0 0 0 0 0 0 0 0 0 0 0 0 0 0 0 0 0 0 0 14 0 0 0 41 152 0 0 1 0 0 0 0 0 0 0 0 0 0 0 0 0 12 0 3 0 1 0 144 1 0 0 255 255 255 255 0 0 0 0 2 0 0 0 0 0 0 0 data 50 0x2 0x1305 0x50005 0x105 0x1a900540 0x1200 0x0 0x0 0xa0007 0x49e 0xa0 0xe67 0x100005 0x62 0x1a900540 0xe05 0x0 0x0 0x130007 0x0 0x100 0xe67 0x180005 0x62 0x1a900540 0xe05 0x0 0x0 0x1f0005 0xa3 0x1a900540 0x3fc 0x0 0x0 0x220007 0x2bd 0x80 0x1e2 0x2c0007 0x1e2 0x30 0x0 0x350002 0x0 0x3c0005 0x41 0x1a900540 0x1a1 0x0 0x0 oops 5 4 java/util/concurrent/locks/ReentrantLock$NonfairSync 14 java/util/concurrent/locks/ReentrantLock$NonfairSync 24 java/util/concurrent/locks/ReentrantLock$NonfairSync 30 java/util/concurrent/locks/ReentrantLock$NonfairSync 46 java/util/concurrent/locks/ReentrantLock$NonfairSync
ciMethodData java/util/concurrent/locks/ReentrantLock unlock ()V 2 27370 orig 144 152 11 117 105 0 0 0 0 168 69 236 22 0 0 0 0 216 0 0 0 0 0 0 0 0 0 0 0 0 0 0 0 0 0 0 0 0 0 0 0 0 0 0 0 0 0 0 0 0 0 0 0 0 0 0 0 0 0 0 0 0 0 0 0 0 0 0 0 0 0 0 0 0 0 0 0 0 0 0 0 0 0 0 0 0 0 0 0 0 0 0 0 0 0 0 0 224 1 0 0 81 72 3 0 1 0 0 0 0 0 0 0 0 0 0 0 0 0 11 0 4 0 1 0 48 0 0 0 255 255 255 255 0 0 0 0 5 0 5 0 0 0 0 0 data 6 0x50005 0x11 0x1a900540 0x68f8 0x0 0x0 oops 1 2 java/util/concurrent/locks/ReentrantLock$NonfairSync
ciMethodData java/util/concurrent/locks/ReentrantLock$Sync tryRelease (I)Z 2 6630 orig 144 152 11 117 105 0 0 0 0 208 2 13 23 0 0 0 0 208 1 0 0 192 0 0 0 0 0 0 0 0 0 0 0 0 0 0 0 0 0 0 0 0 0 0 0 0 0 0 0 0 0 0 0 0 0 0 0 0 0 0 0 0 0 0 0 0 0 0 0 0 0 0 0 0 0 0 0 0 0 0 0 0 0 0 0 0 0 0 0 0 0 0 0 0 0 0 0 227 1 0 0 25 192 0 0 1 0 0 0 0 0 0 0 0 0 0 0 0 0 8 0 4 0 1 0 32 1 0 0 255 255 255 255 0 0 0 0 5 0 1 0 0 0 0 0 data 36 0x10005 0x96 0x1a900540 0x176d 0x0 0x0 0x70002 0x1803 0xb0005 0x96 0x1a900540 0x176d 0x0 0x0 0xe0007 0x1803 0x30 0x0 0x150002 0x0 0x1c0007 0x17 0x50 0x17ec 0x230005 0x96 0x1a900540 0x1756 0x0 0x0 0x280005 0x96 0x1a900540 0x176d 0x0 0x0 oops 4 2 java/util/concurrent/locks/ReentrantLock$NonfairSync 10 java/util/concurrent/locks/ReentrantLock$NonfairSync 26 java/util/concurrent/locks/ReentrantLock$NonfairSync 32 java/util/concurrent/locks/ReentrantLock$NonfairSync
ciMethodData java/util/concurrent/locks/AbstractQueuedSynchronizer setState (I)V 2 7120 orig 144 152 11 117 105 0 0 0 0 112 24 13 23 0 0 0 0 176 0 0 0 0 0 0 0 0 0 0 0 0 0 0 0 0 0 0 0 0 0 0 0 0 0 0 0 0 0 0 0 0 0 0 0 0 0 0 0 0 0 0 0 0 0 0 0 1 0 0 0 0 0 0 0 0 0 0 0 0 0 0 0 1 0 0 0 0 0 0 0 0 0 0 0 0 0 0 0 0 2 0 0 129 206 0 0 1 0 0 0 0 0 0 0 0 0 0 0 0 0 3 0 3 0 0 0 0 0 0 0 255 255 255 255 0 0 0 0 0 0 0 0 0 0 0 0 data 0 oops 0
ciMethodData sun/awt/AWTAutoShutdown isReadyToShutdown ()Z 2 5380 orig 144 152 11 117 105 0 0 0 0 0 77 33 23 0 0 0 0 128 1 0 0 0 0 0 0 0 0 0 0 0 0 0 0 0 0 0 0 0 0 0 0 0 0 0 0 0 0 0 0 0 0 0 0 0 0 0 0 0 0 0 0 0 0 0 0 0 0 0 0 0 0 0 0 0 0 0 0 0 0 0 0 0 0 0 0 0 0 0 0 0 0 0 0 0 0 0 0 1 1 0 0 17 160 0 0 1 0 0 0 0 0 0 0 0 0 0 0 0 0 11 0 4 0 1 0 216 0 0 0 255 255 255 255 0 0 0 0 7 0 4 0 0 0 0 0 data 27 0x40007 0xee 0xd8 0x1314 0xb0005 0x0 0x1e07d7e0 0x1314 0x0 0x0 0x100007 0x1314 0x88 0x0 0x170005 0x0 0x0 0x0 0x0 0x0 0x1c0007 0x0 0x38 0x0 0x200003 0x0 0x18 oops 1 6 java/util/IdentityHashMap
ciMethodData sun/awt/AWTAutoShutdown getInstance ()Lsun/awt/AWTAutoShutdown; 2 19271 orig 144 152 11 117 105 0 0 0 0 240 71 33 23 0 0 0 0 160 0 0 0 0 0 0 0 0 0 0 0 0 0 0 0 0 0 0 0 0 0 0 0 0 0 0 0 0 0 0 0 0 0 0 0 0 0 0 0 0 0 0 0 0 0 0 0 0 0 0 0 0 0 0 0 0 0 0 0 0 0 0 0 0 0 0 0 0 0 0 0 0 0 0 0 0 0 0 0 129 1 0 0 49 78 2 0 1 0 0 0 0 0 0 0 0 0 0 0 0 0 3 0 3 0 0 0 0 0 0 0 255 255 255 255 0 0 0 0 0 0 0 0 0 0 0 0 data 0 oops 0
ciMethodData javax/swing/JComponent getWidth ()I 2 17047 orig 144 152 11 117 105 0 0 0 0 64 53 4 23 0 0 0 0 184 0 0 0 0 0 0 0 0 0 0 0 0 0 0 0 0 0 0 0 0 0 0 0 0 0 0 0 0 0 0 0 0 0 0 0 0 0 0 0 0 0 0 0 0 0 0 0 0 0 0 0 0 0 0 0 0 0 0 0 0 0 0 0 0 0 0 0 0 0 0 0 0 0 0 0 0 0 0 0 10 1 0 0 105 12 2 0 1 0 0 0 0 0 0 0 0 0 0 0 0 0 3 0 4 0 1 0 16 0 0 0 255 255 255 255 0 0 0 0 2 0 1 0 0 0 0 0 data 2 0x10002 0x418d oops 0
ciMethodData javax/swing/JComponent getHeight ()I 2 17782 orig 144 152 11 117 105 0 0 0 0 216 53 4 23 0 0 0 0 184 0 0 0 0 0 0 0 0 0 0 0 0 0 0 0 0 0 0 0 0 0 0 0 0 0 0 0 0 0 0 0 0 0 0 0 0 0 0 0 0 0 0 0 0 0 0 0 0 0 0 0 0 0 0 0 0 0 0 0 0 0 0 0 0 0 0 0 0 0 0 0 0 0 0 0 0 0 0 0 10 1 0 0 97 35 2 0 1 0 0 0 0 0 0 0 0 0 0 0 0 0 3 0 4 0 1 0 16 0 0 0 255 255 255 255 0 0 0 0 2 0 1 0 0 0 0 0 data 2 0x10002 0x446c oops 0
ciMethodData java/awt/Frame getExtendedState ()I 2 3300 orig 144 152 11 117 105 0 0 0 0 72 128 255 22 0 0 0 0 216 0 0 0 0 0 0 0 0 0 0 0 0 0 0 0 0 0 0 0 0 0 0 0 0 0 0 0 0 0 0 0 0 0 0 0 0 0 0 0 0 0 0 0 0 0 0 0 0 0 0 0 0 0 0 0 0 0 0 0 0 0 0 0 0 0 0 0 0 0 0 0 0 0 0 0 0 0 0 0 233 0 0 0 217 95 0 0 1 0 0 0 0 0 0 0 0 0 0 0 0 0 0 0 0 0 1 0 48 0 0 0 255 255 255 255 0 0 0 0 5 0 1 0 0 0 0 0 data 6 0x10005 0x0 0x1e07d520 0xbfb 0x0 0x0 oops 1 2 java/awt/Component
ciMethodData java/util/IdentityHashMap isEmpty ()Z 2 5507 orig 144 152 11 117 105 0 0 0 0 56 182 11 23 0 0 0 0 224 0 0 0 0 0 0 0 0 0 0 0 0 0 0 0 0 0 0 0 0 0 0 0 0 0 0 0 0 0 0 0 0 0 0 0 0 0 0 0 0 0 0 0 0 0 0 0 0 0 0 0 0 0 0 0 0 0 0 0 0 0 0 0 0 0 0 0 0 0 0 0 0 0 0 0 0 0 0 0 128 1 0 0 25 160 0 0 1 0 0 0 0 0 0 0 0 0 0 0 0 0 6 0 4 0 1 0 56 0 0 0 255 255 255 255 0 0 0 0 7 0 4 0 0 0 0 0 data 7 0x40007 0x1308 0x38 0xfb 0x80003 0xfb 0x18 oops 0
ciMethodData java/util/IdentityHashMap maskNull (Ljava/lang/Object;)Ljava/lang/Object; 2 10757 orig 144 152 11 117 105 0 0 0 0 208 176 11 23 0 0 0 0 224 0 0 0 0 0 0 0 0 0 0 0 0 0 0 0 0 0 0 0 0 0 0 0 0 0 0 0 0 0 0 0 0 0 0 0 0 0 0 0 0 0 0 0 0 0 0 0 0 0 0 0 0 0 0 0 0 0 0 0 0 0 0 0 0 0 0 0 0 0 0 0 0 0 0 0 0 0 0 0 0 1 0 0 41 72 1 0 1 0 0 0 0 0 0 0 0 0 0 0 0 0 6 0 3 0 1 0 56 0 0 0 255 255 255 255 0 0 0 0 7 0 1 0 0 0 0 0 data 7 0x10007 0x2905 0x38 0x0 0x70003 0x0 0x18 oops 0
ciMethodData java/util/IdentityHashMap hash (Ljava/lang/Object;I)I 2 10757 orig 144 152 11 117 105 0 0 0 0 216 182 11 23 0 0 0 0 192 0 0 0 0 0 0 0 0 0 0 0 0 0 0 0 0 0 0 0 0 0 0 0 0 0 0 0 0 0 0 0 0 0 0 0 0 0 0 0 0 0 0 0 0 0 0 0 0 0 0 0 0 0 0 0 0 0 0 0 0 0 0 0 0 0 0 0 0 0 0 0 0 0 0 0 0 0 0 0 0 1 0 0 41 72 1 0 1 0 0 0 0 0 0 0 0 0 0 0 0 0 3 0 3 0 1 0 16 0 0 0 255 255 255 255 0 0 0 0 2 0 1 0 0 0 0 0 data 2 0x10002 0x2905 oops 0
ciMethodData java/awt/Toolkit getDefaultToolkit ()Ljava/awt/Toolkit; 2 5377 orig 144 152 11 117 105 0 0 0 0 32 76 6 23 0 0 0 0 56 1 0 0 0 0 0 0 0 0 0 0 0 0 0 0 0 0 0 0 0 0 0 0 0 0 0 0 0 0 0 0 0 0 0 0 0 0 0 0 0 0 0 0 0 0 0 0 0 0 0 0 0 0 0 0 0 0 0 0 0 0 0 0 0 0 0 0 0 0 0 0 0 0 0 0 0 0 0 0 0 1 0 0 9 160 0 0 1 0 0 0 0 0 0 0 0 0 0 0 0 0 8 0 4 0 1 0 152 0 0 0 255 255 255 255 0 0 0 0 7 0 3 0 0 0 0 0 data 19 0x30007 0x1401 0x98 0x0 0x60002 0x0 0xd0002 0x0 0x100002 0x0 0x140002 0x0 0x170002 0x0 0x1a0003 0x0 0x28 0x1e0002 0x0 oops 0
ciMethodData java/security/AccessController getContext ()Ljava/security/AccessControlContext; 2 10835 orig 144 152 11 117 105 0 0 0 0 120 38 221 22 0 0 0 0 16 1 0 0 48 0 0 0 0 0 0 0 0 0 0 0 0 0 0 0 0 0 0 0 0 0 0 0 0 0 0 0 0 0 0 0 0 0 0 0 0 0 0 0 0 0 0 0 0 0 0 0 0 0 0 0 0 0 0 0 0 0 0 0 0 0 0 0 0 0 0 0 0 0 0 0 0 0 0 0 0 1 0 0 153 74 1 0 1 0 0 0 0 0 0 0 0 0 0 0 0 0 5 0 3 0 1 0 112 0 0 0 255 255 255 255 0 0 0 0 2 0 0 0 0 0 0 0 data 14 0x2 0x2953 0x50007 0x2953 0x30 0x0 0xe0002 0x0 0x130005 0x0 0x277f000 0x2953 0x0 0x0 oops 1 10 java/security/AccessControlContext
ciMethodData sun/awt/AWTAccessor getComponentAccessor ()Lsun/awt/AWTAccessor$ComponentAccessor; 2 7752 orig 144 152 11 117 105 0 0 0 0 192 151 6 23 0 0 0 0 240 0 0 0 0 0 0 0 0 0 0 0 0 0 0 0 0 0 0 0 0 0 0 0 0 0 0 0 0 0 0 0 0 0 0 0 0 0 0 0 0 0 0 0 0 0 0 0 0 0 0 0 0 0 0 0 0 0 0 0 0 0 0 0 0 0 0 0 0 0 0 0 0 0 0 0 0 0 0 0 0 1 0 0 65 234 0 0 1 0 0 0 0 0 0 0 0 0 0 0 0 0 6 0 3 0 1 0 80 0 0 0 255 255 255 255 0 0 0 0 7 0 3 0 0 0 0 0 data 10 0x30007 0x1d48 0x50 0x0 0xb0005 0x0 0x0 0x0 0x0 0x0 oops 0
ciMethodData java/awt/GraphicsEnvironment isHeadless ()Z 2 4485 orig 144 152 11 117 105 0 0 0 0 32 38 7 23 0 0 0 0 176 0 0 0 0 0 0 0 0 0 0 0 0 0 0 0 0 0 0 0 0 0 0 0 0 0 0 0 0 0 0 0 0 0 0 0 0 0 0 0 0 0 0 0 0 0 0 0 0 0 0 0 0 0 0 0 0 0 0 0 0 0 0 0 0 0 0 0 0 0 0 0 0 0 0 0 0 0 0 0 1 1 0 0 33 132 0 0 1 0 0 0 0 0 0 0 0 0 0 0 0 0 7 0 3 0 1 0 16 0 0 0 255 255 255 255 0 0 0 0 2 0 0 0 0 0 0 0 data 2 0x2 0x1084 oops 0
ciMethodData java/awt/GraphicsEnvironment getHeadlessProperty ()Z 2 4485 orig 144 152 11 117 105 0 0 0 0 128 39 7 23 0 0 0 0 16 1 0 0 48 0 0 0 0 0 0 0 0 0 0 0 0 0 0 0 0 0 0 0 0 0 0 0 0 0 0 0 0 0 0 0 0 0 0 0 0 0 0 0 0 0 0 0 0 0 0 0 0 0 0 0 0 0 0 0 0 0 0 0 0 0 0 0 0 0 0 0 0 0 0 0 0 0 0 0 1 1 0 0 33 132 0 0 1 0 0 0 0 0 0 0 0 0 0 0 0 0 6 0 3 0 1 0 112 0 0 0 255 255 255 255 0 0 0 0 7 0 3 0 0 0 0 0 data 14 0x30007 0x1084 0x40 0x0 0xa0002 0x0 0xd0002 0x0 0x140005 0x1 0x17722360 0x1083 0x0 0x0 oops 1 10 java/lang/Boolean
ciMethodData java/util/IdentityHashMap get (Ljava/lang/Object;)Ljava/lang/Object; 2 5378 orig 144 152 11 117 105 0 0 0 0 80 184 11 23 0 0 0 0 56 1 0 0 16 0 0 0 0 0 0 0 0 0 0 0 0 0 0 0 0 0 0 0 0 0 0 0 0 0 0 0 0 0 0 0 0 0 0 0 0 0 0 0 0 0 0 0 0 0 0 0 0 0 0 0 0 0 0 0 0 0 0 0 0 0 0 0 0 0 0 0 0 0 0 0 0 0 0 0 1 1 0 0 9 160 0 0 1 0 0 0 0 0 0 0 0 0 0 0 1 0 16 0 4 0 1 0 136 0 0 0 255 255 255 255 0 0 0 0 2 0 1 0 0 0 0 0 data 17 0x10002 0x1401 0x110002 0x1401 0x1f0007 0xe3a 0x20 0x5c7 0x2b0007 0x0 0x20 0xe3a 0x340002 0x0 0x390003 0x0 0xffffffffffffffb0 oops 0
ciMethodData java/awt/EventQueue postEvent (Ljava/awt/AWTEvent;)V 2 3648 orig 144 152 11 117 105 0 0 0 0 40 192 13 23 0 0 0 0 208 0 0 0 0 0 0 0 0 0 0 0 0 0 0 0 0 0 0 0 0 0 0 0 0 0 0 0 0 0 0 0 0 0 0 0 0 0 0 0 0 0 0 0 0 0 0 0 0 0 0 0 0 0 0 0 0 0 0 0 0 0 0 0 0 0 0 0 0 0 0 0 0 0 0 0 0 0 0 0 110 0 0 0 145 110 0 0 1 0 0 0 0 0 0 0 0 0 0 0 0 0 0 0 0 0 1 0 32 0 0 0 255 255 255 255 0 0 0 0 2 0 4 0 0 0 0 0 data 4 0x40002 0xdd2 0x90002 0xdd2 oops 0
ciMethodData sun/awt/SunToolkit flushPendingEvents (Lsun/awt/AppContext;)V 2 10723 orig 144 152 11 117 105 0 0 0 0 24 136 12 23 0 0 0 0 88 1 0 0 0 0 0 0 0 0 0 0 0 0 0 0 0 0 0 0 0 0 0 0 0 0 0 0 0 0 0 0 0 0 0 0 0 0 0 0 0 0 0 0 0 0 0 0 0 0 0 0 0 0 0 0 0 0 0 0 0 0 0 0 0 0 0 0 0 0 0 0 0 0 0 0 0 0 0 0 4 1 0 0 249 70 1 0 1 0 0 0 0 0 0 0 0 0 0 0 0 0 6 0 3 0 1 0 176 0 0 0 255 255 255 255 0 0 0 0 5 0 3 0 0 0 0 0 data 22 0x30005 0x0 0x1e083030 0x28df 0x0 0x0 0x60004 0x0 0x1a8b2070 0x28df 0x0 0x0 0xb0007 0x0 0x50 0x28df 0xf0005 0x0 0x1a8b2070 0x28df 0x0 0x0 oops 3 2 sun/awt/AppContext 8 sun/awt/PostEventQueue 18 sun/awt/PostEventQueue
ciMethodData java/awt/EventQueue postEventPrivate (Ljava/awt/AWTEvent;)V 2 3648 orig 144 152 11 117 105 0 0 0 0 80 193 13 23 0 0 0 0 184 2 0 0 16 1 0 0 0 0 0 0 0 0 0 0 0 0 0 0 0 0 0 0 0 0 0 0 0 0 0 0 0 0 0 0 0 0 0 0 0 0 0 0 0 0 0 0 0 0 0 0 0 0 0 0 0 0 0 0 0 0 0 0 0 0 0 0 0 0 0 0 0 0 0 0 0 0 0 0 110 0 0 0 145 110 0 0 1 0 0 0 0 0 0 0 0 0 0 0 0 0 15 0 3 0 1 0 8 2 0 0 255 255 255 255 0 0 0 0 5 0 9 0 0 0 0 0 data 65 0x90005 0x0 0x1a8fca30 0xdd2 0x0 0x0 0x120007 0xdd2 0x60 0x0 0x1a0002 0x0 0x210005 0x0 0x0 0x0 0x0 0x0 0x2b0007 0xdd2 0xe0 0x0 0x2f0005 0x0 0x0 0x0 0x0 0x0 0x320002 0x0 0x350007 0x0 0x50 0x0 0x3c0005 0x0 0x0 0x0 0x0 0x0 0x430005 0x0 0x0 0x0 0x0 0x0 0x490002 0xdd2 0x4c0002 0xdd2 0x530005 0x0 0x1a8fca30 0xdd2 0x0 0x0 0x580003 0xdd2 0x48 0x600005 0x0 0x0 0x0 0x0 0x0 oops 2 2 java/util/concurrent/locks/ReentrantLock 52 java/util/concurrent/locks/ReentrantLock
ciMethodData java/awt/EventQueue eventToCacheIndex (Ljava/awt/AWTEvent;)I 2 5376 orig 144 152 11 117 105 0 0 0 0 72 203 13 23 0 0 0 0 8 2 0 0 224 0 0 0 0 0 0 0 0 0 0 0 0 0 0 0 0 0 0 0 0 0 0 0 0 0 0 0 0 0 0 0 0 0 0 0 0 0 0 0 0 0 0 0 0 0 0 0 0 0 0 0 0 0 0 0 0 0 0 0 0 0 0 0 0 0 0 0 0 0 0 0 0 0 0 0 0 1 0 0 1 160 0 0 1 0 0 0 0 0 0 0 0 0 0 0 0 0 14 0 4 0 1 0 96 1 0 0 255 255 255 255 0 0 0 0 5 0 1 0 0 0 0 0 data 44 0x10005 0x0 0x1f9d9fb0 0x1400 0x0 0x0 0x40008 0xa 0x0 0xc8 0x0 0x60 0x0 0x60 0x0 0x60 0x0 0x60 0x370004 0xfffffffffffffffd 0x0 0x0 0x0 0x0 0x3a0007 0x3 0x38 0x0 0x3e0003 0x0 0x18 0x440004 0xffffffffffffed44 0x0 0x0 0x0 0x0 0x470007 0x12bc 0x38 0x0 0x4b0003 0x0 0x18 oops 1 2 java/awt/AWTEvent
ciMethodData java/awt/Component isVisible ()Z 2 19851 orig 144 152 11 117 105 0 0 0 0 136 166 1 23 0 0 0 0 216 0 0 0 0 0 0 0 0 0 0 0 0 0 0 0 0 0 0 0 0 0 0 0 0 0 0 0 0 0 0 0 0 0 0 0 0 0 0 0 0 0 0 0 0 0 0 0 0 0 0 0 0 0 0 0 0 0 0 0 0 0 0 0 0 0 0 0 0 0 0 0 0 0 0 0 0 0 0 0 4 1 0 0 57 100 2 0 1 0 0 0 0 0 0 0 0 0 0 0 0 0 3 0 3 0 1 0 48 0 0 0 255 255 255 255 0 0 0 0 5 0 1 0 0 0 0 0 data 6 0x10005 0x2647 0x1e07d470 0xcc0 0x1e07d730 0x1980 oops 2 2 City/Screen 4 javax/swing/JPanel
ciMethodData java/util/EventObject <init> (Ljava/lang/Object;)V 2 3804 orig 144 152 11 117 105 0 0 0 0 88 144 7 23 0 0 0 0 240 0 0 0 0 0 0 0 0 0 0 0 0 0 0 0 0 0 0 0 0 0 0 0 0 0 0 0 0 0 0 0 0 0 0 0 0 0 0 0 0 0 0 0 0 0 0 0 0 0 0 0 0 0 0 0 0 0 0 0 0 0 0 0 0 0 0 0 0 0 0 0 0 0 0 0 0 0 0 0 0 1 0 0 225 110 0 0 1 0 0 0 0 0 0 0 0 0 0 0 0 0 5 0 3 0 1 0 64 0 0 0 255 255 255 255 0 0 0 0 2 0 1 0 0 0 0 0 data 8 0x10002 0xddc 0x50007 0xddc 0x30 0x0 0xe0002 0x0 oops 0
ciMethodData java/util/concurrent/locks/AbstractQueuedSynchronizer compareAndSetWaitStatus (Ljava/util/concurrent/locks/AbstractQueuedSynchronizer$Node;II)Z 2 7568 orig 144 152 11 117 105 0 0 0 0 152 66 13 23 0 0 0 0 232 0 0 0 0 0 0 0 0 0 0 0 0 0 0 0 0 0 0 0 0 0 0 0 0 0 0 0 0 0 0 0 0 0 0 0 0 0 0 0 0 0 0 0 0 0 0 0 17 0 0 0 0 0 0 0 0 0 0 0 0 0 0 0 0 0 0 0 0 0 0 0 0 0 0 0 0 0 0 0 1 1 0 0 121 228 0 0 1 0 0 0 0 0 0 0 0 0 0 0 0 0 3 0 3 0 0 0 48 0 0 0 255 255 255 255 0 0 0 0 5 0 9 0 0 0 0 0 data 6 0x90005 0x0 0x0 0x0 0x0 0x0 oops 0
ciMethodData sun/awt/SunToolkit targetToAppContext (Ljava/lang/Object;)Lsun/awt/AppContext; 2 3999 orig 144 152 11 117 105 0 0 0 0 232 129 12 23 0 0 0 0 136 1 0 0 48 0 0 0 0 0 0 0 0 0 0 0 0 0 0 0 0 0 0 0 0 0 0 0 0 0 0 0 0 0 0 0 0 0 0 0 0 0 0 0 0 0 0 0 0 0 0 0 0 0 0 0 0 0 0 0 0 0 0 0 0 0 0 0 0 0 0 0 0 0 0 0 0 0 0 0 1 1 0 0 241 116 0 0 1 0 0 0 0 0 0 0 0 0 0 0 0 0 21 0 3 0 1 0 224 0 0 0 255 255 255 255 0 0 0 0 7 0 1 0 0 0 0 0 data 28 0x10007 0x0 0x50 0xe9e 0x40002 0xe9e 0x70007 0xe9e 0x20 0x0 0xd0002 0xe9e 0x120007 0xe1b 0x80 0x83 0x190005 0x0 0x1e25aa30 0x83 0x0 0x0 0x1e0104 0x0 0x0 0x0 0x0 0x0 oops 1 18 java/util/Collections$SynchronizedMap
ciMethodData sun/awt/SunToolkit getAppContext (Ljava/lang/Object;)Lsun/awt/AppContext; 2 4001 orig 144 152 11 117 105 0 0 0 0 48 129 12 23 0 0 0 0 40 2 0 0 144 0 0 0 0 0 0 0 0 0 0 0 0 0 0 0 0 0 0 0 0 0 0 0 0 0 0 0 0 0 0 0 0 0 0 0 0 0 0 0 0 0 0 0 0 0 0 0 0 0 0 0 0 0 0 0 0 0 0 0 0 0 0 0 0 0 0 0 0 0 0 0 0 0 0 0 1 1 0 0 1 117 0 0 1 0 0 0 0 0 0 0 0 0 0 0 0 0 15 0 3 0 1 0 128 1 0 0 255 255 255 255 0 0 0 0 4 0 1 0 0 0 0 0 data 48 0x10004 0xffffffffffffff7d 0x1e07d470 0xcbe 0x1e07d5d0 0x15f 0x40007 0x83 0x90 0xe1d 0x70002 0xe1d 0xb0004 0x0 0x1e07d470 0xcbe 0x1e07d5d0 0x15f 0xe0005 0x0 0x1a9e9c20 0xe1d 0x0 0x0 0x150004 0xffffffffffffff7d 0x0 0x0 0x0 0x0 0x180007 0x83 0x90 0x0 0x1b0002 0x0 0x1f0004 0x0 0x0 0x0 0x0 0x0 0x220005 0x0 0x0 0x0 0x0 0x0 oops 5 2 City/Screen 4 City/Frame 14 City/Screen 16 City/Frame 20 java/awt/Component$1
ciMethodData java/awt/Component$1 getAppContext (Ljava/awt/Component;)Lsun/awt/AppContext; 2 3825 orig 144 152 11 117 105 0 0 0 0 32 154 10 23 0 0 0 0 176 0 0 0 0 0 0 0 0 0 0 0 0 0 0 0 0 0 0 0 0 0 0 0 0 0 0 0 0 0 0 0 0 0 0 0 0 0 0 0 0 0 0 0 0 0 0 0 0 0 0 0 0 0 0 0 0 0 0 0 0 0 0 0 0 0 0 0 0 0 0 0 0 0 0 0 0 0 0 0 212 0 0 0 233 112 0 0 1 0 0 0 0 0 0 0 0 0 0 0 0 0 0 0 0 0 1 0 0 0 0 0 255 255 255 255 0 0 0 0 0 0 0 0 0 0 0 0 data 0 oops 0
ciMethodData sun/awt/EventQueueItem <init> (Ljava/awt/AWTEvent;)V 2 3988 orig 144 152 11 117 105 0 0 0 0 0 103 53 23 0 0 0 0 192 0 0 0 0 0 0 0 0 0 0 0 0 0 0 0 0 0 0 0 0 0 0 0 0 0 0 0 0 0 0 0 0 0 0 0 0 0 0 0 0 0 0 0 0 0 0 0 0 0 0 0 0 0 0 0 0 0 0 0 0 0 0 0 0 0 0 0 0 0 0 0 0 0 0 0 0 0 0 0 1 1 0 0 153 116 0 0 1 0 0 0 0 0 0 0 0 0 0 0 0 0 3 0 3 0 1 0 16 0 0 0 255 255 255 255 0 0 0 0 2 0 1 0 0 0 0 0 data 2 0x10002 0xe93 oops 0
ciMethodData java/util/concurrent/locks/AbstractQueuedSynchronizer$ConditionObject signalAll ()V 2 3938 orig 144 152 11 117 105 0 0 0 0 112 112 13 23 0 0 0 0 56 1 0 0 80 0 0 0 0 0 0 0 0 0 0 0 0 0 0 0 0 0 0 0 0 0 0 0 0 0 0 0 0 0 0 0 0 0 0 0 0 0 0 0 0 0 0 0 0 0 0 0 0 0 0 0 0 0 0 0 0 0 0 0 0 0 0 0 0 0 0 0 0 0 0 0 0 0 0 0 0 1 0 0 17 115 0 0 1 0 0 0 0 0 0 0 0 0 0 0 0 0 8 0 3 0 1 0 144 0 0 0 255 255 255 255 0 0 0 0 5 0 4 0 0 0 0 0 data 18 0x40005 0x0 0x1a900540 0xe62 0x0 0x0 0x70007 0xe62 0x30 0x0 0xe0002 0x0 0x180007 0x146 0x30 0xd1c 0x1d0002 0xd1c oops 1 2 java/util/concurrent/locks/ReentrantLock$NonfairSync
ciMethodData java/util/concurrent/locks/AbstractQueuedSynchronizer$ConditionObject doSignalAll (Ljava/util/concurrent/locks/AbstractQueuedSynchronizer$Node;)V 2 3434 orig 144 152 11 117 105 0 0 0 0 32 110 13 23 0 0 0 0 0 1 0 0 0 0 0 0 0 0 0 0 0 0 0 0 0 0 0 0 0 0 0 0 0 0 0 0 0 0 0 0 0 0 0 0 0 0 0 0 0 0 0 0 0 0 0 0 0 0 0 0 0 0 0 0 0 0 0 0 0 0 0 0 0 0 0 0 0 0 0 0 0 0 0 0 0 0 0 0 78 0 0 0 225 104 0 0 217 100 0 0 0 0 0 0 0 0 0 0 1 0 6 0 3 0 1 0 80 0 0 0 255 255 255 255 0 0 0 0 5 0 25 0 0 0 0 0 data 10 0x190005 0x81 0x1a900540 0xc9b 0x0 0x0 0x200007 0x0 0xffffffffffffffd0 0xd1c oops 1 2 java/util/concurrent/locks/ReentrantLock$NonfairSync
ciMethodData java/util/concurrent/locks/ReentrantLock$Sync isHeldExclusively ()Z 2 3938 orig 144 152 11 117 105 0 0 0 0 112 3 13 23 0 0 0 0 32 1 0 0 0 0 0 0 0 0 0 0 0 0 0 0 0 0 0 0 0 0 0 0 0 0 0 0 0 0 0 0 0 0 0 0 0 0 0 0 0 0 0 0 0 0 0 0 0 0 0 0 0 0 0 0 0 0 0 0 0 0 0 0 0 0 0 0 0 0 0 0 0 0 0 0 0 0 0 0 0 1 0 0 17 115 0 0 1 0 0 0 0 0 0 0 0 0 0 0 0 0 6 0 3 0 1 0 120 0 0 0 255 255 255 255 0 0 0 0 5 0 1 0 0 0 0 0 data 15 0x10005 0x0 0x1a900540 0xe62 0x0 0x0 0x40002 0xe62 0x70007 0x0 0x38 0xe62 0xb0003 0xe62 0x18 oops 1 2 java/util/concurrent/locks/ReentrantLock$NonfairSync
ciMethodData java/awt/EventQueue getPriority (Ljava/awt/AWTEvent;)I 2 3648 orig 144 152 11 117 105 0 0 0 0 56 194 13 23 0 0 0 0 136 2 0 0 80 1 0 0 0 0 0 0 0 0 0 0 0 0 0 0 0 0 0 0 0 0 0 0 0 0 0 0 0 0 0 0 0 0 0 0 0 0 0 0 0 0 0 0 0 0 0 0 0 0 0 0 0 0 0 0 0 0 0 0 0 0 0 0 0 0 0 0 0 0 0 0 0 0 0 0 238 0 0 0 145 106 0 0 1 0 0 0 0 0 0 0 0 0 0 0 0 0 17 0 3 0 1 0 224 1 0 0 255 255 255 255 0 0 0 0 4 0 1 0 0 0 0 0 data 60 0x10004 0xfffffffffffff2ae 0x1f9d9b10 0x75 0x1984f830 0x9 0x40007 0xd52 0x140 0x0 0x80004 0x0 0x0 0x0 0x0 0x0 0xd0005 0x0 0x0 0x0 0x0 0x0 0x160007 0x0 0x20 0x0 0x1c0005 0x0 0x0 0x0 0x0 0x0 0x230007 0x0 0x20 0x0 0x290005 0x0 0x0 0x0 0x0 0x0 0x320007 0x0 0x20 0x0 0x380005 0x4 0x1f9d9b10 0x75 0x1984f830 0x9 0x400007 0x5b 0x40 0xcf7 0x470007 0xcf7 0x20 0x0 oops 4 2 java/awt/event/InvocationEvent 4 java/awt/event/MouseEvent 48 java/awt/event/InvocationEvent 50 java/awt/event/MouseEvent
ciMethodData java/awt/EventQueue postEvent (Ljava/awt/AWTEvent;I)V 2 3648 orig 144 152 11 117 105 0 0 0 0 136 195 13 23 0 0 0 0 104 3 0 0 64 2 0 0 0 0 0 0 0 0 0 0 0 0 0 0 0 0 0 0 0 0 0 0 0 0 0 0 0 0 0 0 0 0 0 0 0 0 0 0 0 0 0 0 0 0 0 0 0 0 0 0 0 0 0 0 0 0 0 0 0 0 0 0 0 0 0 0 0 0 0 0 0 0 0 0 238 0 0 0 145 106 0 0 1 0 0 0 0 0 0 0 0 0 0 0 1 0 43 0 3 0 1 0 168 2 0 0 255 255 255 255 0 0 0 0 2 0 3 0 0 0 0 0 data 85 0x30002 0xd52 0x60007 0xd52 0x20 0x0 0xf0002 0xd52 0x150002 0xd52 0x190005 0x4 0x1f9d9b10 0x75 0x1984f830 0x9 0x200007 0xd52 0x38 0x0 0x240003 0x0 0x18 0x330007 0x14 0x1a0 0xd3e 0x370002 0xd3e 0x520007 0x0 0x108 0xd3e 0x560005 0x0 0x1f9d9b10 0x6f 0x1984f830 0x8 0x590002 0xd3e 0x5c0007 0x0 0x60 0xd3e 0x5f0002 0xd3e 0x660005 0x77 0x1a8fbcc0 0xcc7 0x0 0x0 0x6d0005 0x0 0x1a9c78e0 0xd3e 0x0 0x0 0x720003 0xd3e 0x68 0x770007 0x0 0x50 0x0 0x7e0005 0x0 0x0 0x0 0x0 0x0 0x830003 0xd3e 0x68 0x9f0007 0x14 0x50 0x0 0xa60005 0x0 0x0 0x0 0x0 0x0 oops 6 12 java/awt/event/InvocationEvent 14 java/awt/event/MouseEvent 35 java/awt/event/InvocationEvent 37 java/awt/event/MouseEvent 49 sun/awt/AWTAutoShutdown 55 java/util/concurrent/locks/AbstractQueuedSynchronizer$ConditionObject
ciMethodData java/awt/AWTEvent <init> (Ljava/lang/Object;I)V 2 3675 orig 144 152 11 117 105 0 0 0 0 88 126 7 23 0 0 0 0 80 1 0 0 32 0 0 0 0 0 0 0 0 0 0 0 0 0 0 0 0 0 0 0 0 0 0 0 0 0 0 0 0 0 0 0 0 0 0 0 0 0 0 0 0 0 0 0 0 0 0 0 0 0 0 0 0 0 0 0 0 0 0 0 0 0 0 0 0 0 0 0 0 0 0 0 0 0 0 0 0 1 0 0 217 106 0 0 1 0 0 0 0 0 0 0 0 0 0 0 0 0 13 0 3 0 1 0 152 0 0 0 255 255 255 255 0 0 0 0 2 0 2 0 0 0 0 0 data 19 0x20002 0xd5b 0xb0002 0xd5b 0x1c0008 0xa 0x0 0x78 0x0 0x60 0x0 0x60 0x0 0x60 0x0 0x60 0x4d0003 0x0 0x18 oops 0
ciMethodData java/awt/EventQueue coalesceEvent (Ljava/awt/AWTEvent;I)Z 2 3648 orig 144 152 11 117 105 0 0 0 0 200 200 13 23 0 0 0 0 200 3 0 0 112 2 0 0 0 0 0 0 0 0 0 0 0 0 0 0 0 0 0 0 0 0 0 0 0 0 0 0 0 0 0 0 0 0 0 0 0 0 0 0 0 0 0 0 0 0 0 0 0 0 0 0 0 0 0 0 0 0 0 0 0 0 0 0 0 0 0 0 0 0 0 0 0 0 0 0 0 1 0 0 1 106 0 0 1 0 0 0 0 0 0 0 0 0 0 0 0 0 16 0 3 0 1 0 16 3 0 0 255 255 255 255 0 0 0 0 5 0 1 0 0 0 0 0 data 98 0x10005 0x0 0x1993e060 0xd40 0x0 0x0 0x40004 0xfffffffffffff31c 0x1e07d5d0 0x5c 0x0 0x0 0x70007 0x5c 0x20 0xce4 0xd0004 0xffffffffffffffa4 0x0 0x0 0x0 0x0 0x100007 0x5c 0x60 0x0 0x150004 0x0 0x0 0x0 0x0 0x0 0x180002 0x0 0x1d0005 0x0 0x1993e060 0x5c 0x0 0x0 0x200004 0x0 0x1e07d5d0 0x5c 0x0 0x0 0x230005 0x0 0x1e07d5d0 0x5c 0x0 0x0 0x260007 0x5c 0x50 0x0 0x2c0002 0x0 0x2f0007 0x0 0x20 0x0 0x350004 0xffffffffffffffa4 0x0 0x0 0x0 0x0 0x380007 0x5c 0x60 0x0 0x3d0004 0x0 0x0 0x0 0x0 0x0 0x400002 0x0 0x450004 0xfffffffffffffffd 0x1984f830 0x59 0x0 0x0 0x480007 0x3 0x60 0x59 0x4d0004 0x0 0x1984f830 0x59 0x0 0x0 0x500002 0x59 oops 7 2 java/util/EventObject 8 City/Frame 36 java/util/EventObject 42 City/Frame 48 City/Frame 82 java/awt/event/MouseEvent 92 java/awt/event/MouseEvent
ciMethodData java/util/concurrent/locks/LockSupport unpark (Ljava/lang/Thread;)V 1 531 orig 144 152 11 117 105 0 0 0 0 216 12 79 23 0 0 0 0 248 0 0 0 0 0 0 0 0 0 0 0 0 0 0 0 0 0 0 0 0 0 0 0 0 0 0 0 0 0 0 0 0 0 0 0 0 0 0 0 0 0 0 0 0 0 0 0 17 0 0 0 0 0 0 0 0 0 0 0 0 0 0 0 0 0 0 0 0 0 0 0 0 0 0 0 0 0 0 0 0 1 0 0 153 8 0 0 1 0 0 0 0 0 0 0 0 0 0 0 0 0 6 0 3 0 1 0 80 0 0 0 255 255 255 255 0 0 0 0 7 0 1 0 0 0 0 0 data 10 0x10007 0x0 0x50 0x113 0x80005 0x0 0x177221b0 0x113 0x0 0x0 oops 1 6 sun/misc/Unsafe
ciMethodData java/util/concurrent/locks/AbstractQueuedSynchronizer compareAndSetTail (Ljava/util/concurrent/locks/AbstractQueuedSynchronizer$Node;Ljava/util/concurrent/locks/AbstractQueuedSynchronizer$Node;)Z 2 3686 orig 144 152 11 117 105 0 0 0 0 248 65 13 23 0 0 0 0 232 0 0 0 0 0 0 0 0 0 0 0 0 0 0 0 0 0 0 0 0 0 0 0 0 0 0 0 0 0 0 0 0 0 0 0 0 0 0 0 0 0 0 0 0 0 0 0 17 0 0 0 0 0 0 0 0 0 0 0 0 0 0 0 0 0 0 0 0 0 0 0 0 0 0 0 0 0 0 0 1 1 0 0 41 107 0 0 1 0 0 0 0 0 0 0 0 0 0 0 0 0 3 0 3 0 0 0 48 0 0 0 255 255 255 255 0 0 0 0 5 0 9 0 0 0 0 0 data 6 0x90005 0x0 0x0 0x0 0x0 0x0 oops 0
ciMethodData java/awt/EventQueue cacheEQItem (Lsun/awt/EventQueueItem;)V 2 3640 orig 144 152 11 117 105 0 0 0 0 152 201 13 23 0 0 0 0 16 2 0 0 16 1 0 0 0 0 0 0 0 0 0 0 0 0 0 0 0 0 0 0 0 0 0 0 0 0 0 0 0 0 0 0 0 0 0 0 0 0 0 0 0 0 0 0 0 0 0 0 0 0 0 0 0 0 0 0 0 0 0 0 0 0 0 0 0 0 0 0 0 0 0 0 0 0 0 0 0 1 0 0 193 105 0 0 1 0 0 0 0 0 0 0 0 0 0 0 0 0 11 0 3 0 1 0 96 1 0 0 255 255 255 255 0 0 0 0 2 0 4 0 0 0 0 0 data 44 0x40002 0xd38 0xa0007 0xce6 0x150 0x52 0x110005 0x0 0x1993e060 0x52 0x0 0x0 0x140004 0x0 0x1e07d5d0 0x52 0x0 0x0 0x170007 0x0 0xd0 0x52 0x1e0005 0x0 0x1993e060 0x52 0x0 0x0 0x210004 0x0 0x1e07d5d0 0x52 0x0 0x0 0x290007 0x52 0x20 0x0 0x3a0004 0x0 0x1a8b5d60 0x52 0x0 0x0 oops 5 8 java/util/EventObject 14 City/Frame 24 java/util/EventObject 30 City/Frame 40 sun/awt/EventQueueItem
ciMethodData javax/swing/RepaintManager extendDirtyRegion (Ljava/awt/Component;IIII)Z 2 5378 orig 144 152 11 117 105 0 0 0 0 88 46 45 23 0 0 0 0 96 1 0 0 0 0 0 0 0 0 0 0 0 0 0 0 0 0 0 0 0 0 0 0 0 0 0 0 0 0 0 0 0 0 0 0 0 0 0 0 0 0 0 0 0 0 0 0 0 0 0 0 0 0 0 0 0 0 0 0 0 0 0 0 0 0 0 0 0 0 0 0 0 0 0 0 0 0 0 0 1 1 0 0 9 160 0 0 1 0 0 0 0 0 0 0 0 0 0 0 0 0 5 0 4 0 1 0 144 0 0 0 255 255 255 255 0 0 0 0 5 0 5 0 0 0 0 0 data 18 0x50005 0x0 0x1e07d7e0 0x1401 0x0 0x0 0xa0104 0x0 0x1e082690 0x5 0x0 0x0 0x110007 0x13fc 0x30 0x5 0x1c0002 0x5 oops 2 2 java/util/IdentityHashMap 8 java/awt/Rectangle
ciMethodData java/awt/EventQueue noEvents ()Z 2 14361 orig 144 152 11 117 105 0 0 0 0 248 203 13 23 0 0 0 0 0 1 0 0 32 0 0 0 0 0 0 0 0 0 0 0 0 0 0 0 0 0 0 0 0 0 0 0 0 0 0 0 0 0 0 0 0 0 0 0 0 0 0 0 0 0 0 0 0 0 0 0 0 0 0 0 0 0 0 0 0 0 0 0 0 0 0 0 0 0 0 0 0 0 0 0 0 0 0 0 245 3 0 0 73 104 0 0 33 161 1 0 0 0 0 0 0 0 0 0 1 0 8 0 3 0 1 0 88 0 0 0 255 255 255 255 0 0 0 0 7 0 4 0 0 0 0 0 data 11 0x40007 0xd09 0x58 0x3424 0x100007 0x3424 0x20 0x0 0x180003 0x3424 0xffffffffffffffc0 oops 0
ciMethodData sun/awt/AWTAutoShutdown notifyThreadBusy (Ljava/lang/Thread;)V 2 3591 orig 144 152 11 117 105 0 0 0 0 56 74 33 23 0 0 0 0 216 1 0 0 248 0 0 0 0 0 0 0 0 0 0 0 0 0 0 0 0 0 0 0 0 0 0 0 0 0 0 0 0 0 0 0 0 0 0 0 0 0 0 0 0 0 0 0 0 0 0 0 0 0 0 0 0 0 0 0 0 0 0 0 0 0 0 0 0 0 0 0 0 0 0 0 0 0 0 0 0 1 0 0 57 104 0 0 1 0 0 0 0 0 0 0 0 0 0 0 0 0 20 0 3 0 1 0 40 1 0 0 255 255 255 255 0 0 0 0 7 0 1 0 0 0 0 0 data 37 0x10007 0xd07 0x20 0x0 0x170007 0xd07 0x48 0x0 0x1b0002 0x0 0x1e0003 0x0 0x78 0x220002 0xd07 0x250007 0xd07 0x50 0x0 0x2c0005 0x0 0x0 0x0 0x0 0x0 0x390005 0x0 0x19959b00 0xd07 0x0 0x0 0x410003 0xd07 0x18 0x4d0003 0xd07 0x18 oops 1 27 java/util/HashSet
ciMethodData java/util/concurrent/locks/AbstractQueuedSynchronizer transferForSignal (Ljava/util/concurrent/locks/AbstractQueuedSynchronizer$Node;)Z 2 3434 orig 144 152 11 117 105 0 0 0 0 144 60 13 23 0 0 0 0 80 1 0 0 112 0 0 0 0 0 0 0 0 0 0 0 0 0 0 0 0 0 0 0 0 0 0 0 0 0 0 0 0 0 0 0 0 0 0 0 0 0 0 0 0 0 0 0 0 0 0 0 0 0 0 0 0 0 0 0 0 0 0 0 0 0 0 0 0 0 0 0 0 0 0 0 0 0 0 0 206 0 0 0 225 100 0 0 1 0 0 0 0 0 0 0 0 0 0 0 0 0 14 0 3 0 1 0 160 0 0 0 255 255 255 255 0 0 0 0 2 0 4 0 0 0 0 0 data 20 0x40002 0xc9c 0x70007 0xc9c 0x20 0x0 0xe0002 0xc9c 0x180007 0x0 0x50 0xc9c 0x1e0002 0xc9c 0x210007 0xc9c 0x30 0x0 0x280002 0x0 oops 0
ciMethodData sun/awt/SunToolkit getSystemEventQueueImplPP (Lsun/awt/AppContext;)Ljava/awt/EventQueue; 2 3499 orig 144 152 11 117 105 0 0 0 0 160 161 12 23 0 0 0 0 8 1 0 0 0 0 0 0 0 0 0 0 0 0 0 0 0 0 0 0 0 0 0 0 0 0 0 0 0 0 0 0 0 0 0 0 0 0 0 0 0 0 0 0 0 0 0 0 0 0 0 0 0 0 0 0 0 0 0 0 0 0 0 0 0 0 0 0 0 0 0 0 0 0 0 0 0 0 0 0 0 1 0 0 89 101 0 0 1 0 0 0 0 0 0 0 0 0 0 0 0 0 3 0 3 0 1 0 96 0 0 0 255 255 255 255 0 0 0 0 5 0 4 0 0 0 0 0 data 12 0x40005 0x0 0x1e083030 0xcab 0x0 0x0 0x70004 0x0 0x1f9d9a40 0xcab 0x0 0x0 oops 2 2 sun/awt/AppContext 8 java/awt/EventQueue
ciMethodData java/awt/event/InvocationEvent <init> (Ljava/lang/Object;Ljava/lang/Runnable;)V 2 3472 orig 144 152 11 117 105 0 0 0 0 200 213 59 23 0 0 0 0 200 0 0 0 0 0 0 0 0 0 0 0 0 0 0 0 0 0 0 0 0 0 0 0 0 0 0 0 0 0 0 0 0 0 0 0 0 0 0 0 0 0 0 0 0 0 0 0 0 0 0 0 0 0 0 0 0 0 0 0 0 0 0 0 0 0 0 0 0 0 0 0 0 0 0 0 0 0 0 0 0 1 0 0 129 100 0 0 1 0 0 0 0 0 0 0 0 0 0 0 0 0 3 0 3 0 1 0 16 0 0 0 255 255 255 255 0 0 0 0 2 0 9 0 0 0 0 0 data 2 0x90002 0xc90 oops 0
ciMethodData java/awt/event/InvocationEvent <init> (Ljava/lang/Object;ILjava/lang/Runnable;Ljava/lang/Object;Ljava/lang/Runnable;Z)V 2 3472 orig 144 152 11 117 105 0 0 0 0 128 216 59 23 0 0 0 0 248 0 0 0 0 0 0 0 0 0 0 0 0 0 0 0 0 0 0 0 0 0 0 0 0 0 0 0 0 0 0 0 0 0 0 0 0 0 0 0 0 0 0 0 0 0 0 0 0 0 0 0 0 0 0 0 0 0 0 0 0 0 0 0 0 0 0 0 0 0 0 0 0 0 0 0 0 0 0 0 0 1 0 0 129 100 0 0 1 0 0 0 0 0 0 0 0 0 0 0 0 0 3 0 3 0 1 0 32 0 0 0 255 255 255 255 0 0 0 0 2 0 3 0 0 0 0 0 data 4 0x30002 0xc90 0x2d0002 0xc90 oops 0
ciMethodData java/util/concurrent/locks/AbstractQueuedSynchronizer enq (Ljava/util/concurrent/locks/AbstractQueuedSynchronizer$Node;)Ljava/util/concurrent/locks/AbstractQueuedSynchronizer$Node; 2 3435 orig 144 152 11 117 105 0 0 0 0 224 25 13 23 0 0 0 0 112 1 0 0 168 0 0 0 0 0 0 0 0 0 0 0 0 0 0 0 0 0 0 0 0 0 0 0 0 0 0 0 0 0 0 0 0 0 0 0 0 0 0 0 0 0 0 0 17 0 0 0 0 0 0 0 0 0 0 0 0 0 0 0 0 0 0 0 0 0 0 0 0 0 0 0 0 0 0 0 0 1 0 0 89 99 0 0 1 0 0 0 0 0 0 0 0 0 0 0 1 0 10 0 3 0 1 0 192 0 0 0 255 255 255 255 0 0 0 0 7 0 6 0 0 0 0 0 data 24 0x60007 0xc6b 0x78 0x0 0xe0002 0x0 0x110002 0x0 0x140007 0x0 0x68 0x0 0x1f0003 0x0 0x48 0x2a0002 0xc6b 0x2d0007 0x0 0x20 0xc6b 0x370003 0x0 0xffffffffffffff58 oops 0
ciMethodData javax/swing/RepaintManager addDirtyRegion0 (Ljava/awt/Container;IIII)V 2 13184 orig 144 152 11 117 105 0 0 0 0 48 40 45 23 0 0 0 0 96 5 0 0 80 4 0 0 0 0 0 0 0 0 0 0 0 0 0 0 0 0 0 0 0 0 0 0 0 0 0 0 0 0 0 0 0 0 0 0 0 0 0 0 0 0 0 0 0 0 0 0 0 0 0 0 0 0 0 0 0 0 0 0 0 0 0 0 0 0 0 0 0 0 0 0 0 0 0 0 148 3 0 0 1 96 0 0 97 127 1 0 0 0 0 0 0 0 0 0 1 0 51 0 3 0 1 0 136 4 0 0 255 255 255 255 0 0 0 0 7 0 2 0 0 0 0 0 data 145 0x20007 0x0 0x60 0xc00 0x70007 0x0 0x40 0xc00 0xb0007 0xc00 0x20 0x0 0x100005 0x0 0x1e07d470 0xc00 0x0 0x0 0x130007 0x0 0x70 0xc00 0x170005 0x0 0x1e07d470 0xc00 0x0 0x0 0x1a0007 0xc00 0x20 0x0 0x260002 0xc00 0x290007 0xbfb 0x20 0x5 0x350007 0x0 0x290 0x3be7 0x3a0005 0x0 0x1e07d520 0x3be7 0x0 0x0 0x3d0007 0x0 0x70 0x3be7 0x420005 0x0 0x1e07d520 0x3be7 0x0 0x0 0x450007 0x3be7 0x20 0x0 0x4b0004 0xffffffffffffd014 0x1e07d5d0 0xbfb 0x0 0x0 0x4e0007 0xbfb 0x70 0x2fec 0x530004 0xffffffffffffd014 0x0 0x0 0x0 0x0 0x560007 0x2fec 0x108 0x0 0x5b0004 0x0 0x1e07d5d0 0xbfb 0x0 0x0 0x5e0007 0x0 0xa0 0xbfb 0x630004 0x0 0x1e07d5d0 0xbfb 0x0 0x0 0x660005 0x0 0x1e07d680 0xbfb 0x0 0x0 0x6c0007 0xbfb 0x20 0x0 0x740003 0xbfb 0x60 0x790005 0x17f6 0x1e07d470 0xbfb 0x1e07d730 0xbfb 0x7e0003 0x2fec 0xfffffffffffffd88 0x830007 0xbfb 0x20 0x0 0x940002 0xbfb 0x970007 0xbfb 0x20 0x0 0xad0002 0xbfb 0xb00005 0x0 0x1e07d7e0 0xbfb 0x0 0x0 0xb90003 0xbfb 0x18 0xc60002 0xbfb 0xc90002 0xbfb oops 11 14 City/Screen 24 City/Screen 44 java/awt/Component 54 java/awt/Component 64 City/Frame 84 City/Frame 94 City/Frame 100 java/awt/Frame 113 City/Screen 115 javax/swing/JPanel 134 java/util/IdentityHashMap
ciMethodData java/util/IdentityHashMap put (Ljava/lang/Object;Ljava/lang/Object;)Ljava/lang/Object; 2 5377 orig 144 152 11 117 105 0 0 0 0 224 187 11 23 0 0 0 0 8 2 0 0 16 0 0 0 0 0 0 0 0 0 0 0 0 0 0 0 0 0 0 0 0 0 0 0 0 0 0 0 0 0 0 0 0 0 0 0 0 0 0 0 0 0 0 0 0 0 0 0 0 0 0 0 0 0 0 0 0 0 0 0 0 0 0 0 0 0 0 0 0 0 0 0 0 0 0 0 0 1 0 0 9 160 0 0 1 0 0 0 0 0 0 0 0 0 0 0 1 0 19 0 4 0 1 0 72 1 0 0 255 255 255 255 0 0 0 0 2 0 1 0 0 0 0 0 data 41 0x10002 0x1401 0x130002 0x1401 0x200007 0x1401 0x98 0x0 0x260007 0x0 0x50 0x0 0x390004 0x0 0x0 0x0 0x0 0x0 0x410002 0x0 0x460003 0x0 0xffffffffffffff80 0x580004 0x0 0x1e07d470 0xa01 0x277f2f0 0xa00 0x600004 0x0 0x1e082690 0xa01 0x17722360 0xa00 0x700007 0x1401 0x30 0x0 0x760002 0x0 oops 4 25 City/Screen 27 java/lang/ClassCastException 31 java/awt/Rectangle 33 java/lang/Boolean
ciMethodData javax/swing/RepaintManager$ProcessingRunnable markPending ()Z 2 3309 orig 144 152 11 117 105 0 0 0 0 184 129 48 23 0 0 0 0 200 0 0 0 0 0 0 0 0 0 0 0 0 0 0 0 0 0 0 0 0 0 0 0 0 0 0 0 0 0 0 0 0 0 0 0 0 0 0 0 0 0 0 0 0 0 0 0 0 0 0 0 0 0 0 0 0 0 0 0 0 0 0 0 0 0 0 0 0 0 0 0 0 0 0 0 0 0 0 0 0 1 0 0 105 95 0 0 1 0 0 0 0 0 0 0 0 0 0 0 0 0 5 0 3 0 1 0 32 0 0 0 255 255 255 255 0 0 0 0 7 0 4 0 0 0 0 0 data 4 0x40007 0x0 0x20 0xbed oops 0
instanceKlass java/lang/Throwable$PrintStreamOrWriter
instanceKlass City/Node
instanceKlass City/Route
instanceKlass java/awt/image/BufferedImageOp
instanceKlass java/text/AttributedString$AttributedStringIterator
instanceKlass java/text/AttributedCharacterIterator
instanceKlass java/text/CharacterIterator
instanceKlass java/text/AttributedString
instanceKlass sun/awt/im/CompositionAreaHandler
instanceKlass java/awt/KeyboardFocusManager$3
instanceKlass sun/font/T2KFontScaler$1
instanceKlass sun/font/FontScaler
instanceKlass sun/font/CMap
instanceKlass sun/font/TrueTypeFont$DirectoryEntry
instanceKlass java/io/RandomAccessFile
instanceKlass java/io/DataOutput
instanceKlass sun/font/TrueTypeFont$1
instanceKlass sun/font/TrueTypeFont$TTDisposerRecord
instanceKlass sun/font/StrikeCache$DisposableStrike
instanceKlass sun/font/FontStrikeDisposer
instanceKlass sun/java2d/Disposer$PollDisposable
instanceKlass sun/font/FontStrikeDesc
instanceKlass sun/java2d/loops/FontInfo
instanceKlass java/awt/image/FilteredImageSource
instanceKlass sun/awt/image/PNGImageDecoder$Chromaticities
instanceKlass sun/nio/ch/IOStatus
instanceKlass java/nio/DirectByteBuffer$Deallocator
instanceKlass sun/nio/ch/Util$BufferCache
instanceKlass sun/nio/ch/Util
instanceKlass sun/nio/ch/NativeThread
instanceKlass java/nio/channels/spi/AbstractInterruptibleChannel$1
instanceKlass java/util/regex/ASCII
instanceKlass City/Navigation
instanceKlass java/util/concurrent/locks/LockSupport
instanceKlass java/awt/AWTEvent$2
instanceKlass sun/util/locale/InternalLocaleBuilder$CaseInsensitiveChar
instanceKlass sun/util/locale/InternalLocaleBuilder
instanceKlass sun/util/locale/StringTokenIterator
instanceKlass sun/util/locale/ParseStatus
instanceKlass sun/awt/im/InputMethodAdapter
instanceKlass java/awt/im/spi/InputMethod
instanceKlass java/awt/im/spi/InputMethodContext
instanceKlass java/awt/im/InputMethodRequests
instanceKlass java/awt/im/InputContext
instanceKlass java/awt/KeyboardFocusManager$LightweightFocusRequest
instanceKlass java/awt/DefaultKeyboardFocusManager$TypeAheadMarker
instanceKlass java/awt/KeyboardFocusManager$HeavyweightFocusRequest
instanceKlass java/awt/AWTEventMulticaster
instanceKlass java/awt/event/TextListener
instanceKlass java/awt/event/AdjustmentListener
instanceKlass java/awt/event/ItemListener
instanceKlass java/awt/event/ActionListener
instanceKlass java/awt/event/WindowStateListener
instanceKlass java/awt/event/WindowFocusListener
instanceKlass java/awt/event/WindowListener
instanceKlass java/awt/event/ContainerListener
instanceKlass sun/awt/SunGraphicsCallback
instanceKlass City/Kyhndlr
instanceKlass sun/java2d/d3d/D3DScreenUpdateManager$$Lambda$8
instanceKlass sun/java2d/pipe/BufferedPaints
instanceKlass java/awt/GridLayout
instanceKlass java/awt/image/ImageFilter
instanceKlass sun/java2d/d3d/D3DSurfaceData$1
instanceKlass sun/java2d/d3d/D3DSurfaceData$1Status
instanceKlass java/awt/Cursor$CursorDisposer
instanceKlass sun/awt/GlobalCursorManager$NativeUpdater
instanceKlass sun/awt/GlobalCursorManager
instanceKlass java/awt/SequencedEvent$1
instanceKlass sun/awt/AWTAccessor$SequencedEventAccessor
instanceKlass javax/swing/RepaintManager$3
instanceKlass java/awt/EventQueue$4
instanceKlass java/awt/SplashScreen
instanceKlass sun/awt/NullComponentPeer
instanceKlass java/awt/peer/LightweightPeer
instanceKlass sun/awt/im/ExecutableInputMethodManager$3
instanceKlass sun/awt/im/InputMethodLocator
instanceKlass sun/awt/windows/WInputMethodDescriptor
instanceKlass java/awt/im/spi/InputMethodDescriptor
instanceKlass sun/awt/im/InputMethodManager
instanceKlass java/lang/StrictMath
instanceKlass java/util/TimSort
instanceKlass sun/java2d/loops/GraphicsPrimitiveMgr$PrimitiveSpec
instanceKlass sun/java2d/loops/RenderLoops
instanceKlass sun/awt/image/BufImgSurfaceData$ICMColorData
instanceKlass sun/awt/FontConfiguration$2
instanceKlass sun/awt/Win32FontManager$2
instanceKlass java/util/TreeMap$Entry
instanceKlass java/lang/ProcessEnvironment$CheckedEntry
instanceKlass java/lang/ProcessEnvironment$CheckedEntrySet$1
instanceKlass java/util/NavigableMap
instanceKlass java/util/SortedMap
instanceKlass java/util/Collections$UnmodifiableMap
instanceKlass java/lang/ProcessEnvironment$EntryComparator
instanceKlass java/lang/ProcessEnvironment$NameComparator
instanceKlass sun/font/SunFontManager$3
instanceKlass sun/font/FontFamily
instanceKlass sun/font/Font2DHandle
instanceKlass sun/font/CompositeFontDescriptor
instanceKlass sun/awt/FontDescriptor
instanceKlass sun/awt/FontConfiguration
instanceKlass sun/font/SunFontManager$FontRegistrationInfo
instanceKlass sun/font/SunFontManager$2
instanceKlass sun/awt/Win32FontManager$1
instanceKlass sun/font/FontManagerFactory$1
instanceKlass sun/font/FontManagerFactory
instanceKlass sun/font/GlyphList
instanceKlass sun/font/StrikeCache$1
instanceKlass sun/font/StrikeCache
instanceKlass sun/font/FontStrike
instanceKlass sun/font/CharToGlyphMapper
instanceKlass sun/font/StrikeMetrics
instanceKlass sun/font/Font2D
instanceKlass sun/font/FontUtilities$1
instanceKlass sun/font/FontUtilities
instanceKlass sun/font/FontManagerNativeLibrary$1
instanceKlass sun/font/FontManagerNativeLibrary
instanceKlass sun/font/SunFontManager$1
instanceKlass sun/font/SunFontManager$T1Filter
instanceKlass sun/font/SunFontManager$TTFilter
instanceKlass java/io/FilenameFilter
instanceKlass sun/font/SunFontManager
instanceKlass sun/font/FontManagerForSGE
instanceKlass sun/font/FontManager
instanceKlass sun/java2d/FontSupport
instanceKlass sun/awt/NativeLibLoader$1
instanceKlass sun/awt/NativeLibLoader
instanceKlass sun/awt/PlatformFont
instanceKlass java/awt/peer/FontPeer
instanceKlass sun/awt/windows/WColor
instanceKlass sun/java2d/StateTrackableDelegate$1
instanceKlass sun/java2d/StateTracker$2
instanceKlass sun/java2d/StateTracker$1
instanceKlass sun/java2d/StateTracker
instanceKlass sun/java2d/SurfaceDataProxy
instanceKlass sun/awt/image/SurfaceManager$FlushableCacheData
instanceKlass sun/java2d/DefaultDisposerRecord
instanceKlass sun/java2d/windows/GDIRenderer
instanceKlass sun/java2d/loops/GraphicsPrimitiveMgr$2
instanceKlass sun/java2d/loops/GraphicsPrimitiveMgr$1
instanceKlass sun/java2d/loops/GeneralRenderer
instanceKlass sun/java2d/loops/CustomComponent
instanceKlass sun/java2d/pipe/ValidatePipe
instanceKlass java/awt/BasicStroke
instanceKlass java/awt/Stroke
instanceKlass java/awt/geom/Path2D
instanceKlass java/awt/AlphaComposite
instanceKlass sun/java2d/loops/XORComposite
instanceKlass java/awt/Composite
instanceKlass java/awt/Graphics
instanceKlass sun/awt/ConstrainableGraphics
instanceKlass sun/java2d/loops/CompositeType
instanceKlass sun/java2d/loops/GraphicsPrimitiveMgr
instanceKlass sun/java2d/d3d/D3DBlitLoops
instanceKlass sun/java2d/loops/GraphicsPrimitive
instanceKlass sun/java2d/loops/ProcessPath$DrawHandler
instanceKlass sun/java2d/pipe/BufferedRenderPipe$AAParallelogramPipe
instanceKlass sun/java2d/pipe/BufferedRenderPipe
instanceKlass sun/java2d/pipe/hw/AccelSurface
instanceKlass sun/java2d/d3d/D3DScreenUpdateManager$$Lambda$7
instanceKlass javax/swing/RepaintManager$1$1
instanceKlass java/util/LinkedList$ListItr
instanceKlass sun/java2d/d3d/D3DScreenUpdateManager$$Lambda$6
instanceKlass java/awt/TrayIcon
instanceKlass java/awt/MenuComponent
instanceKlass java/awt/EventQueue$3
instanceKlass sun/awt/dnd/SunDragSourceContextPeer
instanceKlass java/awt/dnd/peer/DragSourceContextPeer
instanceKlass sun/java2d/ScreenUpdateManager
instanceKlass sun/awt/EventQueueDelegate
instanceKlass java/awt/ModalEventFilter
instanceKlass java/awt/EventDispatchThread$HierarchyEventFilter
instanceKlass java/awt/EventFilter
instanceKlass java/awt/EventDispatchThread$1
instanceKlass java/awt/Conditional
instanceKlass java/awt/EventQueue$5
instanceKlass java/awt/event/InvocationEvent$1
instanceKlass sun/awt/AWTAccessor$InvocationEventAccessor
instanceKlass java/awt/ActiveEvent
instanceKlass javax/swing/RepaintManager$1
instanceKlass sun/awt/windows/WComponentPeer$2
instanceKlass sun/awt/im/InputMethodWindow
instanceKlass sun/awt/ExtendedKeyCodes
instanceKlass sun/awt/RepaintArea
instanceKlass sun/awt/windows/WWindowPeer$GuiDisposedListener
instanceKlass sun/awt/windows/WWindowPeer$ActiveWindowListener
instanceKlass java/awt/peer/CanvasPeer
instanceKlass java/awt/peer/PanelPeer
instanceKlass java/awt/peer/FramePeer
instanceKlass java/awt/peer/WindowPeer
instanceKlass java/awt/peer/ContainerPeer
instanceKlass City/Map
instanceKlass java/nio/channels/Channels
instanceKlass sun/nio/ch/NativeDispatcher
instanceKlass sun/nio/ch/NativeThreadSet
instanceKlass sun/nio/ch/IOUtil$1
instanceKlass sun/nio/ch/IOUtil
instanceKlass java/nio/file/attribute/FileAttribute
instanceKlass java/nio/channels/spi/AbstractInterruptibleChannel
instanceKlass java/nio/channels/InterruptibleChannel
instanceKlass java/nio/channels/ScatteringByteChannel
instanceKlass java/nio/channels/GatheringByteChannel
instanceKlass java/nio/channels/SeekableByteChannel
instanceKlass java/nio/channels/ByteChannel
instanceKlass java/nio/channels/WritableByteChannel
instanceKlass java/nio/channels/ReadableByteChannel
instanceKlass java/nio/channels/Channel
instanceKlass City/Load
instanceKlass java/awt/image/BufferedImage$1
instanceKlass java/awt/image/WritableRenderedImage
instanceKlass java/awt/image/RenderedImage
instanceKlass java/awt/image/SampleModel
instanceKlass java/awt/image/DataBuffer$1
instanceKlass sun/awt/image/SunWritableRaster$DataStealer
instanceKlass java/awt/image/DataBuffer
instanceKlass java/awt/image/Raster
instanceKlass java/util/zip/ZStreamRef
instanceKlass java/util/zip/Inflater
instanceKlass sun/awt/image/ImageDecoder
instanceKlass sun/awt/image/ImageFetcher$1
instanceKlass sun/awt/image/FetcherInfo
instanceKlass sun/awt/image/ImageConsumerQueue
instanceKlass sun/awt/image/ImageWatched$Link
instanceKlass sun/awt/image/ImageWatched
instanceKlass java/awt/image/ImageConsumer
instanceKlass java/awt/MediaEntry
instanceKlass sun/awt/image/NativeLibLoader$1
instanceKlass sun/awt/image/NativeLibLoader
instanceKlass sun/awt/image/InputStreamImageSource
instanceKlass sun/awt/image/ImageFetchable
instanceKlass java/awt/image/ImageProducer
instanceKlass java/awt/MediaTracker
instanceKlass javax/accessibility/AccessibleContext
instanceKlass sun/awt/EventQueueItem
instanceKlass java/awt/event/InputMethodListener
instanceKlass java/awt/event/MouseWheelListener
instanceKlass java/awt/event/MouseMotionListener
instanceKlass java/awt/event/MouseListener
instanceKlass java/awt/event/KeyListener
instanceKlass java/awt/event/HierarchyBoundsListener
instanceKlass java/awt/event/HierarchyListener
instanceKlass java/awt/event/FocusListener
instanceKlass java/awt/event/ComponentListener
instanceKlass java/awt/dnd/DropTarget
instanceKlass java/awt/dnd/DropTargetListener
instanceKlass java/awt/image/BufferStrategy
instanceKlass javax/swing/ImageIcon$2
instanceKlass javax/swing/ImageIcon$1
instanceKlass javax/swing/ImageIcon
instanceKlass javax/swing/Icon
instanceKlass sun/nio/fs/AbstractPath
instanceKlass java/net/URI$Parser
instanceKlass java/net/URI
instanceKlass sun/nio/fs/Util
instanceKlass sun/nio/fs/WindowsPathParser$Result
instanceKlass sun/nio/fs/WindowsPathParser
instanceKlass java/nio/file/FileSystem
instanceKlass java/nio/file/spi/FileSystemProvider
instanceKlass sun/nio/fs/DefaultFileSystemProvider
instanceKlass java/nio/file/FileSystems$DefaultFileSystemHolder$1
instanceKlass java/nio/file/FileSystems$DefaultFileSystemHolder
instanceKlass java/nio/file/FileSystems
instanceKlass java/nio/file/Paths
instanceKlass City/Brain
instanceKlass City/object
instanceKlass javax/swing/ActionMap
instanceKlass java/awt/event/KeyEvent$1
instanceKlass sun/awt/AWTAccessor$KeyEventAccessor
instanceKlass java/awt/VKCollection
instanceKlass javax/swing/InputMap
instanceKlass javax/swing/LayoutComparator
instanceKlass javax/swing/RepaintManager$PaintManager
instanceKlass javax/swing/JRootPane$RootLayout
instanceKlass javax/swing/ArrayTable
instanceKlass com/sun/java/swing/SwingUtilities3
instanceKlass javax/swing/RepaintManager$ProcessingRunnable
instanceKlass sun/swing/SwingLazyValue$1
instanceKlass sun/reflect/misc/Trampoline
instanceKlass sun/misc/IOUtils
instanceKlass sun/net/www/protocol/jar/JarFileFactory
instanceKlass sun/net/www/protocol/jar/URLJarFile$URLJarFileCloseController
instanceKlass sun/util/calendar/CalendarUtils
instanceKlass sun/util/calendar/CalendarDate
instanceKlass java/util/TimeZone$1
instanceKlass java/util/zip/CRC32
instanceKlass java/util/zip/Checksum
instanceKlass sun/util/calendar/ZoneInfoFile$ZoneOffsetTransitionRule
instanceKlass sun/util/calendar/ZoneInfoFile$1
instanceKlass sun/util/calendar/ZoneInfoFile
instanceKlass java/util/TimeZone
instanceKlass java/util/zip/ZipUtils
instanceKlass java/util/zip/ZipEntry
instanceKlass sun/reflect/misc/MethodUtil$1
instanceKlass javax/swing/plaf/ComponentUI
instanceKlass sun/util/ResourceBundleEnumeration
instanceKlass javax/swing/UIManager$2
instanceKlass sun/awt/PaintEventDispatcher
instanceKlass javax/swing/RepaintManager$DisplayChangedHandler
instanceKlass javax/swing/RepaintManager
instanceKlass javax/swing/plaf/metal/OceanTheme$6
instanceKlass javax/swing/plaf/metal/OceanTheme$5
instanceKlass javax/swing/plaf/metal/OceanTheme$4
instanceKlass javax/swing/plaf/metal/OceanTheme$3
instanceKlass javax/swing/plaf/metal/OceanTheme$2
instanceKlass javax/swing/plaf/metal/OceanTheme$1
instanceKlass java/util/EventListenerProxy
instanceKlass sun/swing/SwingUtilities2$AATextInfo
instanceKlass javax/swing/plaf/metal/MetalLookAndFeel$FontActiveValue
instanceKlass javax/swing/plaf/metal/MetalLookAndFeel$MetalLazyValue
instanceKlass javax/swing/UIDefaults$LazyInputMap
instanceKlass javax/swing/plaf/basic/BasicLookAndFeel$2
instanceKlass sun/swing/SwingUtilities2$2
instanceKlass javax/swing/border/AbstractBorder
instanceKlass javax/swing/border/Border
instanceKlass javax/swing/UIDefaults$ActiveValue
instanceKlass sun/swing/SwingLazyValue
instanceKlass javax/swing/UIDefaults$LazyValue
instanceKlass javax/swing/plaf/metal/DefaultMetalTheme$FontDelegate
instanceKlass javax/swing/plaf/UIResource
instanceKlass javax/swing/plaf/metal/MetalTheme
instanceKlass sun/swing/DefaultLookup
instanceKlass javax/swing/LookAndFeel
instanceKlass javax/swing/UIManager$1
instanceKlass javax/swing/UIManager$LAFState
instanceKlass sun/swing/SwingUtilities2$LSBCacheEntry
instanceKlass sun/swing/StringUIClientPropertyKey
instanceKlass sun/swing/UIClientPropertyKey
instanceKlass java/awt/font/FontRenderContext
instanceKlass sun/swing/SwingUtilities2
instanceKlass java/util/IdentityHashMap$IdentityHashMapIterator
instanceKlass java/awt/Toolkit$DesktopPropertyChangeSupport$1
instanceKlass java/util/ComparableTimSort
instanceKlass java/util/Arrays$LegacyMergeSort
instanceKlass sun/awt/SunHints$Value
instanceKlass java/awt/RenderingHints$Key
instanceKlass sun/awt/SunHints
instanceKlass java/awt/RenderingHints
instanceKlass sun/awt/windows/WDesktopProperties$WinPlaySound
instanceKlass java/awt/Color
instanceKlass java/awt/Paint
instanceKlass java/util/concurrent/locks/ReentrantReadWriteLock$WriteLock
instanceKlass java/util/concurrent/locks/ReentrantReadWriteLock$ReadLock
instanceKlass sun/nio/ch/Interruptible
instanceKlass java/util/concurrent/locks/ReentrantReadWriteLock
instanceKlass java/util/concurrent/locks/ReadWriteLock
instanceKlass sun/awt/windows/ThemeReader
instanceKlass sun/awt/windows/WDesktopProperties
instanceKlass sun/awt/OSInfo$1
instanceKlass sun/awt/OSInfo$WindowsVersion
instanceKlass sun/awt/OSInfo
instanceKlass javax/swing/UIManager$LookAndFeelInfo
instanceKlass javax/swing/UIManager
instanceKlass java/awt/FlowLayout
instanceKlass javax/swing/event/EventListenerList
instanceKlass javax/swing/SwingUtilities
instanceKlass javax/swing/SwingConstants
instanceKlass javax/swing/JComponent$1
instanceKlass sun/awt/KeyboardFocusManagerPeerImpl
instanceKlass java/awt/peer/KeyboardFocusManagerPeer
instanceKlass java/awt/FocusTraversalPolicy
instanceKlass java/awt/DefaultKeyboardFocusManager$1
instanceKlass sun/awt/AWTAccessor$DefaultKeyboardFocusManagerAccessor
instanceKlass java/awt/AWTKeyStroke$1
instanceKlass java/awt/AWTKeyStroke
instanceKlass java/awt/KeyboardFocusManager$1
instanceKlass sun/awt/AWTAccessor$KeyboardFocusManagerAccessor
instanceKlass java/awt/KeyboardFocusManager
instanceKlass java/awt/KeyEventPostProcessor
instanceKlass java/awt/KeyEventDispatcher
instanceKlass java/awt/Window$WindowDisposerRecord
instanceKlass java/awt/geom/RectangularShape
instanceKlass java/awt/Shape
instanceKlass java/awt/BorderLayout
instanceKlass java/awt/LayoutManager2
instanceKlass java/awt/GraphicsConfiguration
instanceKlass sun/awt/image/SurfaceManager$ProxiedGraphicsConfig
instanceKlass sun/java2d/pipe/hw/AccelGraphicsConfig
instanceKlass sun/java2d/pipe/hw/BufferedContextProvider
instanceKlass sun/java2d/pipe/BufferedContext
instanceKlass sun/java2d/pipe/hw/ContextCapabilities
instanceKlass sun/java2d/d3d/D3DGraphicsDevice$1
instanceKlass sun/java2d/d3d/D3DGraphicsDevice$1Result
instanceKlass sun/java2d/d3d/D3DRenderQueue$1
instanceKlass sun/java2d/pipe/RenderBuffer
instanceKlass sun/java2d/pipe/RenderQueue
instanceKlass sun/misc/PerfCounter$WindowsClientCounters
instanceKlass java/lang/Shutdown$Lock
instanceKlass java/lang/Shutdown
instanceKlass java/lang/ApplicationShutdownHooks$1
instanceKlass java/lang/ApplicationShutdownHooks
instanceKlass sun/awt/windows/WToolkit$$Lambda$5
instanceKlass sun/awt/windows/WToolkit$$Lambda$4
instanceKlass sun/awt/windows/WToolkit$$Lambda$3
instanceKlass sun/awt/windows/WToolkit$$Lambda$2
instanceKlass sun/awt/AWTAutoShutdown
instanceKlass sun/misc/ThreadGroupUtils
instanceKlass java/lang/invoke/InnerClassLambdaMetafactory$1
instanceKlass sun/java2d/Disposer$$Lambda$1
instanceKlass java/lang/invoke/InfoFromMemberName
instanceKlass java/lang/invoke/MethodHandleInfo
instanceKlass sun/security/util/SecurityConstants
instanceKlass java/security/AccessController$1
instanceKlass java/lang/invoke/AbstractValidatingLambdaMetafactory
instanceKlass jdk/internal/org/objectweb/asm/FieldVisitor
instanceKlass java/lang/invoke/InvokerBytecodeGenerator$CpPatch
instanceKlass java/lang/invoke/BoundMethodHandle$Factory
instanceKlass java/lang/invoke/BoundMethodHandle$SpeciesData
instanceKlass java/lang/ClassValue$Version
instanceKlass java/lang/ClassValue$Identity
instanceKlass java/lang/ClassValue
instanceKlass java/util/EnumMap$1
instanceKlass sun/invoke/util/ValueConversions$1
instanceKlass sun/invoke/empty/Empty
instanceKlass sun/invoke/util/VerifyType
instanceKlass jdk/internal/org/objectweb/asm/AnnotationVisitor
instanceKlass jdk/internal/org/objectweb/asm/Frame
instanceKlass jdk/internal/org/objectweb/asm/Label
instanceKlass jdk/internal/org/objectweb/asm/Type
instanceKlass jdk/internal/org/objectweb/asm/MethodVisitor
instanceKlass jdk/internal/org/objectweb/asm/Item
instanceKlass jdk/internal/org/objectweb/asm/ByteVector
instanceKlass jdk/internal/org/objectweb/asm/ClassVisitor
instanceKlass java/lang/invoke/InvokerBytecodeGenerator
instanceKlass java/lang/invoke/DirectMethodHandle$Lazy
instanceKlass sun/invoke/util/BytecodeDescriptor
instanceKlass java/util/AbstractList$Itr
instanceKlass java/util/SubList$1
instanceKlass java/util/ListIterator
instanceKlass java/lang/invoke/LambdaForm$Name
instanceKlass sun/invoke/util/ValueConversions
instanceKlass java/lang/Long$LongCache
instanceKlass java/lang/Character$CharacterCache
instanceKlass java/lang/Short$ShortCache
instanceKlass sun/invoke/util/Wrapper$Format
instanceKlass sun/invoke/util/VerifyAccess
instanceKlass java/lang/Byte$ByteCache
instanceKlass java/lang/invoke/MethodHandles
instanceKlass java/lang/invoke/MethodHandles$Lookup
instanceKlass java/lang/invoke/LambdaMetafactory
instanceKlass sun/java2d/Disposer$1
instanceKlass sun/java2d/Disposer
instanceKlass sun/awt/windows/WToolkit$ToolkitDisposer
instanceKlass sun/java2d/DisposerRecord
instanceKlass sun/misc/PerformanceLogger$TimeData
instanceKlass sun/misc/PerformanceLogger
instanceKlass sun/awt/SunToolkit$ModalityListenerList
instanceKlass sun/awt/ModalityListener
instanceKlass java/beans/PropertyChangeListener
instanceKlass java/beans/ChangeListenerMap
instanceKlass java/beans/PropertyChangeSupport
instanceKlass java/awt/Toolkit$2
instanceKlass java/awt/GraphicsDevice
instanceKlass sun/misc/FloatingDecimal$ASCIIToBinaryBuffer
instanceKlass sun/misc/FloatingDecimal$PreparedASCIIToBinaryBuffer
instanceKlass sun/misc/FloatingDecimal$ASCIIToBinaryConverter
instanceKlass sun/misc/FloatingDecimal$BinaryToASCIIBuffer
instanceKlass sun/misc/FloatingDecimal$ExceptionalBinaryToASCIIBuffer
instanceKlass sun/misc/FloatingDecimal$BinaryToASCIIConverter
instanceKlass sun/misc/FloatingDecimal
instanceKlass sun/java2d/SunGraphicsEnvironment$1
instanceKlass sun/awt/SunDisplayChanger
instanceKlass sun/java2d/SurfaceManagerFactory
instanceKlass sun/java2d/windows/WindowsFlags$1
instanceKlass sun/java2d/windows/WindowsFlags
instanceKlass sun/awt/windows/WToolkit$2
instanceKlass sun/awt/image/SurfaceManager
